{"event": "init file logger", "level": "info", "timestamp": "2025-04-07T17:14:12.836011Z"}
{"module": "Microphone Module", "event": "init", "level": "info", "timestamp": "2025-04-07T17:14:17.876019Z"}
{"module": "Whipser ASR Module", "event": "init", "level": "info", "timestamp": "2025-04-07T17:14:18.188264Z"}
{"module": "Debug Module", "event": "init", "level": "info", "timestamp": "2025-04-07T17:14:19.245638Z"}
{"module": "Microphone Module", "event": "setup", "level": "info", "timestamp": "2025-04-07T17:14:19.245638Z"}
{"module": "Microphone Module", "event": "prepare_run", "level": "info", "timestamp": "2025-04-07T17:14:24.336928Z"}
{"module": "Whipser ASR Module", "event": "setup", "level": "info", "timestamp": "2025-04-07T17:14:24.336928Z"}
{"module": "Debug Module", "event": "setup", "level": "info", "timestamp": "2025-04-07T17:14:29.349094Z"}
{"module": "Microphone Module", "iuid": "127730335112:0", "previous_iu": null, "grounded_in": null, "event": "create_iu", "level": "info", "timestamp": "2025-04-07T17:14:29.394659Z"}
{"module": "Debug Module", "event": "prepare_run", "level": "info", "timestamp": "2025-04-07T17:14:34.351501Z"}
{"module": "Microphone Module", "first_iuid": "127730335112:0", "first_iu_created_at": "2025-04-07T11:14:29.394659", "last_iuid": "127730335112:0", "last_iu_created_at": "2025-04-07T11:14:29.394659", "event": "append UM", "level": "info", "timestamp": "2025-04-07T17:14:34.399452Z"}
{"module": "Whipser ASR Module", "event": "process_update", "level": "info", "timestamp": "2025-04-07T17:14:34.399452Z"}
{"module": "Microphone Module", "iuid": "127730335112:1", "previous_iu": "127730335112:0", "grounded_in": null, "event": "create_iu", "level": "info", "timestamp": "2025-04-07T17:14:39.413136Z"}
{"module": "Microphone Module", "first_iuid": "127730335112:1", "first_iu_created_at": "2025-04-07T11:14:39.413136", "last_iuid": "127730335112:1", "last_iu_created_at": "2025-04-07T11:14:39.413136", "first_previous_iu_created_at": "2025-04-07T11:14:29.394659", "last_previous_iu_created_at": "2025-04-07T11:14:29.394659", "event": "append UM", "level": "info", "timestamp": "2025-04-07T17:14:44.422440Z"}
{"module": "Whipser ASR Module", "event": "process_update", "level": "info", "timestamp": "2025-04-07T17:14:44.422440Z"}
{"module": "Microphone Module", "iuid": "127730335112:2", "previous_iu": "127730335112:1", "grounded_in": null, "event": "create_iu", "level": "info", "timestamp": "2025-04-07T17:14:49.436877Z"}
{"module": "Microphone Module", "first_iuid": "127730335112:2", "first_iu_created_at": "2025-04-07T11:14:49.436877", "last_iuid": "127730335112:2", "last_iu_created_at": "2025-04-07T11:14:49.436877", "first_previous_iu_created_at": "2025-04-07T11:14:39.413136", "last_previous_iu_created_at": "2025-04-07T11:14:39.413136", "event": "append UM", "level": "info", "timestamp": "2025-04-07T17:14:54.450575Z"}
{"module": "Whipser ASR Module", "event": "process_update", "level": "info", "timestamp": "2025-04-07T17:14:54.450575Z"}
{"module": "Microphone Module", "iuid": "127730335112:3", "previous_iu": "127730335112:2", "grounded_in": null, "event": "create_iu", "level": "info", "timestamp": "2025-04-07T17:14:59.454784Z"}
{"module": "Microphone Module", "first_iuid": "127730335112:3", "first_iu_created_at": "2025-04-07T11:14:59.454784", "last_iuid": "127730335112:3", "last_iu_created_at": "2025-04-07T11:14:59.454784", "first_previous_iu_created_at": "2025-04-07T11:14:49.436877", "last_previous_iu_created_at": "2025-04-07T11:14:49.436877", "event": "append UM", "level": "info", "timestamp": "2025-04-07T17:15:04.458092Z"}
{"module": "Whipser ASR Module", "event": "process_update", "level": "info", "timestamp": "2025-04-07T17:15:04.458092Z"}
{"module": "Microphone Module", "iuid": "127730335112:4", "previous_iu": "127730335112:3", "grounded_in": null, "event": "create_iu", "level": "info", "timestamp": "2025-04-07T17:15:09.464760Z"}
{"module": "Microphone Module", "first_iuid": "127730335112:4", "first_iu_created_at": "2025-04-07T11:15:09.464760", "last_iuid": "127730335112:4", "last_iu_created_at": "2025-04-07T11:15:09.464760", "first_previous_iu_created_at": "2025-04-07T11:14:59.454784", "last_previous_iu_created_at": "2025-04-07T11:14:59.454784", "event": "append UM", "level": "info", "timestamp": "2025-04-07T17:15:14.471063Z"}
{"module": "Whipser ASR Module", "event": "process_update", "level": "info", "timestamp": "2025-04-07T17:15:14.471063Z"}
{"module": "Microphone Module", "iuid": "127730335112:5", "previous_iu": "127730335112:4", "grounded_in": null, "event": "create_iu", "level": "info", "timestamp": "2025-04-07T17:15:19.476824Z"}
{"module": "Microphone Module", "first_iuid": "127730335112:5", "first_iu_created_at": "2025-04-07T11:15:19.476824", "last_iuid": "127730335112:5", "last_iu_created_at": "2025-04-07T11:15:19.476824", "first_previous_iu_created_at": "2025-04-07T11:15:09.464760", "last_previous_iu_created_at": "2025-04-07T11:15:09.464760", "event": "append UM", "level": "info", "timestamp": "2025-04-07T17:15:24.483929Z"}
{"module": "Whipser ASR Module", "event": "process_update", "level": "info", "timestamp": "2025-04-07T17:15:24.483929Z"}
{"module": "Microphone Module", "iuid": "127730335112:6", "previous_iu": "127730335112:5", "grounded_in": null, "event": "create_iu", "level": "info", "timestamp": "2025-04-07T17:15:29.491225Z"}
{"module": "Microphone Module", "first_iuid": "127730335112:6", "first_iu_created_at": "2025-04-07T11:15:29.491225", "last_iuid": "127730335112:6", "last_iu_created_at": "2025-04-07T11:15:29.491225", "first_previous_iu_created_at": "2025-04-07T11:15:19.476824", "last_previous_iu_created_at": "2025-04-07T11:15:19.476824", "event": "append UM", "level": "info", "timestamp": "2025-04-07T17:15:34.499072Z"}
{"module": "Whipser ASR Module", "event": "process_update", "level": "info", "timestamp": "2025-04-07T17:15:34.499072Z"}
{"module": "Microphone Module", "iuid": "127730335112:7", "previous_iu": "127730335112:6", "grounded_in": null, "event": "create_iu", "level": "info", "timestamp": "2025-04-07T17:15:39.499922Z"}
{"module": "Microphone Module", "first_iuid": "127730335112:7", "first_iu_created_at": "2025-04-07T11:15:39.499922", "last_iuid": "127730335112:7", "last_iu_created_at": "2025-04-07T11:15:39.499922", "first_previous_iu_created_at": "2025-04-07T11:15:29.491225", "last_previous_iu_created_at": "2025-04-07T11:15:29.491225", "event": "append UM", "level": "info", "timestamp": "2025-04-07T17:15:44.507219Z"}
{"module": "Whipser ASR Module", "event": "process_update", "level": "info", "timestamp": "2025-04-07T17:15:44.508206Z"}
{"module": "Microphone Module", "iuid": "127730335112:8", "previous_iu": "127730335112:7", "grounded_in": null, "event": "create_iu", "level": "info", "timestamp": "2025-04-07T17:15:49.512719Z"}
{"module": "Microphone Module", "first_iuid": "127730335112:8", "first_iu_created_at": "2025-04-07T11:15:49.512719", "last_iuid": "127730335112:8", "last_iu_created_at": "2025-04-07T11:15:49.512719", "first_previous_iu_created_at": "2025-04-07T11:15:39.499922", "last_previous_iu_created_at": "2025-04-07T11:15:39.499922", "event": "append UM", "level": "info", "timestamp": "2025-04-07T17:15:54.515942Z"}
{"module": "Whipser ASR Module", "event": "process_update", "level": "info", "timestamp": "2025-04-07T17:15:54.515942Z"}
{"module": "Microphone Module", "iuid": "127730335112:9", "previous_iu": "127730335112:8", "grounded_in": null, "event": "create_iu", "level": "info", "timestamp": "2025-04-07T17:15:59.530934Z"}
{"module": "Microphone Module", "first_iuid": "127730335112:9", "first_iu_created_at": "2025-04-07T11:15:59.530934", "last_iuid": "127730335112:9", "last_iu_created_at": "2025-04-07T11:15:59.530934", "first_previous_iu_created_at": "2025-04-07T11:15:49.512719", "last_previous_iu_created_at": "2025-04-07T11:15:49.512719", "event": "append UM", "level": "info", "timestamp": "2025-04-07T17:16:04.532602Z"}
{"module": "Whipser ASR Module", "event": "process_update", "level": "info", "timestamp": "2025-04-07T17:16:04.533558Z"}
{"module": "Microphone Module", "iuid": "127730335112:10", "previous_iu": "127730335112:9", "grounded_in": null, "event": "create_iu", "level": "info", "timestamp": "2025-04-07T17:16:09.548329Z"}
{"module": "Microphone Module", "first_iuid": "127730335112:10", "first_iu_created_at": "2025-04-07T11:16:09.548329", "last_iuid": "127730335112:10", "last_iu_created_at": "2025-04-07T11:16:09.548329", "first_previous_iu_created_at": "2025-04-07T11:15:59.530934", "last_previous_iu_created_at": "2025-04-07T11:15:59.530934", "event": "append UM", "level": "info", "timestamp": "2025-04-07T17:16:14.557323Z"}
{"module": "Whipser ASR Module", "event": "process_update", "level": "info", "timestamp": "2025-04-07T17:16:14.558370Z"}
{"module": "Microphone Module", "iuid": "127730335112:11", "previous_iu": "127730335112:10", "grounded_in": null, "event": "create_iu", "level": "info", "timestamp": "2025-04-07T17:16:19.558440Z"}
{"module": "Microphone Module", "first_iuid": "127730335112:11", "first_iu_created_at": "2025-04-07T11:16:19.558440", "last_iuid": "127730335112:11", "last_iu_created_at": "2025-04-07T11:16:19.558440", "first_previous_iu_created_at": "2025-04-07T11:16:09.548329", "last_previous_iu_created_at": "2025-04-07T11:16:09.548329", "event": "append UM", "level": "info", "timestamp": "2025-04-07T17:16:24.568331Z"}
{"module": "Whipser ASR Module", "event": "process_update", "level": "info", "timestamp": "2025-04-07T17:16:24.568331Z"}
{"module": "Microphone Module", "iuid": "127730335112:12", "previous_iu": "127730335112:11", "grounded_in": null, "event": "create_iu", "level": "info", "timestamp": "2025-04-07T17:16:29.572280Z"}
{"module": "Microphone Module", "first_iuid": "127730335112:12", "first_iu_created_at": "2025-04-07T11:16:29.572280", "last_iuid": "127730335112:12", "last_iu_created_at": "2025-04-07T11:16:29.572280", "first_previous_iu_created_at": "2025-04-07T11:16:19.558440", "last_previous_iu_created_at": "2025-04-07T11:16:19.558440", "event": "append UM", "level": "info", "timestamp": "2025-04-07T17:16:34.583667Z"}
{"module": "Whipser ASR Module", "event": "process_update", "level": "info", "timestamp": "2025-04-07T17:16:34.584587Z"}
{"module": "Microphone Module", "iuid": "127730335112:13", "previous_iu": "127730335112:12", "grounded_in": null, "event": "create_iu", "level": "info", "timestamp": "2025-04-07T17:16:39.592477Z"}
{"module": "Microphone Module", "first_iuid": "127730335112:13", "first_iu_created_at": "2025-04-07T11:16:39.591461", "last_iuid": "127730335112:13", "last_iu_created_at": "2025-04-07T11:16:39.591461", "first_previous_iu_created_at": "2025-04-07T11:16:29.572280", "last_previous_iu_created_at": "2025-04-07T11:16:29.572280", "event": "append UM", "level": "info", "timestamp": "2025-04-07T17:16:44.609043Z"}
{"module": "Whipser ASR Module", "event": "process_update", "level": "info", "timestamp": "2025-04-07T17:16:44.609043Z"}
{"module": "Microphone Module", "iuid": "127730335112:14", "previous_iu": "127730335112:13", "grounded_in": null, "event": "create_iu", "level": "info", "timestamp": "2025-04-07T17:16:49.624818Z"}
{"module": "Microphone Module", "first_iuid": "127730335112:14", "first_iu_created_at": "2025-04-07T11:16:49.624818", "last_iuid": "127730335112:14", "last_iu_created_at": "2025-04-07T11:16:49.624818", "first_previous_iu_created_at": "2025-04-07T11:16:39.591461", "last_previous_iu_created_at": "2025-04-07T11:16:39.591461", "event": "append UM", "level": "info", "timestamp": "2025-04-07T17:16:54.632540Z"}
{"module": "Whipser ASR Module", "event": "process_update", "level": "info", "timestamp": "2025-04-07T17:16:54.632540Z"}
{"module": "Microphone Module", "iuid": "127730335112:15", "previous_iu": "127730335112:14", "grounded_in": null, "event": "create_iu", "level": "info", "timestamp": "2025-04-07T17:16:59.649674Z"}
{"module": "Microphone Module", "first_iuid": "127730335112:15", "first_iu_created_at": "2025-04-07T11:16:59.649674", "last_iuid": "127730335112:15", "last_iu_created_at": "2025-04-07T11:16:59.649674", "first_previous_iu_created_at": "2025-04-07T11:16:49.624818", "last_previous_iu_created_at": "2025-04-07T11:16:49.624818", "event": "append UM", "level": "info", "timestamp": "2025-04-07T17:17:04.653598Z"}
{"module": "Whipser ASR Module", "event": "process_update", "level": "info", "timestamp": "2025-04-07T17:17:04.653598Z"}
{"module": "Microphone Module", "iuid": "127730335112:16", "previous_iu": "127730335112:15", "grounded_in": null, "event": "create_iu", "level": "info", "timestamp": "2025-04-07T17:17:09.663214Z"}
{"module": "Microphone Module", "first_iuid": "127730335112:16", "first_iu_created_at": "2025-04-07T11:17:09.663214", "last_iuid": "127730335112:16", "last_iu_created_at": "2025-04-07T11:17:09.663214", "first_previous_iu_created_at": "2025-04-07T11:16:59.649674", "last_previous_iu_created_at": "2025-04-07T11:16:59.649674", "event": "append UM", "level": "info", "timestamp": "2025-04-07T17:17:14.670838Z"}
{"module": "Whipser ASR Module", "event": "process_update", "level": "info", "timestamp": "2025-04-07T17:17:14.670838Z"}
{"module": "Microphone Module", "iuid": "127730335112:17", "previous_iu": "127730335112:16", "grounded_in": null, "event": "create_iu", "level": "info", "timestamp": "2025-04-07T17:17:19.675144Z"}
{"module": "Microphone Module", "first_iuid": "127730335112:17", "first_iu_created_at": "2025-04-07T11:17:19.675144", "last_iuid": "127730335112:17", "last_iu_created_at": "2025-04-07T11:17:19.675144", "first_previous_iu_created_at": "2025-04-07T11:17:09.663214", "last_previous_iu_created_at": "2025-04-07T11:17:09.663214", "event": "append UM", "level": "info", "timestamp": "2025-04-07T17:17:24.688032Z"}
{"module": "Whipser ASR Module", "event": "process_update", "level": "info", "timestamp": "2025-04-07T17:17:24.688032Z"}
{"module": "Microphone Module", "iuid": "127730335112:18", "previous_iu": "127730335112:17", "grounded_in": null, "event": "create_iu", "level": "info", "timestamp": "2025-04-07T17:17:29.693944Z"}
{"module": "Microphone Module", "first_iuid": "127730335112:18", "first_iu_created_at": "2025-04-07T11:17:29.693944", "last_iuid": "127730335112:18", "last_iu_created_at": "2025-04-07T11:17:29.693944", "first_previous_iu_created_at": "2025-04-07T11:17:19.675144", "last_previous_iu_created_at": "2025-04-07T11:17:19.675144", "event": "append UM", "level": "info", "timestamp": "2025-04-07T17:17:34.698823Z"}
{"module": "Whipser ASR Module", "event": "process_update", "level": "info", "timestamp": "2025-04-07T17:17:34.698823Z"}
{"module": "Microphone Module", "iuid": "127730335112:19", "previous_iu": "127730335112:18", "grounded_in": null, "event": "create_iu", "level": "info", "timestamp": "2025-04-07T17:17:39.714311Z"}
{"module": "Microphone Module", "first_iuid": "127730335112:19", "first_iu_created_at": "2025-04-07T11:17:39.714311", "last_iuid": "127730335112:19", "last_iu_created_at": "2025-04-07T11:17:39.714311", "first_previous_iu_created_at": "2025-04-07T11:17:29.693944", "last_previous_iu_created_at": "2025-04-07T11:17:29.693944", "event": "append UM", "level": "info", "timestamp": "2025-04-07T17:17:44.725957Z"}
{"module": "Whipser ASR Module", "event": "process_update", "level": "info", "timestamp": "2025-04-07T17:17:44.725957Z"}
{"module": "Microphone Module", "iuid": "127730335112:20", "previous_iu": "127730335112:19", "grounded_in": null, "event": "create_iu", "level": "info", "timestamp": "2025-04-07T17:17:49.734713Z"}
{"module": "Microphone Module", "first_iuid": "127730335112:20", "first_iu_created_at": "2025-04-07T11:17:49.733707", "last_iuid": "127730335112:20", "last_iu_created_at": "2025-04-07T11:17:49.733707", "first_previous_iu_created_at": "2025-04-07T11:17:39.714311", "last_previous_iu_created_at": "2025-04-07T11:17:39.714311", "event": "append UM", "level": "info", "timestamp": "2025-04-07T17:17:54.738326Z"}
{"module": "Whipser ASR Module", "event": "process_update", "level": "info", "timestamp": "2025-04-07T17:17:54.739328Z"}
{"module": "Microphone Module", "iuid": "127730335112:21", "previous_iu": "127730335112:20", "grounded_in": null, "event": "create_iu", "level": "info", "timestamp": "2025-04-07T17:17:59.747278Z"}
{"module": "Microphone Module", "first_iuid": "127730335112:21", "first_iu_created_at": "2025-04-07T11:17:59.747278", "last_iuid": "127730335112:21", "last_iu_created_at": "2025-04-07T11:17:59.747278", "first_previous_iu_created_at": "2025-04-07T11:17:49.733707", "last_previous_iu_created_at": "2025-04-07T11:17:49.733707", "event": "append UM", "level": "info", "timestamp": "2025-04-07T17:18:04.760267Z"}
{"module": "Whipser ASR Module", "event": "process_update", "level": "info", "timestamp": "2025-04-07T17:18:04.760267Z"}
{"module": "Microphone Module", "iuid": "127730335112:22", "previous_iu": "127730335112:21", "grounded_in": null, "event": "create_iu", "level": "info", "timestamp": "2025-04-07T17:18:09.764036Z"}
{"module": "Microphone Module", "first_iuid": "127730335112:22", "first_iu_created_at": "2025-04-07T11:18:09.764036", "last_iuid": "127730335112:22", "last_iu_created_at": "2025-04-07T11:18:09.764036", "first_previous_iu_created_at": "2025-04-07T11:17:59.747278", "last_previous_iu_created_at": "2025-04-07T11:17:59.747278", "event": "append UM", "level": "info", "timestamp": "2025-04-07T17:18:14.768108Z"}
{"module": "Whipser ASR Module", "event": "process_update", "level": "info", "timestamp": "2025-04-07T17:18:14.768108Z"}
{"module": "Microphone Module", "iuid": "127730335112:23", "previous_iu": "127730335112:22", "grounded_in": null, "event": "create_iu", "level": "info", "timestamp": "2025-04-07T17:18:19.778461Z"}
{"module": "Microphone Module", "first_iuid": "127730335112:23", "first_iu_created_at": "2025-04-07T11:18:19.778461", "last_iuid": "127730335112:23", "last_iu_created_at": "2025-04-07T11:18:19.778461", "first_previous_iu_created_at": "2025-04-07T11:18:09.764036", "last_previous_iu_created_at": "2025-04-07T11:18:09.764036", "event": "append UM", "level": "info", "timestamp": "2025-04-07T17:18:24.785230Z"}
{"module": "Whipser ASR Module", "event": "process_update", "level": "info", "timestamp": "2025-04-07T17:18:24.786218Z"}
{"module": "Microphone Module", "iuid": "127730335112:24", "previous_iu": "127730335112:23", "grounded_in": null, "event": "create_iu", "level": "info", "timestamp": "2025-04-07T17:18:29.794527Z"}
{"module": "Microphone Module", "first_iuid": "127730335112:24", "first_iu_created_at": "2025-04-07T11:18:29.794527", "last_iuid": "127730335112:24", "last_iu_created_at": "2025-04-07T11:18:29.794527", "first_previous_iu_created_at": "2025-04-07T11:18:19.778461", "last_previous_iu_created_at": "2025-04-07T11:18:19.778461", "event": "append UM", "level": "info", "timestamp": "2025-04-07T17:18:34.808175Z"}
{"module": "Whipser ASR Module", "event": "process_update", "level": "info", "timestamp": "2025-04-07T17:18:34.809067Z"}
{"module": "Microphone Module", "iuid": "127730335112:25", "previous_iu": "127730335112:24", "grounded_in": null, "event": "create_iu", "level": "info", "timestamp": "2025-04-07T17:18:39.818519Z"}
{"module": "Microphone Module", "first_iuid": "127730335112:25", "first_iu_created_at": "2025-04-07T11:18:39.818519", "last_iuid": "127730335112:25", "last_iu_created_at": "2025-04-07T11:18:39.818519", "first_previous_iu_created_at": "2025-04-07T11:18:29.794527", "last_previous_iu_created_at": "2025-04-07T11:18:29.794527", "event": "append UM", "level": "info", "timestamp": "2025-04-07T17:18:44.826358Z"}
{"module": "Whipser ASR Module", "event": "process_update", "level": "info", "timestamp": "2025-04-07T17:18:44.826358Z"}
{"module": "Microphone Module", "iuid": "127730335112:26", "previous_iu": "127730335112:25", "grounded_in": null, "event": "create_iu", "level": "info", "timestamp": "2025-04-07T17:18:49.841442Z"}
{"module": "Microphone Module", "first_iuid": "127730335112:26", "first_iu_created_at": "2025-04-07T11:18:49.841442", "last_iuid": "127730335112:26", "last_iu_created_at": "2025-04-07T11:18:49.841442", "first_previous_iu_created_at": "2025-04-07T11:18:39.818519", "last_previous_iu_created_at": "2025-04-07T11:18:39.818519", "event": "append UM", "level": "info", "timestamp": "2025-04-07T17:18:54.844876Z"}
{"module": "Whipser ASR Module", "event": "process_update", "level": "info", "timestamp": "2025-04-07T17:18:54.844876Z"}
{"module": "Microphone Module", "iuid": "127730335112:27", "previous_iu": "127730335112:26", "grounded_in": null, "event": "create_iu", "level": "info", "timestamp": "2025-04-07T17:18:59.860428Z"}
{"module": "Microphone Module", "first_iuid": "127730335112:27", "first_iu_created_at": "2025-04-07T11:18:59.859435", "last_iuid": "127730335112:27", "last_iu_created_at": "2025-04-07T11:18:59.859435", "first_previous_iu_created_at": "2025-04-07T11:18:49.841442", "last_previous_iu_created_at": "2025-04-07T11:18:49.841442", "event": "append UM", "level": "info", "timestamp": "2025-04-07T17:19:04.869587Z"}
{"module": "Whipser ASR Module", "event": "process_update", "level": "info", "timestamp": "2025-04-07T17:19:04.870532Z"}
{"module": "Microphone Module", "iuid": "127730335112:28", "previous_iu": "127730335112:27", "grounded_in": null, "event": "create_iu", "level": "info", "timestamp": "2025-04-07T17:19:09.879713Z"}
{"module": "Microphone Module", "first_iuid": "127730335112:28", "first_iu_created_at": "2025-04-07T11:19:09.879713", "last_iuid": "127730335112:28", "last_iu_created_at": "2025-04-07T11:19:09.879713", "first_previous_iu_created_at": "2025-04-07T11:18:59.859435", "last_previous_iu_created_at": "2025-04-07T11:18:59.859435", "event": "append UM", "level": "info", "timestamp": "2025-04-07T17:19:14.893774Z"}
{"module": "Whipser ASR Module", "event": "process_update", "level": "info", "timestamp": "2025-04-07T17:19:14.893774Z"}
{"module": "Microphone Module", "iuid": "127730335112:29", "previous_iu": "127730335112:28", "grounded_in": null, "event": "create_iu", "level": "info", "timestamp": "2025-04-07T17:19:19.908239Z"}
{"module": "Microphone Module", "first_iuid": "127730335112:29", "first_iu_created_at": "2025-04-07T11:19:19.908239", "last_iuid": "127730335112:29", "last_iu_created_at": "2025-04-07T11:19:19.908239", "first_previous_iu_created_at": "2025-04-07T11:19:09.879713", "last_previous_iu_created_at": "2025-04-07T11:19:09.879713", "event": "append UM", "level": "info", "timestamp": "2025-04-07T17:19:24.916989Z"}
{"module": "Whipser ASR Module", "event": "process_update", "level": "info", "timestamp": "2025-04-07T17:19:24.916989Z"}
{"module": "Microphone Module", "iuid": "127730335112:30", "previous_iu": "127730335112:29", "grounded_in": null, "event": "create_iu", "level": "info", "timestamp": "2025-04-07T17:19:29.924136Z"}
{"module": "Microphone Module", "first_iuid": "127730335112:30", "first_iu_created_at": "2025-04-07T11:19:29.923110", "last_iuid": "127730335112:30", "last_iu_created_at": "2025-04-07T11:19:29.923110", "first_previous_iu_created_at": "2025-04-07T11:19:19.908239", "last_previous_iu_created_at": "2025-04-07T11:19:19.908239", "event": "append UM", "level": "info", "timestamp": "2025-04-07T17:19:34.931157Z"}
{"module": "Whipser ASR Module", "event": "process_update", "level": "info", "timestamp": "2025-04-07T17:19:34.932117Z"}
{"module": "Microphone Module", "iuid": "127730335112:31", "previous_iu": "127730335112:30", "grounded_in": null, "event": "create_iu", "level": "info", "timestamp": "2025-04-07T17:19:39.933510Z"}
{"module": "Microphone Module", "first_iuid": "127730335112:31", "first_iu_created_at": "2025-04-07T11:19:39.932599", "last_iuid": "127730335112:31", "last_iu_created_at": "2025-04-07T11:19:39.932599", "first_previous_iu_created_at": "2025-04-07T11:19:29.923110", "last_previous_iu_created_at": "2025-04-07T11:19:29.923110", "event": "append UM", "level": "info", "timestamp": "2025-04-07T17:19:44.933964Z"}
{"module": "Whipser ASR Module", "event": "process_update", "level": "info", "timestamp": "2025-04-07T17:19:44.934990Z"}
{"module": "Microphone Module", "iuid": "127730335112:32", "previous_iu": "127730335112:31", "grounded_in": null, "event": "create_iu", "level": "info", "timestamp": "2025-04-07T17:19:49.949518Z"}
{"module": "Microphone Module", "first_iuid": "127730335112:32", "first_iu_created_at": "2025-04-07T11:19:49.949518", "last_iuid": "127730335112:32", "last_iu_created_at": "2025-04-07T11:19:49.949518", "first_previous_iu_created_at": "2025-04-07T11:19:39.932599", "last_previous_iu_created_at": "2025-04-07T11:19:39.932599", "event": "append UM", "level": "info", "timestamp": "2025-04-07T17:19:54.956047Z"}
{"module": "Whipser ASR Module", "event": "process_update", "level": "info", "timestamp": "2025-04-07T17:19:54.956047Z"}
{"module": "Microphone Module", "iuid": "127730335112:33", "previous_iu": "127730335112:32", "grounded_in": null, "event": "create_iu", "level": "info", "timestamp": "2025-04-07T17:19:59.965226Z"}
{"module": "Microphone Module", "first_iuid": "127730335112:33", "first_iu_created_at": "2025-04-07T11:19:59.964331", "last_iuid": "127730335112:33", "last_iu_created_at": "2025-04-07T11:19:59.964331", "first_previous_iu_created_at": "2025-04-07T11:19:49.949518", "last_previous_iu_created_at": "2025-04-07T11:19:49.949518", "event": "append UM", "level": "info", "timestamp": "2025-04-07T17:20:04.969492Z"}
{"module": "Whipser ASR Module", "event": "process_update", "level": "info", "timestamp": "2025-04-07T17:20:04.969492Z"}
{"module": "Microphone Module", "iuid": "127730335112:34", "previous_iu": "127730335112:33", "grounded_in": null, "event": "create_iu", "level": "info", "timestamp": "2025-04-07T17:20:09.972278Z"}
{"module": "Microphone Module", "first_iuid": "127730335112:34", "first_iu_created_at": "2025-04-07T11:20:09.972278", "last_iuid": "127730335112:34", "last_iu_created_at": "2025-04-07T11:20:09.972278", "first_previous_iu_created_at": "2025-04-07T11:19:59.964331", "last_previous_iu_created_at": "2025-04-07T11:19:59.964331", "event": "append UM", "level": "info", "timestamp": "2025-04-07T17:20:14.981726Z"}
{"module": "Whipser ASR Module", "event": "process_update", "level": "info", "timestamp": "2025-04-07T17:20:14.982776Z"}
{"module": "Microphone Module", "iuid": "127730335112:35", "previous_iu": "127730335112:34", "grounded_in": null, "event": "create_iu", "level": "info", "timestamp": "2025-04-07T17:20:19.998258Z"}
{"module": "Microphone Module", "first_iuid": "127730335112:35", "first_iu_created_at": "2025-04-07T11:20:19.998258", "last_iuid": "127730335112:35", "last_iu_created_at": "2025-04-07T11:20:19.998258", "first_previous_iu_created_at": "2025-04-07T11:20:09.972278", "last_previous_iu_created_at": "2025-04-07T11:20:09.972278", "event": "append UM", "level": "info", "timestamp": "2025-04-07T17:20:25.007495Z"}
{"module": "Whipser ASR Module", "event": "process_update", "level": "info", "timestamp": "2025-04-07T17:20:25.007495Z"}
{"module": "Microphone Module", "iuid": "127730335112:36", "previous_iu": "127730335112:35", "grounded_in": null, "event": "create_iu", "level": "info", "timestamp": "2025-04-07T17:20:30.020793Z"}
{"module": "Microphone Module", "first_iuid": "127730335112:36", "first_iu_created_at": "2025-04-07T11:20:30.020793", "last_iuid": "127730335112:36", "last_iu_created_at": "2025-04-07T11:20:30.020793", "first_previous_iu_created_at": "2025-04-07T11:20:19.998258", "last_previous_iu_created_at": "2025-04-07T11:20:19.998258", "event": "append UM", "level": "info", "timestamp": "2025-04-07T17:20:35.027505Z"}
{"module": "Whipser ASR Module", "event": "process_update", "level": "info", "timestamp": "2025-04-07T17:20:35.028530Z"}
{"module": "Microphone Module", "iuid": "127730335112:37", "previous_iu": "127730335112:36", "grounded_in": null, "event": "create_iu", "level": "info", "timestamp": "2025-04-07T17:20:40.037220Z"}
{"module": "Microphone Module", "first_iuid": "127730335112:37", "first_iu_created_at": "2025-04-07T11:20:40.037220", "last_iuid": "127730335112:37", "last_iu_created_at": "2025-04-07T11:20:40.037220", "first_previous_iu_created_at": "2025-04-07T11:20:30.020793", "last_previous_iu_created_at": "2025-04-07T11:20:30.020793", "event": "append UM", "level": "info", "timestamp": "2025-04-07T17:20:45.048664Z"}
{"module": "Whipser ASR Module", "event": "process_update", "level": "info", "timestamp": "2025-04-07T17:20:45.049664Z"}
{"module": "Microphone Module", "iuid": "127730335112:38", "previous_iu": "127730335112:37", "grounded_in": null, "event": "create_iu", "level": "info", "timestamp": "2025-04-07T17:20:50.058729Z"}
{"module": "Microphone Module", "first_iuid": "127730335112:38", "first_iu_created_at": "2025-04-07T11:20:50.058729", "last_iuid": "127730335112:38", "last_iu_created_at": "2025-04-07T11:20:50.058729", "first_previous_iu_created_at": "2025-04-07T11:20:40.037220", "last_previous_iu_created_at": "2025-04-07T11:20:40.037220", "event": "append UM", "level": "info", "timestamp": "2025-04-07T17:20:55.071031Z"}
{"module": "Whipser ASR Module", "event": "process_update", "level": "info", "timestamp": "2025-04-07T17:20:55.071031Z"}
{"module": "Microphone Module", "iuid": "127730335112:39", "previous_iu": "127730335112:38", "grounded_in": null, "event": "create_iu", "level": "info", "timestamp": "2025-04-07T17:21:00.072876Z"}
{"module": "Microphone Module", "first_iuid": "127730335112:39", "first_iu_created_at": "2025-04-07T11:21:00.072876", "last_iuid": "127730335112:39", "last_iu_created_at": "2025-04-07T11:21:00.072876", "first_previous_iu_created_at": "2025-04-07T11:20:50.058729", "last_previous_iu_created_at": "2025-04-07T11:20:50.058729", "event": "append UM", "level": "info", "timestamp": "2025-04-07T17:21:05.089479Z"}
{"module": "Whipser ASR Module", "event": "process_update", "level": "info", "timestamp": "2025-04-07T17:21:05.089479Z"}
{"module": "Microphone Module", "iuid": "127730335112:40", "previous_iu": "127730335112:39", "grounded_in": null, "event": "create_iu", "level": "info", "timestamp": "2025-04-07T17:21:10.094547Z"}
{"module": "Microphone Module", "first_iuid": "127730335112:40", "first_iu_created_at": "2025-04-07T11:21:10.094547", "last_iuid": "127730335112:40", "last_iu_created_at": "2025-04-07T11:21:10.094547", "first_previous_iu_created_at": "2025-04-07T11:21:00.072876", "last_previous_iu_created_at": "2025-04-07T11:21:00.072876", "event": "append UM", "level": "info", "timestamp": "2025-04-07T17:21:15.105651Z"}
{"module": "Whipser ASR Module", "event": "process_update", "level": "info", "timestamp": "2025-04-07T17:21:15.106770Z"}
{"module": "Microphone Module", "iuid": "127730335112:41", "previous_iu": "127730335112:40", "grounded_in": null, "event": "create_iu", "level": "info", "timestamp": "2025-04-07T17:21:20.111050Z"}
{"module": "Microphone Module", "first_iuid": "127730335112:41", "first_iu_created_at": "2025-04-07T11:21:20.111050", "last_iuid": "127730335112:41", "last_iu_created_at": "2025-04-07T11:21:20.111050", "first_previous_iu_created_at": "2025-04-07T11:21:10.094547", "last_previous_iu_created_at": "2025-04-07T11:21:10.094547", "event": "append UM", "level": "info", "timestamp": "2025-04-07T17:21:25.121034Z"}
{"module": "Whipser ASR Module", "event": "process_update", "level": "info", "timestamp": "2025-04-07T17:21:25.121034Z"}
{"module": "Microphone Module", "iuid": "127730335112:42", "previous_iu": "127730335112:41", "grounded_in": null, "event": "create_iu", "level": "info", "timestamp": "2025-04-07T17:21:30.128678Z"}
{"module": "Microphone Module", "first_iuid": "127730335112:42", "first_iu_created_at": "2025-04-07T11:21:30.128678", "last_iuid": "127730335112:42", "last_iu_created_at": "2025-04-07T11:21:30.128678", "first_previous_iu_created_at": "2025-04-07T11:21:20.111050", "last_previous_iu_created_at": "2025-04-07T11:21:20.111050", "event": "append UM", "level": "info", "timestamp": "2025-04-07T17:21:35.143649Z"}
{"module": "Whipser ASR Module", "event": "process_update", "level": "info", "timestamp": "2025-04-07T17:21:35.143649Z"}
{"module": "Microphone Module", "iuid": "127730335112:43", "previous_iu": "127730335112:42", "grounded_in": null, "event": "create_iu", "level": "info", "timestamp": "2025-04-07T17:21:40.155234Z"}
{"module": "Microphone Module", "first_iuid": "127730335112:43", "first_iu_created_at": "2025-04-07T11:21:40.155234", "last_iuid": "127730335112:43", "last_iu_created_at": "2025-04-07T11:21:40.155234", "first_previous_iu_created_at": "2025-04-07T11:21:30.128678", "last_previous_iu_created_at": "2025-04-07T11:21:30.128678", "event": "append UM", "level": "info", "timestamp": "2025-04-07T17:21:45.170404Z"}
{"module": "Whipser ASR Module", "event": "process_update", "level": "info", "timestamp": "2025-04-07T17:21:45.171366Z"}
{"module": "Microphone Module", "iuid": "127730335112:44", "previous_iu": "127730335112:43", "grounded_in": null, "event": "create_iu", "level": "info", "timestamp": "2025-04-07T17:21:50.182868Z"}
{"module": "Microphone Module", "first_iuid": "127730335112:44", "first_iu_created_at": "2025-04-07T11:21:50.182868", "last_iuid": "127730335112:44", "last_iu_created_at": "2025-04-07T11:21:50.182868", "first_previous_iu_created_at": "2025-04-07T11:21:40.155234", "last_previous_iu_created_at": "2025-04-07T11:21:40.155234", "event": "append UM", "level": "info", "timestamp": "2025-04-07T17:21:55.198447Z"}
{"module": "Whipser ASR Module", "event": "process_update", "level": "info", "timestamp": "2025-04-07T17:21:55.199461Z"}
{"module": "Microphone Module", "iuid": "127730335112:45", "previous_iu": "127730335112:44", "grounded_in": null, "event": "create_iu", "level": "info", "timestamp": "2025-04-07T17:22:00.208969Z"}
{"module": "Microphone Module", "first_iuid": "127730335112:45", "first_iu_created_at": "2025-04-07T11:22:00.208969", "last_iuid": "127730335112:45", "last_iu_created_at": "2025-04-07T11:22:00.208969", "first_previous_iu_created_at": "2025-04-07T11:21:50.182868", "last_previous_iu_created_at": "2025-04-07T11:21:50.182868", "event": "append UM", "level": "info", "timestamp": "2025-04-07T17:22:05.216564Z"}
{"module": "Whipser ASR Module", "event": "process_update", "level": "info", "timestamp": "2025-04-07T17:22:05.216564Z"}
{"module": "Microphone Module", "iuid": "127730335112:46", "previous_iu": "127730335112:45", "grounded_in": null, "event": "create_iu", "level": "info", "timestamp": "2025-04-07T17:22:10.226287Z"}
{"module": "Microphone Module", "first_iuid": "127730335112:46", "first_iu_created_at": "2025-04-07T11:22:10.226287", "last_iuid": "127730335112:46", "last_iu_created_at": "2025-04-07T11:22:10.226287", "first_previous_iu_created_at": "2025-04-07T11:22:00.208969", "last_previous_iu_created_at": "2025-04-07T11:22:00.208969", "event": "append UM", "level": "info", "timestamp": "2025-04-07T17:22:15.234863Z"}
{"module": "Whipser ASR Module", "event": "process_update", "level": "info", "timestamp": "2025-04-07T17:22:15.234863Z"}
{"module": "Microphone Module", "iuid": "127730335112:47", "previous_iu": "127730335112:46", "grounded_in": null, "event": "create_iu", "level": "info", "timestamp": "2025-04-07T17:22:20.236702Z"}
{"module": "Microphone Module", "first_iuid": "127730335112:47", "first_iu_created_at": "2025-04-07T11:22:20.236702", "last_iuid": "127730335112:47", "last_iu_created_at": "2025-04-07T11:22:20.236702", "first_previous_iu_created_at": "2025-04-07T11:22:10.226287", "last_previous_iu_created_at": "2025-04-07T11:22:10.226287", "event": "append UM", "level": "info", "timestamp": "2025-04-07T17:22:25.238209Z"}
{"module": "Whipser ASR Module", "event": "process_update", "level": "info", "timestamp": "2025-04-07T17:22:25.239046Z"}
{"module": "Microphone Module", "iuid": "127730335112:48", "previous_iu": "127730335112:47", "grounded_in": null, "event": "create_iu", "level": "info", "timestamp": "2025-04-07T17:22:30.246542Z"}
{"module": "Microphone Module", "first_iuid": "127730335112:48", "first_iu_created_at": "2025-04-07T11:22:30.246542", "last_iuid": "127730335112:48", "last_iu_created_at": "2025-04-07T11:22:30.246542", "first_previous_iu_created_at": "2025-04-07T11:22:20.236702", "last_previous_iu_created_at": "2025-04-07T11:22:20.236702", "event": "append UM", "level": "info", "timestamp": "2025-04-07T17:22:35.261102Z"}
{"module": "Whipser ASR Module", "event": "process_update", "level": "info", "timestamp": "2025-04-07T17:22:35.262105Z"}
{"module": "Microphone Module", "iuid": "127730335112:49", "previous_iu": "127730335112:48", "grounded_in": null, "event": "create_iu", "level": "info", "timestamp": "2025-04-07T17:22:40.264758Z"}
{"module": "Microphone Module", "first_iuid": "127730335112:49", "first_iu_created_at": "2025-04-07T11:22:40.264758", "last_iuid": "127730335112:49", "last_iu_created_at": "2025-04-07T11:22:40.264758", "first_previous_iu_created_at": "2025-04-07T11:22:30.246542", "last_previous_iu_created_at": "2025-04-07T11:22:30.246542", "event": "append UM", "level": "info", "timestamp": "2025-04-07T17:22:45.271694Z"}
{"module": "Whipser ASR Module", "event": "process_update", "level": "info", "timestamp": "2025-04-07T17:22:45.271694Z"}
{"module": "Microphone Module", "iuid": "127730335112:50", "previous_iu": "127730335112:49", "grounded_in": null, "event": "create_iu", "level": "info", "timestamp": "2025-04-07T17:22:50.274454Z"}
{"module": "Microphone Module", "first_iuid": "127730335112:50", "first_iu_created_at": "2025-04-07T11:22:50.274454", "last_iuid": "127730335112:50", "last_iu_created_at": "2025-04-07T11:22:50.274454", "first_previous_iu_created_at": "2025-04-07T11:22:40.264758", "last_previous_iu_created_at": "2025-04-07T11:22:40.264758", "event": "append UM", "level": "info", "timestamp": "2025-04-07T17:22:55.276344Z"}
{"module": "Whipser ASR Module", "event": "process_update", "level": "info", "timestamp": "2025-04-07T17:22:55.276344Z"}
{"module": "Microphone Module", "iuid": "127730335112:51", "previous_iu": "127730335112:50", "grounded_in": null, "event": "create_iu", "level": "info", "timestamp": "2025-04-07T17:23:00.282741Z"}
{"module": "Microphone Module", "first_iuid": "127730335112:51", "first_iu_created_at": "2025-04-07T11:23:00.282741", "last_iuid": "127730335112:51", "last_iu_created_at": "2025-04-07T11:23:00.282741", "first_previous_iu_created_at": "2025-04-07T11:22:50.274454", "last_previous_iu_created_at": "2025-04-07T11:22:50.274454", "event": "append UM", "level": "info", "timestamp": "2025-04-07T17:23:05.290634Z"}
{"module": "Whipser ASR Module", "event": "process_update", "level": "info", "timestamp": "2025-04-07T17:23:05.290634Z"}
{"module": "Microphone Module", "iuid": "127730335112:52", "previous_iu": "127730335112:51", "grounded_in": null, "event": "create_iu", "level": "info", "timestamp": "2025-04-07T17:23:10.295089Z"}
{"module": "Microphone Module", "first_iuid": "127730335112:52", "first_iu_created_at": "2025-04-07T11:23:10.295089", "last_iuid": "127730335112:52", "last_iu_created_at": "2025-04-07T11:23:10.295089", "first_previous_iu_created_at": "2025-04-07T11:23:00.282741", "last_previous_iu_created_at": "2025-04-07T11:23:00.282741", "event": "append UM", "level": "info", "timestamp": "2025-04-07T17:23:15.306596Z"}
{"module": "Whipser ASR Module", "event": "process_update", "level": "info", "timestamp": "2025-04-07T17:23:15.307586Z"}
{"module": "Microphone Module", "iuid": "127730335112:53", "previous_iu": "127730335112:52", "grounded_in": null, "event": "create_iu", "level": "info", "timestamp": "2025-04-07T17:23:20.315693Z"}
{"module": "Microphone Module", "first_iuid": "127730335112:53", "first_iu_created_at": "2025-04-07T11:23:20.314693", "last_iuid": "127730335112:53", "last_iu_created_at": "2025-04-07T11:23:20.314693", "first_previous_iu_created_at": "2025-04-07T11:23:10.295089", "last_previous_iu_created_at": "2025-04-07T11:23:10.295089", "event": "append UM", "level": "info", "timestamp": "2025-04-07T17:23:25.328623Z"}
{"module": "Whipser ASR Module", "event": "process_update", "level": "info", "timestamp": "2025-04-07T17:23:25.328623Z"}
{"module": "Microphone Module", "iuid": "127730335112:54", "previous_iu": "127730335112:53", "grounded_in": null, "event": "create_iu", "level": "info", "timestamp": "2025-04-07T17:23:30.332837Z"}
{"module": "Microphone Module", "first_iuid": "127730335112:54", "first_iu_created_at": "2025-04-07T11:23:30.332837", "last_iuid": "127730335112:54", "last_iu_created_at": "2025-04-07T11:23:30.332837", "first_previous_iu_created_at": "2025-04-07T11:23:20.314693", "last_previous_iu_created_at": "2025-04-07T11:23:20.314693", "event": "append UM", "level": "info", "timestamp": "2025-04-07T17:23:35.346756Z"}
{"module": "Whipser ASR Module", "event": "process_update", "level": "info", "timestamp": "2025-04-07T17:23:35.346756Z"}
{"module": "Microphone Module", "iuid": "127730335112:55", "previous_iu": "127730335112:54", "grounded_in": null, "event": "create_iu", "level": "info", "timestamp": "2025-04-07T17:23:40.359807Z"}
{"module": "Microphone Module", "first_iuid": "127730335112:55", "first_iu_created_at": "2025-04-07T11:23:40.359807", "last_iuid": "127730335112:55", "last_iu_created_at": "2025-04-07T11:23:40.359807", "first_previous_iu_created_at": "2025-04-07T11:23:30.332837", "last_previous_iu_created_at": "2025-04-07T11:23:30.332837", "event": "append UM", "level": "info", "timestamp": "2025-04-07T17:23:45.362081Z"}
{"module": "Whipser ASR Module", "event": "process_update", "level": "info", "timestamp": "2025-04-07T17:23:45.363082Z"}
{"module": "Microphone Module", "iuid": "127730335112:56", "previous_iu": "127730335112:55", "grounded_in": null, "event": "create_iu", "level": "info", "timestamp": "2025-04-07T17:23:50.364723Z"}
{"module": "Microphone Module", "first_iuid": "127730335112:56", "first_iu_created_at": "2025-04-07T11:23:50.363815", "last_iuid": "127730335112:56", "last_iu_created_at": "2025-04-07T11:23:50.363815", "first_previous_iu_created_at": "2025-04-07T11:23:40.359807", "last_previous_iu_created_at": "2025-04-07T11:23:40.359807", "event": "append UM", "level": "info", "timestamp": "2025-04-07T17:23:55.365799Z"}
{"module": "Whipser ASR Module", "event": "process_update", "level": "info", "timestamp": "2025-04-07T17:23:55.365799Z"}
{"module": "Microphone Module", "iuid": "127730335112:57", "previous_iu": "127730335112:56", "grounded_in": null, "event": "create_iu", "level": "info", "timestamp": "2025-04-07T17:24:00.369522Z"}
{"module": "Microphone Module", "first_iuid": "127730335112:57", "first_iu_created_at": "2025-04-07T11:24:00.369522", "last_iuid": "127730335112:57", "last_iu_created_at": "2025-04-07T11:24:00.369522", "first_previous_iu_created_at": "2025-04-07T11:23:50.363815", "last_previous_iu_created_at": "2025-04-07T11:23:50.363815", "event": "append UM", "level": "info", "timestamp": "2025-04-07T17:24:05.382283Z"}
{"module": "Whipser ASR Module", "event": "process_update", "level": "info", "timestamp": "2025-04-07T17:24:05.383320Z"}
{"module": "Microphone Module", "iuid": "127730335112:58", "previous_iu": "127730335112:57", "grounded_in": null, "event": "create_iu", "level": "info", "timestamp": "2025-04-07T17:24:10.392957Z"}
{"module": "Microphone Module", "first_iuid": "127730335112:58", "first_iu_created_at": "2025-04-07T11:24:10.392957", "last_iuid": "127730335112:58", "last_iu_created_at": "2025-04-07T11:24:10.392957", "first_previous_iu_created_at": "2025-04-07T11:24:00.369522", "last_previous_iu_created_at": "2025-04-07T11:24:00.369522", "event": "append UM", "level": "info", "timestamp": "2025-04-07T17:24:15.402858Z"}
{"module": "Whipser ASR Module", "event": "process_update", "level": "info", "timestamp": "2025-04-07T17:24:15.402858Z"}
