{"event": "init file logger", "level": "info", "timestamp": "2025-04-07T04:56:42.682308Z"}
{"module": "Microphone Module", "event": "init", "level": "info", "timestamp": "2025-04-07T04:56:47.727482Z"}
{"module": "Whipser ASR Module", "event": "init", "level": "info", "timestamp": "2025-04-07T04:56:48.054201Z"}
{"module": "Debug Module", "event": "init", "level": "info", "timestamp": "2025-04-07T04:56:49.896727Z"}
{"module": "Microphone Module", "event": "setup", "level": "info", "timestamp": "2025-04-07T04:56:49.896727Z"}
{"module": "Microphone Module", "event": "prepare_run", "level": "info", "timestamp": "2025-04-07T04:56:55.008556Z"}
{"module": "Whipser ASR Module", "event": "setup", "level": "info", "timestamp": "2025-04-07T04:56:55.008556Z"}
{"module": "Debug Module", "event": "setup", "level": "info", "timestamp": "2025-04-07T04:57:00.030175Z"}
{"module": "Microphone Module", "iuid": "135709819296:0", "previous_iu": null, "grounded_in": null, "event": "create_iu", "level": "info", "timestamp": "2025-04-07T04:57:00.075289Z"}
{"module": "Debug Module", "event": "prepare_run", "level": "info", "timestamp": "2025-04-07T04:57:05.032881Z"}
{"module": "Microphone Module", "first_iuid": "135709819296:0", "first_iu_created_at": "2025-04-06T22:57:00.073767", "last_iuid": "135709819296:0", "last_iu_created_at": "2025-04-06T22:57:00.073767", "event": "append UM", "level": "info", "timestamp": "2025-04-07T04:57:05.080115Z"}
{"module": "Whipser ASR Module", "event": "process_update", "level": "info", "timestamp": "2025-04-07T04:57:05.081115Z"}
{"module": "Microphone Module", "iuid": "135709819296:1", "previous_iu": "135709819296:0", "grounded_in": null, "event": "create_iu", "level": "info", "timestamp": "2025-04-07T04:57:10.097979Z"}
{"module": "Microphone Module", "first_iuid": "135709819296:1", "first_iu_created_at": "2025-04-06T22:57:10.097979", "last_iuid": "135709819296:1", "last_iu_created_at": "2025-04-06T22:57:10.097979", "first_previous_iu_created_at": "2025-04-06T22:57:00.073767", "last_previous_iu_created_at": "2025-04-06T22:57:00.073767", "event": "append UM", "level": "info", "timestamp": "2025-04-07T04:57:15.110537Z"}
{"module": "Whipser ASR Module", "event": "process_update", "level": "info", "timestamp": "2025-04-07T04:57:15.110537Z"}
{"module": "Microphone Module", "iuid": "135709819296:2", "previous_iu": "135709819296:1", "grounded_in": null, "event": "create_iu", "level": "info", "timestamp": "2025-04-07T04:57:20.121813Z"}
{"module": "Microphone Module", "first_iuid": "135709819296:2", "first_iu_created_at": "2025-04-06T22:57:20.121813", "last_iuid": "135709819296:2", "last_iu_created_at": "2025-04-06T22:57:20.121813", "first_previous_iu_created_at": "2025-04-06T22:57:10.097979", "last_previous_iu_created_at": "2025-04-06T22:57:10.097979", "event": "append UM", "level": "info", "timestamp": "2025-04-07T04:57:25.129513Z"}
{"module": "Whipser ASR Module", "event": "process_update", "level": "info", "timestamp": "2025-04-07T04:57:25.130513Z"}
{"module": "Microphone Module", "iuid": "135709819296:3", "previous_iu": "135709819296:2", "grounded_in": null, "event": "create_iu", "level": "info", "timestamp": "2025-04-07T04:57:30.151526Z"}
{"module": "Microphone Module", "first_iuid": "135709819296:3", "first_iu_created_at": "2025-04-06T22:57:30.151526", "last_iuid": "135709819296:3", "last_iu_created_at": "2025-04-06T22:57:30.151526", "first_previous_iu_created_at": "2025-04-06T22:57:20.121813", "last_previous_iu_created_at": "2025-04-06T22:57:20.121813", "event": "append UM", "level": "info", "timestamp": "2025-04-07T04:57:35.168031Z"}
{"module": "Whipser ASR Module", "event": "process_update", "level": "info", "timestamp": "2025-04-07T04:57:35.168031Z"}
{"module": "Microphone Module", "iuid": "135709819296:4", "previous_iu": "135709819296:3", "grounded_in": null, "event": "create_iu", "level": "info", "timestamp": "2025-04-07T04:57:40.179655Z"}
{"module": "Microphone Module", "first_iuid": "135709819296:4", "first_iu_created_at": "2025-04-06T22:57:40.179655", "last_iuid": "135709819296:4", "last_iu_created_at": "2025-04-06T22:57:40.179655", "first_previous_iu_created_at": "2025-04-06T22:57:30.151526", "last_previous_iu_created_at": "2025-04-06T22:57:30.151526", "event": "append UM", "level": "info", "timestamp": "2025-04-07T04:57:45.192423Z"}
{"module": "Whipser ASR Module", "event": "process_update", "level": "info", "timestamp": "2025-04-07T04:57:45.192423Z"}
{"module": "Microphone Module", "iuid": "135709819296:5", "previous_iu": "135709819296:4", "grounded_in": null, "event": "create_iu", "level": "info", "timestamp": "2025-04-07T04:57:50.211592Z"}
{"module": "Microphone Module", "first_iuid": "135709819296:5", "first_iu_created_at": "2025-04-06T22:57:50.211592", "last_iuid": "135709819296:5", "last_iu_created_at": "2025-04-06T22:57:50.211592", "first_previous_iu_created_at": "2025-04-06T22:57:40.179655", "last_previous_iu_created_at": "2025-04-06T22:57:40.179655", "event": "append UM", "level": "info", "timestamp": "2025-04-07T04:57:55.229695Z"}
{"module": "Whipser ASR Module", "event": "process_update", "level": "info", "timestamp": "2025-04-07T04:57:55.231694Z"}
{"module": "Microphone Module", "iuid": "135709819296:6", "previous_iu": "135709819296:5", "grounded_in": null, "event": "create_iu", "level": "info", "timestamp": "2025-04-07T04:58:00.236861Z"}
{"module": "Microphone Module", "first_iuid": "135709819296:6", "first_iu_created_at": "2025-04-06T22:58:00.236861", "last_iuid": "135709819296:6", "last_iu_created_at": "2025-04-06T22:58:00.236861", "first_previous_iu_created_at": "2025-04-06T22:57:50.211592", "last_previous_iu_created_at": "2025-04-06T22:57:50.211592", "event": "append UM", "level": "info", "timestamp": "2025-04-07T04:58:05.241337Z"}
{"module": "Whipser ASR Module", "event": "process_update", "level": "info", "timestamp": "2025-04-07T04:58:05.241337Z"}
{"module": "Microphone Module", "iuid": "135709819296:7", "previous_iu": "135709819296:6", "grounded_in": null, "event": "create_iu", "level": "info", "timestamp": "2025-04-07T04:58:10.257913Z"}
{"module": "Microphone Module", "first_iuid": "135709819296:7", "first_iu_created_at": "2025-04-06T22:58:10.257913", "last_iuid": "135709819296:7", "last_iu_created_at": "2025-04-06T22:58:10.257913", "first_previous_iu_created_at": "2025-04-06T22:58:00.236861", "last_previous_iu_created_at": "2025-04-06T22:58:00.236861", "event": "append UM", "level": "info", "timestamp": "2025-04-07T04:58:15.273026Z"}
{"module": "Whipser ASR Module", "event": "process_update", "level": "info", "timestamp": "2025-04-07T04:58:15.273026Z"}
