{"event": "init file logger", "level": "info", "timestamp": "2025-05-13T16:07:02.889507Z"}
{"module": "Microphone Module", "event": "init", "level": "info", "timestamp": "2025-05-13T16:07:08.013733Z"}
{"module": "Whipser ASR Module", "event": "init", "level": "info", "timestamp": "2025-05-13T16:07:08.405763Z"}
{"module": "Debug Module", "event": "init", "level": "info", "timestamp": "2025-05-13T16:07:10.533466Z"}
{"module": "Microphone Module", "event": "setup", "level": "info", "timestamp": "2025-05-13T16:07:10.535473Z"}
{"module": "Microphone Module", "event": "prepare_run", "level": "info", "timestamp": "2025-05-13T16:07:15.787491Z"}
{"module": "Whipser ASR Module", "event": "setup", "level": "info", "timestamp": "2025-05-13T16:07:15.787491Z"}
{"module": "Debug Module", "event": "setup", "level": "info", "timestamp": "2025-05-13T16:07:20.800596Z"}
{"module": "Microphone Module", "iuid": "121047218854:0", "previous_iu": null, "grounded_in": null, "event": "create_iu", "level": "info", "timestamp": "2025-05-13T16:07:20.838008Z"}
{"module": "Debug Module", "event": "prepare_run", "level": "info", "timestamp": "2025-05-13T16:07:25.804536Z"}
{"module": "Microphone Module", "first_iuid": "121047218854:0", "first_iu_created_at": "2025-05-13T09:07:20.838008", "last_iuid": "121047218854:0", "last_iu_created_at": "2025-05-13T09:07:20.838008", "event": "append UM", "level": "info", "timestamp": "2025-05-13T16:07:25.850981Z"}
{"module": "Whipser ASR Module", "event": "process_update", "level": "info", "timestamp": "2025-05-13T16:07:25.850981Z"}
{"module": "Microphone Module", "iuid": "121047218854:1", "previous_iu": "121047218854:0", "grounded_in": null, "event": "create_iu", "level": "info", "timestamp": "2025-05-13T16:07:30.857411Z"}
{"module": "Microphone Module", "first_iuid": "121047218854:1", "first_iu_created_at": "2025-05-13T09:07:30.857411", "last_iuid": "121047218854:1", "last_iu_created_at": "2025-05-13T09:07:30.857411", "first_previous_iu_created_at": "2025-05-13T09:07:20.838008", "last_previous_iu_created_at": "2025-05-13T09:07:20.838008", "event": "append UM", "level": "info", "timestamp": "2025-05-13T16:07:35.861433Z"}
{"module": "Whipser ASR Module", "event": "process_update", "level": "info", "timestamp": "2025-05-13T16:07:35.861433Z"}
{"module": "Microphone Module", "iuid": "121047218854:2", "previous_iu": "121047218854:1", "grounded_in": null, "event": "create_iu", "level": "info", "timestamp": "2025-05-13T16:07:40.870422Z"}
{"module": "Microphone Module", "first_iuid": "121047218854:2", "first_iu_created_at": "2025-05-13T09:07:40.870422", "last_iuid": "121047218854:2", "last_iu_created_at": "2025-05-13T09:07:40.870422", "first_previous_iu_created_at": "2025-05-13T09:07:30.857411", "last_previous_iu_created_at": "2025-05-13T09:07:30.857411", "event": "append UM", "level": "info", "timestamp": "2025-05-13T16:07:45.884671Z"}
{"module": "Whipser ASR Module", "event": "process_update", "level": "info", "timestamp": "2025-05-13T16:07:45.884671Z"}
{"module": "Microphone Module", "iuid": "121047218854:3", "previous_iu": "121047218854:2", "grounded_in": null, "event": "create_iu", "level": "info", "timestamp": "2025-05-13T16:07:50.892002Z"}
{"module": "Microphone Module", "first_iuid": "121047218854:3", "first_iu_created_at": "2025-05-13T09:07:50.892002", "last_iuid": "121047218854:3", "last_iu_created_at": "2025-05-13T09:07:50.892002", "first_previous_iu_created_at": "2025-05-13T09:07:40.870422", "last_previous_iu_created_at": "2025-05-13T09:07:40.870422", "event": "append UM", "level": "info", "timestamp": "2025-05-13T16:07:55.898525Z"}
{"module": "Whipser ASR Module", "event": "process_update", "level": "info", "timestamp": "2025-05-13T16:07:55.898525Z"}
{"module": "Microphone Module", "iuid": "121047218854:4", "previous_iu": "121047218854:3", "grounded_in": null, "event": "create_iu", "level": "info", "timestamp": "2025-05-13T16:08:00.899736Z"}
{"module": "Microphone Module", "first_iuid": "121047218854:4", "first_iu_created_at": "2025-05-13T09:08:00.899736", "last_iuid": "121047218854:4", "last_iu_created_at": "2025-05-13T09:08:00.899736", "first_previous_iu_created_at": "2025-05-13T09:07:50.892002", "last_previous_iu_created_at": "2025-05-13T09:07:50.892002", "event": "append UM", "level": "info", "timestamp": "2025-05-13T16:08:05.912496Z"}
{"module": "Whipser ASR Module", "event": "process_update", "level": "info", "timestamp": "2025-05-13T16:08:05.913384Z"}
