{"event": "init file logger", "level": "info", "timestamp": "2025-04-07T05:59:48.585730Z"}
{"module": "Microphone Module", "event": "init", "level": "info", "timestamp": "2025-04-07T05:59:53.617874Z"}
{"module": "Whipser ASR Module", "event": "init", "level": "info", "timestamp": "2025-04-07T05:59:53.937468Z"}
{"module": "Debug Module", "event": "init", "level": "info", "timestamp": "2025-04-07T05:59:55.235805Z"}
{"module": "Microphone Module", "event": "setup", "level": "info", "timestamp": "2025-04-07T05:59:55.235805Z"}
{"module": "Microphone Module", "event": "prepare_run", "level": "info", "timestamp": "2025-04-07T06:00:00.356731Z"}
{"module": "Whipser ASR Module", "event": "setup", "level": "info", "timestamp": "2025-04-07T06:00:00.357730Z"}
{"module": "Debug Module", "event": "setup", "level": "info", "timestamp": "2025-04-07T06:00:05.370831Z"}
{"module": "Microphone Module", "iuid": "167025443085:0", "previous_iu": null, "grounded_in": null, "event": "create_iu", "level": "info", "timestamp": "2025-04-07T06:00:05.415885Z"}
{"module": "Debug Module", "event": "prepare_run", "level": "info", "timestamp": "2025-04-07T06:00:10.385779Z"}
{"module": "Microphone Module", "first_iuid": "167025443085:0", "first_iu_created_at": "2025-04-07T00:00:05.415885", "last_iuid": "167025443085:0", "last_iu_created_at": "2025-04-07T00:00:05.415885", "event": "append UM", "level": "info", "timestamp": "2025-04-07T06:00:10.427970Z"}
{"module": "Whipser ASR Module", "event": "process_update", "level": "info", "timestamp": "2025-04-07T06:00:10.428970Z"}
{"module": "Microphone Module", "iuid": "167025443085:1", "previous_iu": "167025443085:0", "grounded_in": null, "event": "create_iu", "level": "info", "timestamp": "2025-04-07T06:00:15.443509Z"}
{"module": "Microphone Module", "first_iuid": "167025443085:1", "first_iu_created_at": "2025-04-07T00:00:15.443509", "last_iuid": "167025443085:1", "last_iu_created_at": "2025-04-07T00:00:15.443509", "first_previous_iu_created_at": "2025-04-07T00:00:05.415885", "last_previous_iu_created_at": "2025-04-07T00:00:05.415885", "event": "append UM", "level": "info", "timestamp": "2025-04-07T06:00:20.444349Z"}
{"module": "Whipser ASR Module", "event": "process_update", "level": "info", "timestamp": "2025-04-07T06:00:20.444349Z"}
{"module": "Microphone Module", "iuid": "167025443085:2", "previous_iu": "167025443085:1", "grounded_in": null, "event": "create_iu", "level": "info", "timestamp": "2025-04-07T06:00:25.457492Z"}
{"module": "Microphone Module", "first_iuid": "167025443085:2", "first_iu_created_at": "2025-04-07T00:00:25.457492", "last_iuid": "167025443085:2", "last_iu_created_at": "2025-04-07T00:00:25.457492", "first_previous_iu_created_at": "2025-04-07T00:00:15.443509", "last_previous_iu_created_at": "2025-04-07T00:00:15.443509", "event": "append UM", "level": "info", "timestamp": "2025-04-07T06:00:30.464441Z"}
{"module": "Whipser ASR Module", "event": "process_update", "level": "info", "timestamp": "2025-04-07T06:00:30.465427Z"}
{"module": "Microphone Module", "iuid": "167025443085:3", "previous_iu": "167025443085:2", "grounded_in": null, "event": "create_iu", "level": "info", "timestamp": "2025-04-07T06:00:35.468620Z"}
{"module": "Microphone Module", "first_iuid": "167025443085:3", "first_iu_created_at": "2025-04-07T00:00:35.468620", "last_iuid": "167025443085:3", "last_iu_created_at": "2025-04-07T00:00:35.468620", "first_previous_iu_created_at": "2025-04-07T00:00:25.457492", "last_previous_iu_created_at": "2025-04-07T00:00:25.457492", "event": "append UM", "level": "info", "timestamp": "2025-04-07T06:00:40.484349Z"}
{"module": "Whipser ASR Module", "event": "process_update", "level": "info", "timestamp": "2025-04-07T06:00:40.484349Z"}
{"module": "Microphone Module", "iuid": "167025443085:4", "previous_iu": "167025443085:3", "grounded_in": null, "event": "create_iu", "level": "info", "timestamp": "2025-04-07T06:00:45.495534Z"}
