{"event": "init file logger", "level": "info", "timestamp": "2025-04-25T00:56:00.116901Z"}
{"module": "Microphone Module", "event": "init", "level": "info", "timestamp": "2025-04-25T00:56:05.160041Z"}
{"module": "Whipser ASR Module", "event": "init", "level": "info", "timestamp": "2025-04-25T00:56:05.396710Z"}
{"module": "Debug Module", "event": "init", "level": "info", "timestamp": "2025-04-25T00:56:07.681193Z"}
{"module": "Microphone Module", "event": "setup", "level": "info", "timestamp": "2025-04-25T00:56:07.682193Z"}
{"module": "Microphone Module", "event": "prepare_run", "level": "info", "timestamp": "2025-04-25T00:56:12.811489Z"}
{"module": "Whipser ASR Module", "event": "setup", "level": "info", "timestamp": "2025-04-25T00:56:12.811489Z"}
{"module": "Debug Module", "event": "setup", "level": "info", "timestamp": "2025-04-25T00:56:17.822377Z"}
{"module": "Microphone Module", "iuid": "168905160238:0", "previous_iu": null, "grounded_in": null, "event": "create_iu", "level": "info", "timestamp": "2025-04-25T00:56:17.856402Z"}
{"module": "Debug Module", "event": "prepare_run", "level": "info", "timestamp": "2025-04-25T00:56:22.833773Z"}
{"module": "Microphone Module", "first_iuid": "168905160238:0", "first_iu_created_at": "2025-04-24T18:56:17.856402", "last_iuid": "168905160238:0", "last_iu_created_at": "2025-04-24T18:56:17.856402", "event": "append UM", "level": "info", "timestamp": "2025-04-25T00:56:22.863571Z"}
{"module": "Whipser ASR Module", "event": "process_update", "level": "info", "timestamp": "2025-04-25T00:56:22.864483Z"}
{"module": "Microphone Module", "iuid": "168905160238:1", "previous_iu": "168905160238:0", "grounded_in": null, "event": "create_iu", "level": "info", "timestamp": "2025-04-25T00:56:27.871270Z"}
{"module": "Microphone Module", "first_iuid": "168905160238:1", "first_iu_created_at": "2025-04-24T18:56:27.871270", "last_iuid": "168905160238:1", "last_iu_created_at": "2025-04-24T18:56:27.871270", "first_previous_iu_created_at": "2025-04-24T18:56:17.856402", "last_previous_iu_created_at": "2025-04-24T18:56:17.856402", "event": "append UM", "level": "info", "timestamp": "2025-04-25T00:56:32.874367Z"}
{"module": "Whipser ASR Module", "event": "process_update", "level": "info", "timestamp": "2025-04-25T00:56:32.874367Z"}
{"module": "Microphone Module", "iuid": "168905160238:2", "previous_iu": "168905160238:1", "grounded_in": null, "event": "create_iu", "level": "info", "timestamp": "2025-04-25T00:56:37.880200Z"}
{"module": "Microphone Module", "first_iuid": "168905160238:2", "first_iu_created_at": "2025-04-24T18:56:37.880200", "last_iuid": "168905160238:2", "last_iu_created_at": "2025-04-24T18:56:37.880200", "first_previous_iu_created_at": "2025-04-24T18:56:27.871270", "last_previous_iu_created_at": "2025-04-24T18:56:27.871270", "event": "append UM", "level": "info", "timestamp": "2025-04-25T00:56:42.887541Z"}
{"module": "Whipser ASR Module", "event": "process_update", "level": "info", "timestamp": "2025-04-25T00:56:42.887541Z"}
{"module": "Microphone Module", "iuid": "168905160238:3", "previous_iu": "168905160238:2", "grounded_in": null, "event": "create_iu", "level": "info", "timestamp": "2025-04-25T00:56:47.904209Z"}
{"module": "Microphone Module", "first_iuid": "168905160238:3", "first_iu_created_at": "2025-04-24T18:56:47.904209", "last_iuid": "168905160238:3", "last_iu_created_at": "2025-04-24T18:56:47.904209", "first_previous_iu_created_at": "2025-04-24T18:56:37.880200", "last_previous_iu_created_at": "2025-04-24T18:56:37.880200", "event": "append UM", "level": "info", "timestamp": "2025-04-25T00:56:52.921690Z"}
{"module": "Whipser ASR Module", "event": "process_update", "level": "info", "timestamp": "2025-04-25T00:56:52.921690Z"}
{"module": "Microphone Module", "iuid": "168905160238:4", "previous_iu": "168905160238:3", "grounded_in": null, "event": "create_iu", "level": "info", "timestamp": "2025-04-25T00:56:57.932645Z"}
{"module": "Microphone Module", "first_iuid": "168905160238:4", "first_iu_created_at": "2025-04-24T18:56:57.932645", "last_iuid": "168905160238:4", "last_iu_created_at": "2025-04-24T18:56:57.932645", "first_previous_iu_created_at": "2025-04-24T18:56:47.904209", "last_previous_iu_created_at": "2025-04-24T18:56:47.904209", "event": "append UM", "level": "info", "timestamp": "2025-04-25T00:57:02.944708Z"}
{"module": "Whipser ASR Module", "event": "process_update", "level": "info", "timestamp": "2025-04-25T00:57:02.945710Z"}
{"module": "Microphone Module", "iuid": "168905160238:5", "previous_iu": "168905160238:4", "grounded_in": null, "event": "create_iu", "level": "info", "timestamp": "2025-04-25T00:57:07.948447Z"}
{"module": "Microphone Module", "first_iuid": "168905160238:5", "first_iu_created_at": "2025-04-24T18:57:07.948447", "last_iuid": "168905160238:5", "last_iu_created_at": "2025-04-24T18:57:07.948447", "first_previous_iu_created_at": "2025-04-24T18:56:57.932645", "last_previous_iu_created_at": "2025-04-24T18:56:57.932645", "event": "append UM", "level": "info", "timestamp": "2025-04-25T00:57:12.956481Z"}
{"module": "Whipser ASR Module", "event": "process_update", "level": "info", "timestamp": "2025-04-25T00:57:12.956481Z"}
{"module": "Microphone Module", "iuid": "168905160238:6", "previous_iu": "168905160238:5", "grounded_in": null, "event": "create_iu", "level": "info", "timestamp": "2025-04-25T00:57:17.967747Z"}
{"module": "Microphone Module", "first_iuid": "168905160238:6", "first_iu_created_at": "2025-04-24T18:57:17.967747", "last_iuid": "168905160238:6", "last_iu_created_at": "2025-04-24T18:57:17.967747", "first_previous_iu_created_at": "2025-04-24T18:57:07.948447", "last_previous_iu_created_at": "2025-04-24T18:57:07.948447", "event": "append UM", "level": "info", "timestamp": "2025-04-25T00:57:22.972173Z"}
{"module": "Whipser ASR Module", "event": "process_update", "level": "info", "timestamp": "2025-04-25T00:57:22.972173Z"}
{"module": "Microphone Module", "iuid": "168905160238:7", "previous_iu": "168905160238:6", "grounded_in": null, "event": "create_iu", "level": "info", "timestamp": "2025-04-25T00:57:27.984595Z"}
{"module": "Microphone Module", "first_iuid": "168905160238:7", "first_iu_created_at": "2025-04-24T18:57:27.984595", "last_iuid": "168905160238:7", "last_iu_created_at": "2025-04-24T18:57:27.984595", "first_previous_iu_created_at": "2025-04-24T18:57:17.967747", "last_previous_iu_created_at": "2025-04-24T18:57:17.967747", "event": "append UM", "level": "info", "timestamp": "2025-04-25T00:57:32.998277Z"}
{"module": "Whipser ASR Module", "event": "process_update", "level": "info", "timestamp": "2025-04-25T00:57:32.998277Z"}
{"module": "Microphone Module", "iuid": "168905160238:8", "previous_iu": "168905160238:7", "grounded_in": null, "event": "create_iu", "level": "info", "timestamp": "2025-04-25T00:57:38.012021Z"}
{"module": "Microphone Module", "first_iuid": "168905160238:8", "first_iu_created_at": "2025-04-24T18:57:38.012021", "last_iuid": "168905160238:8", "last_iu_created_at": "2025-04-24T18:57:38.012021", "first_previous_iu_created_at": "2025-04-24T18:57:27.984595", "last_previous_iu_created_at": "2025-04-24T18:57:27.984595", "event": "append UM", "level": "info", "timestamp": "2025-04-25T00:57:43.023984Z"}
{"module": "Whipser ASR Module", "event": "process_update", "level": "info", "timestamp": "2025-04-25T00:57:43.025601Z"}
{"module": "Microphone Module", "iuid": "168905160238:9", "previous_iu": "168905160238:8", "grounded_in": null, "event": "create_iu", "level": "info", "timestamp": "2025-04-25T00:57:48.032383Z"}
{"module": "Microphone Module", "first_iuid": "168905160238:9", "first_iu_created_at": "2025-04-24T18:57:48.032383", "last_iuid": "168905160238:9", "last_iu_created_at": "2025-04-24T18:57:48.032383", "first_previous_iu_created_at": "2025-04-24T18:57:38.012021", "last_previous_iu_created_at": "2025-04-24T18:57:38.012021", "event": "append UM", "level": "info", "timestamp": "2025-04-25T00:57:53.041740Z"}
{"module": "Whipser ASR Module", "event": "process_update", "level": "info", "timestamp": "2025-04-25T00:57:53.041740Z"}
