{"event": "init file logger", "level": "info", "timestamp": "2025-04-07T05:19:45.063614Z"}
{"module": "Microphone Module", "event": "init", "level": "info", "timestamp": "2025-04-07T05:19:50.118387Z"}
{"module": "Whipser ASR Module", "event": "init", "level": "info", "timestamp": "2025-04-07T05:19:50.439107Z"}
{"module": "Debug Module", "event": "init", "level": "info", "timestamp": "2025-04-07T05:19:51.969104Z"}
{"module": "Microphone Module", "event": "setup", "level": "info", "timestamp": "2025-04-07T05:19:51.969104Z"}
{"module": "Microphone Module", "event": "prepare_run", "level": "info", "timestamp": "2025-04-07T05:19:57.093107Z"}
{"module": "Whipser ASR Module", "event": "setup", "level": "info", "timestamp": "2025-04-07T05:19:57.093107Z"}
{"module": "Debug Module", "event": "setup", "level": "info", "timestamp": "2025-04-07T05:20:02.106881Z"}
{"module": "Microphone Module", "iuid": "113795326347:0", "previous_iu": null, "grounded_in": null, "event": "create_iu", "level": "info", "timestamp": "2025-04-07T05:20:02.157480Z"}
{"module": "Debug Module", "event": "prepare_run", "level": "info", "timestamp": "2025-04-07T05:20:07.118834Z"}
{"module": "Microphone Module", "first_iuid": "113795326347:0", "first_iu_created_at": "2025-04-06T23:20:02.157480", "last_iuid": "113795326347:0", "last_iu_created_at": "2025-04-06T23:20:02.157480", "event": "append UM", "level": "info", "timestamp": "2025-04-07T05:20:07.162154Z"}
{"module": "Whipser ASR Module", "event": "process_update", "level": "info", "timestamp": "2025-04-07T05:20:07.162154Z"}
{"module": "Microphone Module", "iuid": "113795326347:1", "previous_iu": "113795326347:0", "grounded_in": null, "event": "create_iu", "level": "info", "timestamp": "2025-04-07T05:20:12.183570Z"}
{"module": "Microphone Module", "first_iuid": "113795326347:1", "first_iu_created_at": "2025-04-06T23:20:12.183570", "last_iuid": "113795326347:1", "last_iu_created_at": "2025-04-06T23:20:12.183570", "first_previous_iu_created_at": "2025-04-06T23:20:02.157480", "last_previous_iu_created_at": "2025-04-06T23:20:02.157480", "event": "append UM", "level": "info", "timestamp": "2025-04-07T05:20:17.198372Z"}
{"module": "Whipser ASR Module", "event": "process_update", "level": "info", "timestamp": "2025-04-07T05:20:17.199368Z"}
{"module": "Microphone Module", "iuid": "113795326347:2", "previous_iu": "113795326347:1", "grounded_in": null, "event": "create_iu", "level": "info", "timestamp": "2025-04-07T05:20:22.205896Z"}
{"module": "Microphone Module", "first_iuid": "113795326347:2", "first_iu_created_at": "2025-04-06T23:20:22.205896", "last_iuid": "113795326347:2", "last_iu_created_at": "2025-04-06T23:20:22.205896", "first_previous_iu_created_at": "2025-04-06T23:20:12.183570", "last_previous_iu_created_at": "2025-04-06T23:20:12.183570", "event": "append UM", "level": "info", "timestamp": "2025-04-07T05:20:27.221647Z"}
{"module": "Whipser ASR Module", "event": "process_update", "level": "info", "timestamp": "2025-04-07T05:20:27.221647Z"}
{"module": "Microphone Module", "iuid": "113795326347:3", "previous_iu": "113795326347:2", "grounded_in": null, "event": "create_iu", "level": "info", "timestamp": "2025-04-07T05:20:32.236884Z"}
{"module": "Microphone Module", "first_iuid": "113795326347:3", "first_iu_created_at": "2025-04-06T23:20:32.236884", "last_iuid": "113795326347:3", "last_iu_created_at": "2025-04-06T23:20:32.236884", "first_previous_iu_created_at": "2025-04-06T23:20:22.205896", "last_previous_iu_created_at": "2025-04-06T23:20:22.205896", "event": "append UM", "level": "info", "timestamp": "2025-04-07T05:20:37.241259Z"}
{"module": "Whipser ASR Module", "event": "process_update", "level": "info", "timestamp": "2025-04-07T05:20:37.241259Z"}
