{"event": "init file logger", "level": "info", "timestamp": "2025-02-20T19:47:13.516440Z"}
{"module": "Microphone Module", "event": "init", "level": "info", "timestamp": "2025-02-20T19:47:18.561376Z"}
{"module": "Whipser ASR Module", "event": "init", "level": "info", "timestamp": "2025-02-20T19:47:18.777299Z"}
{"module": "Debug Module", "event": "init", "level": "info", "timestamp": "2025-02-20T19:47:19.864327Z"}
{"module": "Microphone Module", "event": "setup", "level": "info", "timestamp": "2025-02-20T19:47:19.864327Z"}
{"module": "Microphone Module", "event": "prepare_run", "level": "info", "timestamp": "2025-02-20T19:47:25.142709Z"}
{"module": "Whipser ASR Module", "event": "setup", "level": "info", "timestamp": "2025-02-20T19:47:25.142709Z"}
{"module": "Debug Module", "event": "setup", "level": "info", "timestamp": "2025-02-20T19:47:30.148958Z"}
{"module": "Microphone Module", "iuid": "111310608857:0", "previous_iu": null, "grounded_in": null, "event": "create_iu", "level": "info", "timestamp": "2025-02-20T19:47:30.198604Z"}
{"module": "Debug Module", "event": "prepare_run", "level": "info", "timestamp": "2025-02-20T19:47:35.151588Z"}
{"module": "Microphone Module", "first_iuid": "111310608857:0", "first_iu_created_at": "2025-02-20T12:47:30.198604", "last_iuid": "111310608857:0", "last_iu_created_at": "2025-02-20T12:47:30.198604", "event": "append UM", "level": "info", "timestamp": "2025-02-20T19:47:35.212822Z"}
{"module": "Whipser ASR Module", "event": "process_update", "level": "info", "timestamp": "2025-02-20T19:47:35.212822Z"}
{"module": "Microphone Module", "iuid": "111310608857:1", "previous_iu": "111310608857:0", "grounded_in": null, "event": "create_iu", "level": "info", "timestamp": "2025-02-20T19:47:40.219853Z"}
{"module": "Microphone Module", "first_iuid": "111310608857:1", "first_iu_created_at": "2025-02-20T12:47:40.219853", "last_iuid": "111310608857:1", "last_iu_created_at": "2025-02-20T12:47:40.219853", "first_previous_iu_created_at": "2025-02-20T12:47:30.198604", "last_previous_iu_created_at": "2025-02-20T12:47:30.198604", "event": "append UM", "level": "info", "timestamp": "2025-02-20T19:47:45.233670Z"}
{"module": "Whipser ASR Module", "event": "process_update", "level": "info", "timestamp": "2025-02-20T19:47:45.233670Z"}
{"module": "Microphone Module", "iuid": "111310608857:2", "previous_iu": "111310608857:1", "grounded_in": null, "event": "create_iu", "level": "info", "timestamp": "2025-02-20T19:47:50.244711Z"}
{"module": "Microphone Module", "first_iuid": "111310608857:2", "first_iu_created_at": "2025-02-20T12:47:50.244711", "last_iuid": "111310608857:2", "last_iu_created_at": "2025-02-20T12:47:50.244711", "first_previous_iu_created_at": "2025-02-20T12:47:40.219853", "last_previous_iu_created_at": "2025-02-20T12:47:40.219853", "event": "append UM", "level": "info", "timestamp": "2025-02-20T19:47:55.259506Z"}
{"module": "Whipser ASR Module", "event": "process_update", "level": "info", "timestamp": "2025-02-20T19:47:55.259506Z"}
{"module": "Microphone Module", "iuid": "111310608857:3", "previous_iu": "111310608857:2", "grounded_in": null, "event": "create_iu", "level": "info", "timestamp": "2025-02-20T19:48:00.275040Z"}
{"module": "Microphone Module", "first_iuid": "111310608857:3", "first_iu_created_at": "2025-02-20T12:48:00.275040", "last_iuid": "111310608857:3", "last_iu_created_at": "2025-02-20T12:48:00.275040", "first_previous_iu_created_at": "2025-02-20T12:47:50.244711", "last_previous_iu_created_at": "2025-02-20T12:47:50.244711", "event": "append UM", "level": "info", "timestamp": "2025-02-20T19:48:05.286885Z"}
{"module": "Whipser ASR Module", "event": "process_update", "level": "info", "timestamp": "2025-02-20T19:48:05.286885Z"}
{"module": "Microphone Module", "iuid": "111310608857:4", "previous_iu": "111310608857:3", "grounded_in": null, "event": "create_iu", "level": "info", "timestamp": "2025-02-20T19:48:10.289673Z"}
{"module": "Microphone Module", "first_iuid": "111310608857:4", "first_iu_created_at": "2025-02-20T12:48:10.289673", "last_iuid": "111310608857:4", "last_iu_created_at": "2025-02-20T12:48:10.289673", "first_previous_iu_created_at": "2025-02-20T12:48:00.275040", "last_previous_iu_created_at": "2025-02-20T12:48:00.275040", "event": "append UM", "level": "info", "timestamp": "2025-02-20T19:48:15.302856Z"}
{"module": "Whipser ASR Module", "event": "process_update", "level": "info", "timestamp": "2025-02-20T19:48:15.302856Z"}
{"module": "Microphone Module", "iuid": "111310608857:5", "previous_iu": "111310608857:4", "grounded_in": null, "event": "create_iu", "level": "info", "timestamp": "2025-02-20T19:48:20.317899Z"}
{"module": "Microphone Module", "first_iuid": "111310608857:5", "first_iu_created_at": "2025-02-20T12:48:20.317899", "last_iuid": "111310608857:5", "last_iu_created_at": "2025-02-20T12:48:20.317899", "first_previous_iu_created_at": "2025-02-20T12:48:10.289673", "last_previous_iu_created_at": "2025-02-20T12:48:10.289673", "event": "append UM", "level": "info", "timestamp": "2025-02-20T19:48:25.329709Z"}
{"module": "Whipser ASR Module", "event": "process_update", "level": "info", "timestamp": "2025-02-20T19:48:25.329709Z"}
{"module": "Microphone Module", "iuid": "111310608857:6", "previous_iu": "111310608857:5", "grounded_in": null, "event": "create_iu", "level": "info", "timestamp": "2025-02-20T19:48:30.346454Z"}
{"module": "Microphone Module", "first_iuid": "111310608857:6", "first_iu_created_at": "2025-02-20T12:48:30.346454", "last_iuid": "111310608857:6", "last_iu_created_at": "2025-02-20T12:48:30.346454", "first_previous_iu_created_at": "2025-02-20T12:48:20.317899", "last_previous_iu_created_at": "2025-02-20T12:48:20.317899", "event": "append UM", "level": "info", "timestamp": "2025-02-20T19:48:35.352483Z"}
{"module": "Whipser ASR Module", "event": "process_update", "level": "info", "timestamp": "2025-02-20T19:48:35.352483Z"}
{"module": "Microphone Module", "iuid": "111310608857:7", "previous_iu": "111310608857:6", "grounded_in": null, "event": "create_iu", "level": "info", "timestamp": "2025-02-20T19:48:40.353704Z"}
{"module": "Microphone Module", "first_iuid": "111310608857:7", "first_iu_created_at": "2025-02-20T12:48:40.353704", "last_iuid": "111310608857:7", "last_iu_created_at": "2025-02-20T12:48:40.353704", "first_previous_iu_created_at": "2025-02-20T12:48:30.346454", "last_previous_iu_created_at": "2025-02-20T12:48:30.346454", "event": "append UM", "level": "info", "timestamp": "2025-02-20T19:48:45.363561Z"}
{"module": "Whipser ASR Module", "event": "process_update", "level": "info", "timestamp": "2025-02-20T19:48:45.364562Z"}
{"module": "Microphone Module", "iuid": "111310608857:8", "previous_iu": "111310608857:7", "grounded_in": null, "event": "create_iu", "level": "info", "timestamp": "2025-02-20T19:48:50.378369Z"}
{"module": "Microphone Module", "first_iuid": "111310608857:8", "first_iu_created_at": "2025-02-20T12:48:50.377370", "last_iuid": "111310608857:8", "last_iu_created_at": "2025-02-20T12:48:50.377370", "first_previous_iu_created_at": "2025-02-20T12:48:40.353704", "last_previous_iu_created_at": "2025-02-20T12:48:40.353704", "event": "append UM", "level": "info", "timestamp": "2025-02-20T19:48:55.385562Z"}
{"module": "Whipser ASR Module", "event": "process_update", "level": "info", "timestamp": "2025-02-20T19:48:55.385562Z"}
{"module": "Microphone Module", "iuid": "111310608857:9", "previous_iu": "111310608857:8", "grounded_in": null, "event": "create_iu", "level": "info", "timestamp": "2025-02-20T19:49:00.387905Z"}
{"module": "Microphone Module", "first_iuid": "111310608857:9", "first_iu_created_at": "2025-02-20T12:49:00.387905", "last_iuid": "111310608857:9", "last_iu_created_at": "2025-02-20T12:49:00.387905", "first_previous_iu_created_at": "2025-02-20T12:48:50.377370", "last_previous_iu_created_at": "2025-02-20T12:48:50.377370", "event": "append UM", "level": "info", "timestamp": "2025-02-20T19:49:05.393412Z"}
{"module": "Whipser ASR Module", "event": "process_update", "level": "info", "timestamp": "2025-02-20T19:49:05.394282Z"}
{"module": "Microphone Module", "iuid": "111310608857:10", "previous_iu": "111310608857:9", "grounded_in": null, "event": "create_iu", "level": "info", "timestamp": "2025-02-20T19:49:10.406117Z"}
{"module": "Microphone Module", "first_iuid": "111310608857:10", "first_iu_created_at": "2025-02-20T12:49:10.406117", "last_iuid": "111310608857:10", "last_iu_created_at": "2025-02-20T12:49:10.406117", "first_previous_iu_created_at": "2025-02-20T12:49:00.387905", "last_previous_iu_created_at": "2025-02-20T12:49:00.387905", "event": "append UM", "level": "info", "timestamp": "2025-02-20T19:49:15.420265Z"}
{"module": "Whipser ASR Module", "event": "process_update", "level": "info", "timestamp": "2025-02-20T19:49:15.421269Z"}
{"module": "Microphone Module", "iuid": "111310608857:11", "previous_iu": "111310608857:10", "grounded_in": null, "event": "create_iu", "level": "info", "timestamp": "2025-02-20T19:49:20.436144Z"}
{"module": "Microphone Module", "first_iuid": "111310608857:11", "first_iu_created_at": "2025-02-20T12:49:20.436144", "last_iuid": "111310608857:11", "last_iu_created_at": "2025-02-20T12:49:20.436144", "first_previous_iu_created_at": "2025-02-20T12:49:10.406117", "last_previous_iu_created_at": "2025-02-20T12:49:10.406117", "event": "append UM", "level": "info", "timestamp": "2025-02-20T19:49:25.439417Z"}
{"module": "Whipser ASR Module", "event": "process_update", "level": "info", "timestamp": "2025-02-20T19:49:25.440342Z"}
{"module": "Microphone Module", "iuid": "111310608857:12", "previous_iu": "111310608857:11", "grounded_in": null, "event": "create_iu", "level": "info", "timestamp": "2025-02-20T19:49:30.451275Z"}
{"module": "Microphone Module", "first_iuid": "111310608857:12", "first_iu_created_at": "2025-02-20T12:49:30.451275", "last_iuid": "111310608857:12", "last_iu_created_at": "2025-02-20T12:49:30.451275", "first_previous_iu_created_at": "2025-02-20T12:49:20.436144", "last_previous_iu_created_at": "2025-02-20T12:49:20.436144", "event": "append UM", "level": "info", "timestamp": "2025-02-20T19:49:35.464774Z"}
{"module": "Whipser ASR Module", "event": "process_update", "level": "info", "timestamp": "2025-02-20T19:49:35.464774Z"}
{"module": "Microphone Module", "iuid": "111310608857:13", "previous_iu": "111310608857:12", "grounded_in": null, "event": "create_iu", "level": "info", "timestamp": "2025-02-20T19:49:40.477566Z"}
{"module": "Microphone Module", "first_iuid": "111310608857:13", "first_iu_created_at": "2025-02-20T12:49:40.477566", "last_iuid": "111310608857:13", "last_iu_created_at": "2025-02-20T12:49:40.477566", "first_previous_iu_created_at": "2025-02-20T12:49:30.451275", "last_previous_iu_created_at": "2025-02-20T12:49:30.451275", "event": "append UM", "level": "info", "timestamp": "2025-02-20T19:49:45.492168Z"}
{"module": "Whipser ASR Module", "event": "process_update", "level": "info", "timestamp": "2025-02-20T19:49:45.492168Z"}
{"module": "Microphone Module", "iuid": "111310608857:14", "previous_iu": "111310608857:13", "grounded_in": null, "event": "create_iu", "level": "info", "timestamp": "2025-02-20T19:49:50.509500Z"}
{"module": "Microphone Module", "first_iuid": "111310608857:14", "first_iu_created_at": "2025-02-20T12:49:50.509500", "last_iuid": "111310608857:14", "last_iu_created_at": "2025-02-20T12:49:50.509500", "first_previous_iu_created_at": "2025-02-20T12:49:40.477566", "last_previous_iu_created_at": "2025-02-20T12:49:40.477566", "event": "append UM", "level": "info", "timestamp": "2025-02-20T19:49:55.513266Z"}
{"module": "Whipser ASR Module", "event": "process_update", "level": "info", "timestamp": "2025-02-20T19:49:55.513266Z"}
{"module": "Microphone Module", "iuid": "111310608857:15", "previous_iu": "111310608857:14", "grounded_in": null, "event": "create_iu", "level": "info", "timestamp": "2025-02-20T19:50:00.518948Z"}
{"module": "Microphone Module", "first_iuid": "111310608857:15", "first_iu_created_at": "2025-02-20T12:50:00.518948", "last_iuid": "111310608857:15", "last_iu_created_at": "2025-02-20T12:50:00.518948", "first_previous_iu_created_at": "2025-02-20T12:49:50.509500", "last_previous_iu_created_at": "2025-02-20T12:49:50.509500", "event": "append UM", "level": "info", "timestamp": "2025-02-20T19:50:05.525031Z"}
{"module": "Whipser ASR Module", "event": "process_update", "level": "info", "timestamp": "2025-02-20T19:50:05.525031Z"}
{"module": "Microphone Module", "iuid": "111310608857:16", "previous_iu": "111310608857:15", "grounded_in": null, "event": "create_iu", "level": "info", "timestamp": "2025-02-20T19:50:10.538861Z"}
{"module": "Microphone Module", "first_iuid": "111310608857:16", "first_iu_created_at": "2025-02-20T12:50:10.538861", "last_iuid": "111310608857:16", "last_iu_created_at": "2025-02-20T12:50:10.538861", "first_previous_iu_created_at": "2025-02-20T12:50:00.518948", "last_previous_iu_created_at": "2025-02-20T12:50:00.518948", "event": "append UM", "level": "info", "timestamp": "2025-02-20T19:50:15.542876Z"}
{"module": "Whipser ASR Module", "event": "process_update", "level": "info", "timestamp": "2025-02-20T19:50:15.542876Z"}
{"module": "Microphone Module", "iuid": "111310608857:17", "previous_iu": "111310608857:16", "grounded_in": null, "event": "create_iu", "level": "info", "timestamp": "2025-02-20T19:50:20.557756Z"}
{"module": "Microphone Module", "first_iuid": "111310608857:17", "first_iu_created_at": "2025-02-20T12:50:20.557756", "last_iuid": "111310608857:17", "last_iu_created_at": "2025-02-20T12:50:20.557756", "first_previous_iu_created_at": "2025-02-20T12:50:10.538861", "last_previous_iu_created_at": "2025-02-20T12:50:10.538861", "event": "append UM", "level": "info", "timestamp": "2025-02-20T19:50:25.570218Z"}
{"module": "Whipser ASR Module", "event": "process_update", "level": "info", "timestamp": "2025-02-20T19:50:25.570218Z"}
{"module": "Microphone Module", "iuid": "111310608857:18", "previous_iu": "111310608857:17", "grounded_in": null, "event": "create_iu", "level": "info", "timestamp": "2025-02-20T19:50:30.577450Z"}
{"module": "Microphone Module", "first_iuid": "111310608857:18", "first_iu_created_at": "2025-02-20T12:50:30.577450", "last_iuid": "111310608857:18", "last_iu_created_at": "2025-02-20T12:50:30.577450", "first_previous_iu_created_at": "2025-02-20T12:50:20.557756", "last_previous_iu_created_at": "2025-02-20T12:50:20.557756", "event": "append UM", "level": "info", "timestamp": "2025-02-20T19:50:35.585044Z"}
{"module": "Whipser ASR Module", "event": "process_update", "level": "info", "timestamp": "2025-02-20T19:50:35.585963Z"}
{"module": "Microphone Module", "iuid": "111310608857:19", "previous_iu": "111310608857:18", "grounded_in": null, "event": "create_iu", "level": "info", "timestamp": "2025-02-20T19:50:40.594795Z"}
{"module": "Microphone Module", "first_iuid": "111310608857:19", "first_iu_created_at": "2025-02-20T12:50:40.593868", "last_iuid": "111310608857:19", "last_iu_created_at": "2025-02-20T12:50:40.593868", "first_previous_iu_created_at": "2025-02-20T12:50:30.577450", "last_previous_iu_created_at": "2025-02-20T12:50:30.577450", "event": "append UM", "level": "info", "timestamp": "2025-02-20T19:50:45.606218Z"}
{"module": "Whipser ASR Module", "event": "process_update", "level": "info", "timestamp": "2025-02-20T19:50:45.606218Z"}
{"module": "Microphone Module", "iuid": "111310608857:20", "previous_iu": "111310608857:19", "grounded_in": null, "event": "create_iu", "level": "info", "timestamp": "2025-02-20T19:50:50.623161Z"}
{"module": "Microphone Module", "first_iuid": "111310608857:20", "first_iu_created_at": "2025-02-20T12:50:50.622114", "last_iuid": "111310608857:20", "last_iu_created_at": "2025-02-20T12:50:50.622114", "first_previous_iu_created_at": "2025-02-20T12:50:40.593868", "last_previous_iu_created_at": "2025-02-20T12:50:40.593868", "event": "append UM", "level": "info", "timestamp": "2025-02-20T19:50:55.627161Z"}
{"module": "Whipser ASR Module", "event": "process_update", "level": "info", "timestamp": "2025-02-20T19:50:55.627161Z"}
{"module": "Microphone Module", "iuid": "111310608857:21", "previous_iu": "111310608857:20", "grounded_in": null, "event": "create_iu", "level": "info", "timestamp": "2025-02-20T19:51:00.634604Z"}
{"module": "Microphone Module", "first_iuid": "111310608857:21", "first_iu_created_at": "2025-02-20T12:51:00.634604", "last_iuid": "111310608857:21", "last_iu_created_at": "2025-02-20T12:51:00.634604", "first_previous_iu_created_at": "2025-02-20T12:50:50.622114", "last_previous_iu_created_at": "2025-02-20T12:50:50.622114", "event": "append UM", "level": "info", "timestamp": "2025-02-20T19:51:05.645647Z"}
{"module": "Whipser ASR Module", "event": "process_update", "level": "info", "timestamp": "2025-02-20T19:51:05.645647Z"}
{"module": "Microphone Module", "iuid": "111310608857:22", "previous_iu": "111310608857:21", "grounded_in": null, "event": "create_iu", "level": "info", "timestamp": "2025-02-20T19:51:10.652703Z"}
{"module": "Microphone Module", "first_iuid": "111310608857:22", "first_iu_created_at": "2025-02-20T12:51:10.652703", "last_iuid": "111310608857:22", "last_iu_created_at": "2025-02-20T12:51:10.652703", "first_previous_iu_created_at": "2025-02-20T12:51:00.634604", "last_previous_iu_created_at": "2025-02-20T12:51:00.634604", "event": "append UM", "level": "info", "timestamp": "2025-02-20T19:51:15.662935Z"}
{"module": "Whipser ASR Module", "event": "process_update", "level": "info", "timestamp": "2025-02-20T19:51:15.663934Z"}
{"module": "Microphone Module", "iuid": "111310608857:23", "previous_iu": "111310608857:22", "grounded_in": null, "event": "create_iu", "level": "info", "timestamp": "2025-02-20T19:51:20.669645Z"}
{"module": "Microphone Module", "first_iuid": "111310608857:23", "first_iu_created_at": "2025-02-20T12:51:20.669645", "last_iuid": "111310608857:23", "last_iu_created_at": "2025-02-20T12:51:20.669645", "first_previous_iu_created_at": "2025-02-20T12:51:10.652703", "last_previous_iu_created_at": "2025-02-20T12:51:10.652703", "event": "append UM", "level": "info", "timestamp": "2025-02-20T19:51:25.676817Z"}
{"module": "Whipser ASR Module", "event": "process_update", "level": "info", "timestamp": "2025-02-20T19:51:25.676817Z"}
{"module": "Microphone Module", "iuid": "111310608857:24", "previous_iu": "111310608857:23", "grounded_in": null, "event": "create_iu", "level": "info", "timestamp": "2025-02-20T19:51:30.691813Z"}
{"module": "Microphone Module", "first_iuid": "111310608857:24", "first_iu_created_at": "2025-02-20T12:51:30.691813", "last_iuid": "111310608857:24", "last_iu_created_at": "2025-02-20T12:51:30.691813", "first_previous_iu_created_at": "2025-02-20T12:51:20.669645", "last_previous_iu_created_at": "2025-02-20T12:51:20.669645", "event": "append UM", "level": "info", "timestamp": "2025-02-20T19:51:35.696498Z"}
{"module": "Whipser ASR Module", "event": "process_update", "level": "info", "timestamp": "2025-02-20T19:51:35.696498Z"}
{"module": "Microphone Module", "iuid": "111310608857:25", "previous_iu": "111310608857:24", "grounded_in": null, "event": "create_iu", "level": "info", "timestamp": "2025-02-20T19:51:40.698548Z"}
{"module": "Microphone Module", "first_iuid": "111310608857:25", "first_iu_created_at": "2025-02-20T12:51:40.698548", "last_iuid": "111310608857:25", "last_iu_created_at": "2025-02-20T12:51:40.698548", "first_previous_iu_created_at": "2025-02-20T12:51:30.691813", "last_previous_iu_created_at": "2025-02-20T12:51:30.691813", "event": "append UM", "level": "info", "timestamp": "2025-02-20T19:51:45.701564Z"}
{"module": "Whipser ASR Module", "event": "process_update", "level": "info", "timestamp": "2025-02-20T19:51:45.701564Z"}
{"module": "Microphone Module", "iuid": "111310608857:26", "previous_iu": "111310608857:25", "grounded_in": null, "event": "create_iu", "level": "info", "timestamp": "2025-02-20T19:51:50.712668Z"}
{"module": "Microphone Module", "first_iuid": "111310608857:26", "first_iu_created_at": "2025-02-20T12:51:50.712668", "last_iuid": "111310608857:26", "last_iu_created_at": "2025-02-20T12:51:50.712668", "first_previous_iu_created_at": "2025-02-20T12:51:40.698548", "last_previous_iu_created_at": "2025-02-20T12:51:40.698548", "event": "append UM", "level": "info", "timestamp": "2025-02-20T19:51:55.727621Z"}
{"module": "Whipser ASR Module", "event": "process_update", "level": "info", "timestamp": "2025-02-20T19:51:55.728631Z"}
{"module": "Microphone Module", "iuid": "111310608857:27", "previous_iu": "111310608857:26", "grounded_in": null, "event": "create_iu", "level": "info", "timestamp": "2025-02-20T19:52:00.737460Z"}
{"module": "Microphone Module", "first_iuid": "111310608857:27", "first_iu_created_at": "2025-02-20T12:52:00.737460", "last_iuid": "111310608857:27", "last_iu_created_at": "2025-02-20T12:52:00.737460", "first_previous_iu_created_at": "2025-02-20T12:51:50.712668", "last_previous_iu_created_at": "2025-02-20T12:51:50.712668", "event": "append UM", "level": "info", "timestamp": "2025-02-20T19:52:05.746545Z"}
{"module": "Whipser ASR Module", "event": "process_update", "level": "info", "timestamp": "2025-02-20T19:52:05.746545Z"}
{"module": "Microphone Module", "iuid": "111310608857:28", "previous_iu": "111310608857:27", "grounded_in": null, "event": "create_iu", "level": "info", "timestamp": "2025-02-20T19:52:10.762372Z"}
{"module": "Microphone Module", "first_iuid": "111310608857:28", "first_iu_created_at": "2025-02-20T12:52:10.762372", "last_iuid": "111310608857:28", "last_iu_created_at": "2025-02-20T12:52:10.762372", "first_previous_iu_created_at": "2025-02-20T12:52:00.737460", "last_previous_iu_created_at": "2025-02-20T12:52:00.737460", "event": "append UM", "level": "info", "timestamp": "2025-02-20T19:52:15.764082Z"}
{"module": "Whipser ASR Module", "event": "process_update", "level": "info", "timestamp": "2025-02-20T19:52:15.765047Z"}
{"module": "Microphone Module", "iuid": "111310608857:29", "previous_iu": "111310608857:28", "grounded_in": null, "event": "create_iu", "level": "info", "timestamp": "2025-02-20T19:52:20.779552Z"}
{"module": "Microphone Module", "first_iuid": "111310608857:29", "first_iu_created_at": "2025-02-20T12:52:20.779552", "last_iuid": "111310608857:29", "last_iu_created_at": "2025-02-20T12:52:20.779552", "first_previous_iu_created_at": "2025-02-20T12:52:10.762372", "last_previous_iu_created_at": "2025-02-20T12:52:10.762372", "event": "append UM", "level": "info", "timestamp": "2025-02-20T19:52:25.794383Z"}
{"module": "Whipser ASR Module", "event": "process_update", "level": "info", "timestamp": "2025-02-20T19:52:25.794383Z"}
{"module": "Microphone Module", "iuid": "111310608857:30", "previous_iu": "111310608857:29", "grounded_in": null, "event": "create_iu", "level": "info", "timestamp": "2025-02-20T19:52:30.800524Z"}
{"module": "Microphone Module", "first_iuid": "111310608857:30", "first_iu_created_at": "2025-02-20T12:52:30.800524", "last_iuid": "111310608857:30", "last_iu_created_at": "2025-02-20T12:52:30.800524", "first_previous_iu_created_at": "2025-02-20T12:52:20.779552", "last_previous_iu_created_at": "2025-02-20T12:52:20.779552", "event": "append UM", "level": "info", "timestamp": "2025-02-20T19:52:35.806378Z"}
{"module": "Whipser ASR Module", "event": "process_update", "level": "info", "timestamp": "2025-02-20T19:52:35.807740Z"}
{"module": "Microphone Module", "iuid": "111310608857:31", "previous_iu": "111310608857:30", "grounded_in": null, "event": "create_iu", "level": "info", "timestamp": "2025-02-20T19:52:40.813146Z"}
{"module": "Microphone Module", "first_iuid": "111310608857:31", "first_iu_created_at": "2025-02-20T12:52:40.813146", "last_iuid": "111310608857:31", "last_iu_created_at": "2025-02-20T12:52:40.813146", "first_previous_iu_created_at": "2025-02-20T12:52:30.800524", "last_previous_iu_created_at": "2025-02-20T12:52:30.800524", "event": "append UM", "level": "info", "timestamp": "2025-02-20T19:52:45.825876Z"}
{"module": "Whipser ASR Module", "event": "process_update", "level": "info", "timestamp": "2025-02-20T19:52:45.825876Z"}
