{"event": "init file logger", "level": "info", "timestamp": "2025-04-16T00:20:20.336377Z"}
{"module": "Microphone Module", "event": "init", "level": "info", "timestamp": "2025-04-16T00:20:25.364544Z"}
{"module": "Whipser ASR Module", "event": "init", "level": "info", "timestamp": "2025-04-16T00:20:25.686318Z"}
{"module": "Debug Module", "event": "init", "level": "info", "timestamp": "2025-04-16T00:20:27.338277Z"}
{"module": "Microphone Module", "event": "setup", "level": "info", "timestamp": "2025-04-16T00:20:27.341739Z"}
{"module": "Microphone Module", "event": "prepare_run", "level": "info", "timestamp": "2025-04-16T00:20:32.726161Z"}
{"module": "Whipser ASR Module", "event": "setup", "level": "info", "timestamp": "2025-04-16T00:20:32.726161Z"}
{"module": "Debug Module", "event": "setup", "level": "info", "timestamp": "2025-04-16T00:20:37.733322Z"}
{"module": "Microphone Module", "iuid": "147120500706:0", "previous_iu": null, "grounded_in": null, "event": "create_iu", "level": "info", "timestamp": "2025-04-16T00:20:37.796433Z"}
{"module": "Debug Module", "event": "prepare_run", "level": "info", "timestamp": "2025-04-16T00:20:42.747702Z"}
{"module": "Microphone Module", "first_iuid": "147120500706:0", "first_iu_created_at": "2025-04-15T18:20:37.794926", "last_iuid": "147120500706:0", "last_iu_created_at": "2025-04-15T18:20:37.794926", "event": "append UM", "level": "info", "timestamp": "2025-04-16T00:20:42.807393Z"}
{"module": "Whipser ASR Module", "event": "process_update", "level": "info", "timestamp": "2025-04-16T00:20:42.808365Z"}
{"module": "Microphone Module", "iuid": "147120500706:1", "previous_iu": "147120500706:0", "grounded_in": null, "event": "create_iu", "level": "info", "timestamp": "2025-04-16T00:20:47.821886Z"}
{"module": "Microphone Module", "first_iuid": "147120500706:1", "first_iu_created_at": "2025-04-15T18:20:47.821886", "last_iuid": "147120500706:1", "last_iu_created_at": "2025-04-15T18:20:47.821886", "first_previous_iu_created_at": "2025-04-15T18:20:37.794926", "last_previous_iu_created_at": "2025-04-15T18:20:37.794926", "event": "append UM", "level": "info", "timestamp": "2025-04-16T00:20:52.826762Z"}
{"module": "Whipser ASR Module", "event": "process_update", "level": "info", "timestamp": "2025-04-16T00:20:52.830804Z"}
{"module": "Microphone Module", "iuid": "147120500706:2", "previous_iu": "147120500706:1", "grounded_in": null, "event": "create_iu", "level": "info", "timestamp": "2025-04-16T00:20:57.856456Z"}
{"module": "Microphone Module", "first_iuid": "147120500706:2", "first_iu_created_at": "2025-04-15T18:20:57.856456", "last_iuid": "147120500706:2", "last_iu_created_at": "2025-04-15T18:20:57.856456", "first_previous_iu_created_at": "2025-04-15T18:20:47.821886", "last_previous_iu_created_at": "2025-04-15T18:20:47.821886", "event": "append UM", "level": "info", "timestamp": "2025-04-16T00:21:02.866320Z"}
{"module": "Whipser ASR Module", "event": "process_update", "level": "info", "timestamp": "2025-04-16T00:21:02.867411Z"}
{"module": "Microphone Module", "iuid": "147120500706:3", "previous_iu": "147120500706:2", "grounded_in": null, "event": "create_iu", "level": "info", "timestamp": "2025-04-16T00:21:07.882649Z"}
{"module": "Microphone Module", "first_iuid": "147120500706:3", "first_iu_created_at": "2025-04-15T18:21:07.882649", "last_iuid": "147120500706:3", "last_iu_created_at": "2025-04-15T18:21:07.882649", "first_previous_iu_created_at": "2025-04-15T18:20:57.856456", "last_previous_iu_created_at": "2025-04-15T18:20:57.856456", "event": "append UM", "level": "info", "timestamp": "2025-04-16T00:21:12.897004Z"}
{"module": "Whipser ASR Module", "event": "process_update", "level": "info", "timestamp": "2025-04-16T00:21:12.897910Z"}
{"module": "Microphone Module", "iuid": "147120500706:4", "previous_iu": "147120500706:3", "grounded_in": null, "event": "create_iu", "level": "info", "timestamp": "2025-04-16T00:21:17.912759Z"}
{"module": "Microphone Module", "first_iuid": "147120500706:4", "first_iu_created_at": "2025-04-15T18:21:17.912759", "last_iuid": "147120500706:4", "last_iu_created_at": "2025-04-15T18:21:17.912759", "first_previous_iu_created_at": "2025-04-15T18:21:07.882649", "last_previous_iu_created_at": "2025-04-15T18:21:07.882649", "event": "append UM", "level": "info", "timestamp": "2025-04-16T00:21:22.928803Z"}
{"module": "Whipser ASR Module", "event": "process_update", "level": "info", "timestamp": "2025-04-16T00:21:22.929991Z"}
{"module": "Microphone Module", "iuid": "147120500706:5", "previous_iu": "147120500706:4", "grounded_in": null, "event": "create_iu", "level": "info", "timestamp": "2025-04-16T00:21:27.933332Z"}
{"module": "Microphone Module", "first_iuid": "147120500706:5", "first_iu_created_at": "2025-04-15T18:21:27.933332", "last_iuid": "147120500706:5", "last_iu_created_at": "2025-04-15T18:21:27.933332", "first_previous_iu_created_at": "2025-04-15T18:21:17.912759", "last_previous_iu_created_at": "2025-04-15T18:21:17.912759", "event": "append UM", "level": "info", "timestamp": "2025-04-16T00:21:32.938844Z"}
{"module": "Whipser ASR Module", "event": "process_update", "level": "info", "timestamp": "2025-04-16T00:21:32.938844Z"}
