{"event": "init file logger", "level": "info", "timestamp": "2025-03-11T16:23:50.791462Z"}
{"module": "Microphone Module", "event": "init", "level": "info", "timestamp": "2025-03-11T16:23:55.826599Z"}
{"module": "Whipser ASR Module", "event": "init", "level": "info", "timestamp": "2025-03-11T16:23:56.067521Z"}
{"module": "Debug Module", "event": "init", "level": "info", "timestamp": "2025-03-11T16:23:57.364316Z"}
{"module": "Microphone Module", "event": "setup", "level": "info", "timestamp": "2025-03-11T16:23:57.364316Z"}
{"module": "Microphone Module", "event": "prepare_run", "level": "info", "timestamp": "2025-03-11T16:24:02.638313Z"}
{"module": "Whipser ASR Module", "event": "setup", "level": "info", "timestamp": "2025-03-11T16:24:02.638313Z"}
{"module": "Debug Module", "event": "setup", "level": "info", "timestamp": "2025-03-11T16:24:07.647531Z"}
{"module": "Microphone Module", "iuid": "127934804264:0", "previous_iu": null, "grounded_in": null, "event": "create_iu", "level": "info", "timestamp": "2025-03-11T16:24:07.703068Z"}
{"module": "Debug Module", "event": "prepare_run", "level": "info", "timestamp": "2025-03-11T16:24:12.652956Z"}
{"module": "Microphone Module", "first_iuid": "127934804264:0", "first_iu_created_at": "2025-03-11T10:24:07.703068", "last_iuid": "127934804264:0", "last_iu_created_at": "2025-03-11T10:24:07.703068", "event": "append UM", "level": "info", "timestamp": "2025-03-11T16:24:12.713160Z"}
{"module": "Whipser ASR Module", "event": "process_update", "level": "info", "timestamp": "2025-03-11T16:24:12.713160Z"}
{"module": "Microphone Module", "iuid": "127934804264:1", "previous_iu": "127934804264:0", "grounded_in": null, "event": "create_iu", "level": "info", "timestamp": "2025-03-11T16:24:17.717903Z"}
{"module": "Microphone Module", "first_iuid": "127934804264:1", "first_iu_created_at": "2025-03-11T10:24:17.717903", "last_iuid": "127934804264:1", "last_iu_created_at": "2025-03-11T10:24:17.717903", "first_previous_iu_created_at": "2025-03-11T10:24:07.703068", "last_previous_iu_created_at": "2025-03-11T10:24:07.703068", "event": "append UM", "level": "info", "timestamp": "2025-03-11T16:24:22.731460Z"}
{"module": "Whipser ASR Module", "event": "process_update", "level": "info", "timestamp": "2025-03-11T16:24:22.731460Z"}
{"module": "Microphone Module", "iuid": "127934804264:2", "previous_iu": "127934804264:1", "grounded_in": null, "event": "create_iu", "level": "info", "timestamp": "2025-03-11T16:24:27.747723Z"}
{"module": "Microphone Module", "first_iuid": "127934804264:2", "first_iu_created_at": "2025-03-11T10:24:27.747723", "last_iuid": "127934804264:2", "last_iu_created_at": "2025-03-11T10:24:27.747723", "first_previous_iu_created_at": "2025-03-11T10:24:17.717903", "last_previous_iu_created_at": "2025-03-11T10:24:17.717903", "event": "append UM", "level": "info", "timestamp": "2025-03-11T16:24:32.751106Z"}
{"module": "Whipser ASR Module", "event": "process_update", "level": "info", "timestamp": "2025-03-11T16:24:32.751106Z"}
{"module": "Microphone Module", "iuid": "127934804264:3", "previous_iu": "127934804264:2", "grounded_in": null, "event": "create_iu", "level": "info", "timestamp": "2025-03-11T16:24:37.755459Z"}
{"module": "Microphone Module", "first_iuid": "127934804264:3", "first_iu_created_at": "2025-03-11T10:24:37.755459", "last_iuid": "127934804264:3", "last_iu_created_at": "2025-03-11T10:24:37.755459", "first_previous_iu_created_at": "2025-03-11T10:24:27.747723", "last_previous_iu_created_at": "2025-03-11T10:24:27.747723", "event": "append UM", "level": "info", "timestamp": "2025-03-11T16:24:42.764564Z"}
{"module": "Whipser ASR Module", "event": "process_update", "level": "info", "timestamp": "2025-03-11T16:24:42.764564Z"}
{"module": "Microphone Module", "iuid": "127934804264:4", "previous_iu": "127934804264:3", "grounded_in": null, "event": "create_iu", "level": "info", "timestamp": "2025-03-11T16:24:47.774162Z"}
{"module": "Microphone Module", "first_iuid": "127934804264:4", "first_iu_created_at": "2025-03-11T10:24:47.774162", "last_iuid": "127934804264:4", "last_iu_created_at": "2025-03-11T10:24:47.774162", "first_previous_iu_created_at": "2025-03-11T10:24:37.755459", "last_previous_iu_created_at": "2025-03-11T10:24:37.755459", "event": "append UM", "level": "info", "timestamp": "2025-03-11T16:24:52.776132Z"}
{"module": "Whipser ASR Module", "event": "process_update", "level": "info", "timestamp": "2025-03-11T16:24:52.776132Z"}
{"module": "Microphone Module", "iuid": "127934804264:5", "previous_iu": "127934804264:4", "grounded_in": null, "event": "create_iu", "level": "info", "timestamp": "2025-03-11T16:24:57.779538Z"}
{"module": "Microphone Module", "first_iuid": "127934804264:5", "first_iu_created_at": "2025-03-11T10:24:57.779538", "last_iuid": "127934804264:5", "last_iu_created_at": "2025-03-11T10:24:57.779538", "first_previous_iu_created_at": "2025-03-11T10:24:47.774162", "last_previous_iu_created_at": "2025-03-11T10:24:47.774162", "event": "append UM", "level": "info", "timestamp": "2025-03-11T16:25:02.784200Z"}
{"module": "Whipser ASR Module", "event": "process_update", "level": "info", "timestamp": "2025-03-11T16:25:02.785317Z"}
{"module": "Microphone Module", "iuid": "127934804264:6", "previous_iu": "127934804264:5", "grounded_in": null, "event": "create_iu", "level": "info", "timestamp": "2025-03-11T16:25:07.794101Z"}
{"module": "Microphone Module", "first_iuid": "127934804264:6", "first_iu_created_at": "2025-03-11T10:25:07.794101", "last_iuid": "127934804264:6", "last_iu_created_at": "2025-03-11T10:25:07.794101", "first_previous_iu_created_at": "2025-03-11T10:24:57.779538", "last_previous_iu_created_at": "2025-03-11T10:24:57.779538", "event": "append UM", "level": "info", "timestamp": "2025-03-11T16:25:12.806027Z"}
{"module": "Whipser ASR Module", "event": "process_update", "level": "info", "timestamp": "2025-03-11T16:25:12.806027Z"}
{"module": "Microphone Module", "iuid": "127934804264:7", "previous_iu": "127934804264:6", "grounded_in": null, "event": "create_iu", "level": "info", "timestamp": "2025-03-11T16:25:17.813030Z"}
{"module": "Microphone Module", "first_iuid": "127934804264:7", "first_iu_created_at": "2025-03-11T10:25:17.812027", "last_iuid": "127934804264:7", "last_iu_created_at": "2025-03-11T10:25:17.812027", "first_previous_iu_created_at": "2025-03-11T10:25:07.794101", "last_previous_iu_created_at": "2025-03-11T10:25:07.794101", "event": "append UM", "level": "info", "timestamp": "2025-03-11T16:25:22.815150Z"}
{"module": "Whipser ASR Module", "event": "process_update", "level": "info", "timestamp": "2025-03-11T16:25:22.815150Z"}
{"module": "Microphone Module", "iuid": "127934804264:8", "previous_iu": "127934804264:7", "grounded_in": null, "event": "create_iu", "level": "info", "timestamp": "2025-03-11T16:25:27.832164Z"}
{"module": "Microphone Module", "first_iuid": "127934804264:8", "first_iu_created_at": "2025-03-11T10:25:27.832164", "last_iuid": "127934804264:8", "last_iu_created_at": "2025-03-11T10:25:27.832164", "first_previous_iu_created_at": "2025-03-11T10:25:17.812027", "last_previous_iu_created_at": "2025-03-11T10:25:17.812027", "event": "append UM", "level": "info", "timestamp": "2025-03-11T16:25:32.847998Z"}
{"module": "Whipser ASR Module", "event": "process_update", "level": "info", "timestamp": "2025-03-11T16:25:32.848999Z"}
{"module": "Microphone Module", "iuid": "127934804264:9", "previous_iu": "127934804264:8", "grounded_in": null, "event": "create_iu", "level": "info", "timestamp": "2025-03-11T16:25:37.853968Z"}
{"module": "Microphone Module", "first_iuid": "127934804264:9", "first_iu_created_at": "2025-03-11T10:25:37.853968", "last_iuid": "127934804264:9", "last_iu_created_at": "2025-03-11T10:25:37.853968", "first_previous_iu_created_at": "2025-03-11T10:25:27.832164", "last_previous_iu_created_at": "2025-03-11T10:25:27.832164", "event": "append UM", "level": "info", "timestamp": "2025-03-11T16:25:42.856026Z"}
{"module": "Whipser ASR Module", "event": "process_update", "level": "info", "timestamp": "2025-03-11T16:25:42.856026Z"}
{"module": "Microphone Module", "iuid": "127934804264:10", "previous_iu": "127934804264:9", "grounded_in": null, "event": "create_iu", "level": "info", "timestamp": "2025-03-11T16:25:47.864846Z"}
{"module": "Microphone Module", "first_iuid": "127934804264:10", "first_iu_created_at": "2025-03-11T10:25:47.864846", "last_iuid": "127934804264:10", "last_iu_created_at": "2025-03-11T10:25:47.864846", "first_previous_iu_created_at": "2025-03-11T10:25:37.853968", "last_previous_iu_created_at": "2025-03-11T10:25:37.853968", "event": "append UM", "level": "info", "timestamp": "2025-03-11T16:25:52.875358Z"}
{"module": "Whipser ASR Module", "event": "process_update", "level": "info", "timestamp": "2025-03-11T16:25:52.875358Z"}
