{"event": "init file logger", "level": "info", "timestamp": "2025-02-17T00:01:19.667310Z"}
{"module": "Microphone Module", "event": "init", "level": "info", "timestamp": "2025-02-17T00:01:19.709521Z"}
{"module": "Whipser ASR Module", "event": "init", "level": "info", "timestamp": "2025-02-17T00:01:19.804172Z"}
{"module": "Debug Module", "event": "init", "level": "info", "timestamp": "2025-02-17T00:01:21.079585Z"}
{"module": "Microphone Module", "event": "setup", "level": "info", "timestamp": "2025-02-17T00:01:21.079585Z"}
{"module": "Microphone Module", "event": "prepare_run", "level": "info", "timestamp": "2025-02-17T00:01:21.220017Z"}
{"module": "Whipser ASR Module", "event": "setup", "level": "info", "timestamp": "2025-02-17T00:01:21.220017Z"}
{"module": "Debug Module", "event": "setup", "level": "info", "timestamp": "2025-02-17T00:01:21.220017Z"}
{"module": "Debug Module", "event": "prepare_run", "level": "info", "timestamp": "2025-02-17T00:01:21.224543Z"}
{"module": "Microphone Module", "iuid": "111950694795:0", "previous_iu": null, "grounded_in": null, "event": "create_iu", "level": "info", "timestamp": "2025-02-17T00:01:21.258767Z"}
{"module": "Microphone Module", "first_iuid": "111950694795:0", "first_iu_created_at": "2025-02-16T17:01:21.258767", "last_iuid": "111950694795:0", "last_iu_created_at": "2025-02-16T17:01:21.258767", "event": "append UM", "level": "info", "timestamp": "2025-02-17T00:01:21.259773Z"}
{"module": "Whipser ASR Module", "event": "process_update", "level": "info", "timestamp": "2025-02-17T00:01:21.259773Z"}
{"module": "Microphone Module", "iuid": "111950694795:1", "previous_iu": "111950694795:0", "grounded_in": null, "event": "create_iu", "level": "info", "timestamp": "2025-02-17T00:01:21.277601Z"}
{"module": "Microphone Module", "first_iuid": "111950694795:1", "first_iu_created_at": "2025-02-16T17:01:21.277601", "last_iuid": "111950694795:1", "last_iu_created_at": "2025-02-16T17:01:21.277601", "first_previous_iu_created_at": "2025-02-16T17:01:21.258767", "last_previous_iu_created_at": "2025-02-16T17:01:21.258767", "event": "append UM", "level": "info", "timestamp": "2025-02-17T00:01:21.279753Z"}
{"module": "Whipser ASR Module", "event": "process_update", "level": "info", "timestamp": "2025-02-17T00:01:21.279753Z"}
{"module": "Microphone Module", "iuid": "111950694795:2", "previous_iu": "111950694795:1", "grounded_in": null, "event": "create_iu", "level": "info", "timestamp": "2025-02-17T00:01:21.297840Z"}
{"module": "Microphone Module", "first_iuid": "111950694795:2", "first_iu_created_at": "2025-02-16T17:01:21.297840", "last_iuid": "111950694795:2", "last_iu_created_at": "2025-02-16T17:01:21.297840", "first_previous_iu_created_at": "2025-02-16T17:01:21.277601", "last_previous_iu_created_at": "2025-02-16T17:01:21.277601", "event": "append UM", "level": "info", "timestamp": "2025-02-17T00:01:21.297840Z"}
{"module": "Whipser ASR Module", "event": "process_update", "level": "info", "timestamp": "2025-02-17T00:01:21.299889Z"}
{"module": "Microphone Module", "iuid": "111950694795:3", "previous_iu": "111950694795:2", "grounded_in": null, "event": "create_iu", "level": "info", "timestamp": "2025-02-17T00:01:21.318711Z"}
{"module": "Microphone Module", "first_iuid": "111950694795:3", "first_iu_created_at": "2025-02-16T17:01:21.318711", "last_iuid": "111950694795:3", "last_iu_created_at": "2025-02-16T17:01:21.318711", "first_previous_iu_created_at": "2025-02-16T17:01:21.297840", "last_previous_iu_created_at": "2025-02-16T17:01:21.297840", "event": "append UM", "level": "info", "timestamp": "2025-02-17T00:01:21.318711Z"}
{"module": "Whipser ASR Module", "event": "process_update", "level": "info", "timestamp": "2025-02-17T00:01:21.318711Z"}
{"module": "Microphone Module", "iuid": "111950694795:4", "previous_iu": "111950694795:3", "grounded_in": null, "event": "create_iu", "level": "info", "timestamp": "2025-02-17T00:01:21.339930Z"}
{"module": "Microphone Module", "first_iuid": "111950694795:4", "first_iu_created_at": "2025-02-16T17:01:21.339930", "last_iuid": "111950694795:4", "last_iu_created_at": "2025-02-16T17:01:21.339930", "first_previous_iu_created_at": "2025-02-16T17:01:21.318711", "last_previous_iu_created_at": "2025-02-16T17:01:21.318711", "event": "append UM", "level": "info", "timestamp": "2025-02-17T00:01:21.340934Z"}
{"module": "Whipser ASR Module", "event": "process_update", "level": "info", "timestamp": "2025-02-17T00:01:21.340934Z"}
{"module": "Microphone Module", "iuid": "111950694795:5", "previous_iu": "111950694795:4", "grounded_in": null, "event": "create_iu", "level": "info", "timestamp": "2025-02-17T00:01:21.358845Z"}
{"module": "Microphone Module", "first_iuid": "111950694795:5", "first_iu_created_at": "2025-02-16T17:01:21.358845", "last_iuid": "111950694795:5", "last_iu_created_at": "2025-02-16T17:01:21.358845", "first_previous_iu_created_at": "2025-02-16T17:01:21.339930", "last_previous_iu_created_at": "2025-02-16T17:01:21.339930", "event": "append UM", "level": "info", "timestamp": "2025-02-17T00:01:21.359851Z"}
{"module": "Whipser ASR Module", "event": "process_update", "level": "info", "timestamp": "2025-02-17T00:01:21.360792Z"}
{"module": "Microphone Module", "iuid": "111950694795:6", "previous_iu": "111950694795:5", "grounded_in": null, "event": "create_iu", "level": "info", "timestamp": "2025-02-17T00:01:21.377419Z"}
{"module": "Microphone Module", "first_iuid": "111950694795:6", "first_iu_created_at": "2025-02-16T17:01:21.377419", "last_iuid": "111950694795:6", "last_iu_created_at": "2025-02-16T17:01:21.377419", "first_previous_iu_created_at": "2025-02-16T17:01:21.358845", "last_previous_iu_created_at": "2025-02-16T17:01:21.358845", "event": "append UM", "level": "info", "timestamp": "2025-02-17T00:01:21.379501Z"}
{"module": "Whipser ASR Module", "event": "process_update", "level": "info", "timestamp": "2025-02-17T00:01:21.379501Z"}
{"module": "Microphone Module", "iuid": "111950694795:7", "previous_iu": "111950694795:6", "grounded_in": null, "event": "create_iu", "level": "info", "timestamp": "2025-02-17T00:01:21.397649Z"}
{"module": "Microphone Module", "first_iuid": "111950694795:7", "first_iu_created_at": "2025-02-16T17:01:21.397649", "last_iuid": "111950694795:7", "last_iu_created_at": "2025-02-16T17:01:21.397649", "first_previous_iu_created_at": "2025-02-16T17:01:21.377419", "last_previous_iu_created_at": "2025-02-16T17:01:21.377419", "event": "append UM", "level": "info", "timestamp": "2025-02-17T00:01:21.400688Z"}
{"module": "Whipser ASR Module", "event": "process_update", "level": "info", "timestamp": "2025-02-17T00:01:21.400688Z"}
{"module": "Microphone Module", "iuid": "111950694795:8", "previous_iu": "111950694795:7", "grounded_in": null, "event": "create_iu", "level": "info", "timestamp": "2025-02-17T00:01:21.417653Z"}
{"module": "Microphone Module", "first_iuid": "111950694795:8", "first_iu_created_at": "2025-02-16T17:01:21.417653", "last_iuid": "111950694795:8", "last_iu_created_at": "2025-02-16T17:01:21.417653", "first_previous_iu_created_at": "2025-02-16T17:01:21.397649", "last_previous_iu_created_at": "2025-02-16T17:01:21.397649", "event": "append UM", "level": "info", "timestamp": "2025-02-17T00:01:21.417653Z"}
{"module": "Whipser ASR Module", "event": "process_update", "level": "info", "timestamp": "2025-02-17T00:01:21.417653Z"}
{"module": "Microphone Module", "iuid": "111950694795:9", "previous_iu": "111950694795:8", "grounded_in": null, "event": "create_iu", "level": "info", "timestamp": "2025-02-17T00:01:21.439561Z"}
{"module": "Microphone Module", "first_iuid": "111950694795:9", "first_iu_created_at": "2025-02-16T17:01:21.439561", "last_iuid": "111950694795:9", "last_iu_created_at": "2025-02-16T17:01:21.439561", "first_previous_iu_created_at": "2025-02-16T17:01:21.417653", "last_previous_iu_created_at": "2025-02-16T17:01:21.417653", "event": "append UM", "level": "info", "timestamp": "2025-02-17T00:01:21.440152Z"}
{"module": "Whipser ASR Module", "event": "process_update", "level": "info", "timestamp": "2025-02-17T00:01:21.440152Z"}
{"module": "Microphone Module", "iuid": "111950694795:10", "previous_iu": "111950694795:9", "grounded_in": null, "event": "create_iu", "level": "info", "timestamp": "2025-02-17T00:01:21.457788Z"}
{"module": "Microphone Module", "first_iuid": "111950694795:10", "first_iu_created_at": "2025-02-16T17:01:21.457788", "last_iuid": "111950694795:10", "last_iu_created_at": "2025-02-16T17:01:21.457788", "first_previous_iu_created_at": "2025-02-16T17:01:21.439561", "last_previous_iu_created_at": "2025-02-16T17:01:21.439561", "event": "append UM", "level": "info", "timestamp": "2025-02-17T00:01:21.457788Z"}
{"module": "Whipser ASR Module", "event": "process_update", "level": "info", "timestamp": "2025-02-17T00:01:21.457788Z"}
{"module": "Microphone Module", "iuid": "111950694795:11", "previous_iu": "111950694795:10", "grounded_in": null, "event": "create_iu", "level": "info", "timestamp": "2025-02-17T00:01:21.477494Z"}
{"module": "Microphone Module", "first_iuid": "111950694795:11", "first_iu_created_at": "2025-02-16T17:01:21.477494", "last_iuid": "111950694795:11", "last_iu_created_at": "2025-02-16T17:01:21.477494", "first_previous_iu_created_at": "2025-02-16T17:01:21.457788", "last_previous_iu_created_at": "2025-02-16T17:01:21.457788", "event": "append UM", "level": "info", "timestamp": "2025-02-17T00:01:21.479528Z"}
{"module": "Whipser ASR Module", "event": "process_update", "level": "info", "timestamp": "2025-02-17T00:01:21.479528Z"}
{"module": "Microphone Module", "iuid": "111950694795:12", "previous_iu": "111950694795:11", "grounded_in": null, "event": "create_iu", "level": "info", "timestamp": "2025-02-17T00:01:21.497821Z"}
{"module": "Microphone Module", "first_iuid": "111950694795:12", "first_iu_created_at": "2025-02-16T17:01:21.497821", "last_iuid": "111950694795:12", "last_iu_created_at": "2025-02-16T17:01:21.497821", "first_previous_iu_created_at": "2025-02-16T17:01:21.477494", "last_previous_iu_created_at": "2025-02-16T17:01:21.477494", "event": "append UM", "level": "info", "timestamp": "2025-02-17T00:01:21.497821Z"}
{"module": "Whipser ASR Module", "event": "process_update", "level": "info", "timestamp": "2025-02-17T00:01:21.497821Z"}
{"module": "Microphone Module", "iuid": "111950694795:13", "previous_iu": "111950694795:12", "grounded_in": null, "event": "create_iu", "level": "info", "timestamp": "2025-02-17T00:01:21.517609Z"}
{"module": "Microphone Module", "first_iuid": "111950694795:13", "first_iu_created_at": "2025-02-16T17:01:21.517609", "last_iuid": "111950694795:13", "last_iu_created_at": "2025-02-16T17:01:21.517609", "first_previous_iu_created_at": "2025-02-16T17:01:21.497821", "last_previous_iu_created_at": "2025-02-16T17:01:21.497821", "event": "append UM", "level": "info", "timestamp": "2025-02-17T00:01:21.519689Z"}
{"module": "Whipser ASR Module", "event": "process_update", "level": "info", "timestamp": "2025-02-17T00:01:21.519689Z"}
{"module": "Microphone Module", "iuid": "111950694795:14", "previous_iu": "111950694795:13", "grounded_in": null, "event": "create_iu", "level": "info", "timestamp": "2025-02-17T00:01:21.539640Z"}
{"module": "Microphone Module", "first_iuid": "111950694795:14", "first_iu_created_at": "2025-02-16T17:01:21.537492", "last_iuid": "111950694795:14", "last_iu_created_at": "2025-02-16T17:01:21.537492", "first_previous_iu_created_at": "2025-02-16T17:01:21.517609", "last_previous_iu_created_at": "2025-02-16T17:01:21.517609", "event": "append UM", "level": "info", "timestamp": "2025-02-17T00:01:21.539640Z"}
{"module": "Whipser ASR Module", "event": "process_update", "level": "info", "timestamp": "2025-02-17T00:01:21.539640Z"}
{"module": "Microphone Module", "iuid": "111950694795:15", "previous_iu": "111950694795:14", "grounded_in": null, "event": "create_iu", "level": "info", "timestamp": "2025-02-17T00:01:21.557671Z"}
{"module": "Microphone Module", "first_iuid": "111950694795:15", "first_iu_created_at": "2025-02-16T17:01:21.557671", "last_iuid": "111950694795:15", "last_iu_created_at": "2025-02-16T17:01:21.557671", "first_previous_iu_created_at": "2025-02-16T17:01:21.537492", "last_previous_iu_created_at": "2025-02-16T17:01:21.537492", "event": "append UM", "level": "info", "timestamp": "2025-02-17T00:01:21.557671Z"}
{"module": "Whipser ASR Module", "event": "process_update", "level": "info", "timestamp": "2025-02-17T00:01:21.557671Z"}
{"module": "Microphone Module", "iuid": "111950694795:16", "previous_iu": "111950694795:15", "grounded_in": null, "event": "create_iu", "level": "info", "timestamp": "2025-02-17T00:01:21.577937Z"}
{"module": "Microphone Module", "first_iuid": "111950694795:16", "first_iu_created_at": "2025-02-16T17:01:21.577937", "last_iuid": "111950694795:16", "last_iu_created_at": "2025-02-16T17:01:21.577937", "first_previous_iu_created_at": "2025-02-16T17:01:21.557671", "last_previous_iu_created_at": "2025-02-16T17:01:21.557671", "event": "append UM", "level": "info", "timestamp": "2025-02-17T00:01:21.577937Z"}
{"module": "Whipser ASR Module", "event": "process_update", "level": "info", "timestamp": "2025-02-17T00:01:21.577937Z"}
{"module": "Microphone Module", "iuid": "111950694795:17", "previous_iu": "111950694795:16", "grounded_in": null, "event": "create_iu", "level": "info", "timestamp": "2025-02-17T00:01:21.599485Z"}
{"module": "Microphone Module", "first_iuid": "111950694795:17", "first_iu_created_at": "2025-02-16T17:01:21.599485", "last_iuid": "111950694795:17", "last_iu_created_at": "2025-02-16T17:01:21.599485", "first_previous_iu_created_at": "2025-02-16T17:01:21.577937", "last_previous_iu_created_at": "2025-02-16T17:01:21.577937", "event": "append UM", "level": "info", "timestamp": "2025-02-17T00:01:21.599485Z"}
{"module": "Whipser ASR Module", "event": "process_update", "level": "info", "timestamp": "2025-02-17T00:01:21.599485Z"}
{"module": "Microphone Module", "iuid": "111950694795:18", "previous_iu": "111950694795:17", "grounded_in": null, "event": "create_iu", "level": "info", "timestamp": "2025-02-17T00:01:21.617869Z"}
{"module": "Microphone Module", "first_iuid": "111950694795:18", "first_iu_created_at": "2025-02-16T17:01:21.617869", "last_iuid": "111950694795:18", "last_iu_created_at": "2025-02-16T17:01:21.617869", "first_previous_iu_created_at": "2025-02-16T17:01:21.599485", "last_previous_iu_created_at": "2025-02-16T17:01:21.599485", "event": "append UM", "level": "info", "timestamp": "2025-02-17T00:01:21.619972Z"}
{"module": "Whipser ASR Module", "event": "process_update", "level": "info", "timestamp": "2025-02-17T00:01:21.619972Z"}
{"module": "Microphone Module", "iuid": "111950694795:19", "previous_iu": "111950694795:18", "grounded_in": null, "event": "create_iu", "level": "info", "timestamp": "2025-02-17T00:01:21.639655Z"}
{"module": "Microphone Module", "first_iuid": "111950694795:19", "first_iu_created_at": "2025-02-16T17:01:21.639655", "last_iuid": "111950694795:19", "last_iu_created_at": "2025-02-16T17:01:21.639655", "first_previous_iu_created_at": "2025-02-16T17:01:21.617869", "last_previous_iu_created_at": "2025-02-16T17:01:21.617869", "event": "append UM", "level": "info", "timestamp": "2025-02-17T00:01:21.639655Z"}
{"module": "Whipser ASR Module", "event": "process_update", "level": "info", "timestamp": "2025-02-17T00:01:21.639655Z"}
{"module": "Microphone Module", "iuid": "111950694795:20", "previous_iu": "111950694795:19", "grounded_in": null, "event": "create_iu", "level": "info", "timestamp": "2025-02-17T00:01:21.657826Z"}
{"module": "Microphone Module", "first_iuid": "111950694795:20", "first_iu_created_at": "2025-02-16T17:01:21.657826", "last_iuid": "111950694795:20", "last_iu_created_at": "2025-02-16T17:01:21.657826", "first_previous_iu_created_at": "2025-02-16T17:01:21.639655", "last_previous_iu_created_at": "2025-02-16T17:01:21.639655", "event": "append UM", "level": "info", "timestamp": "2025-02-17T00:01:21.657826Z"}
{"module": "Whipser ASR Module", "event": "process_update", "level": "info", "timestamp": "2025-02-17T00:01:21.657826Z"}
{"module": "Microphone Module", "iuid": "111950694795:21", "previous_iu": "111950694795:20", "grounded_in": null, "event": "create_iu", "level": "info", "timestamp": "2025-02-17T00:01:21.677479Z"}
{"module": "Microphone Module", "first_iuid": "111950694795:21", "first_iu_created_at": "2025-02-16T17:01:21.677479", "last_iuid": "111950694795:21", "last_iu_created_at": "2025-02-16T17:01:21.677479", "first_previous_iu_created_at": "2025-02-16T17:01:21.657826", "last_previous_iu_created_at": "2025-02-16T17:01:21.657826", "event": "append UM", "level": "info", "timestamp": "2025-02-17T00:01:21.677479Z"}
{"module": "Whipser ASR Module", "event": "process_update", "level": "info", "timestamp": "2025-02-17T00:01:21.677479Z"}
{"module": "Microphone Module", "iuid": "111950694795:22", "previous_iu": "111950694795:21", "grounded_in": null, "event": "create_iu", "level": "info", "timestamp": "2025-02-17T00:01:21.697539Z"}
{"module": "Microphone Module", "first_iuid": "111950694795:22", "first_iu_created_at": "2025-02-16T17:01:21.697539", "last_iuid": "111950694795:22", "last_iu_created_at": "2025-02-16T17:01:21.697539", "first_previous_iu_created_at": "2025-02-16T17:01:21.677479", "last_previous_iu_created_at": "2025-02-16T17:01:21.677479", "event": "append UM", "level": "info", "timestamp": "2025-02-17T00:01:21.697539Z"}
{"module": "Whipser ASR Module", "event": "process_update", "level": "info", "timestamp": "2025-02-17T00:01:21.697539Z"}
{"module": "Microphone Module", "iuid": "111950694795:23", "previous_iu": "111950694795:22", "grounded_in": null, "event": "create_iu", "level": "info", "timestamp": "2025-02-17T00:01:21.717763Z"}
{"module": "Microphone Module", "first_iuid": "111950694795:23", "first_iu_created_at": "2025-02-16T17:01:21.717763", "last_iuid": "111950694795:23", "last_iu_created_at": "2025-02-16T17:01:21.717763", "first_previous_iu_created_at": "2025-02-16T17:01:21.697539", "last_previous_iu_created_at": "2025-02-16T17:01:21.697539", "event": "append UM", "level": "info", "timestamp": "2025-02-17T00:01:21.717763Z"}
{"module": "Whipser ASR Module", "event": "process_update", "level": "info", "timestamp": "2025-02-17T00:01:21.717763Z"}
{"module": "Microphone Module", "iuid": "111950694795:24", "previous_iu": "111950694795:23", "grounded_in": null, "event": "create_iu", "level": "info", "timestamp": "2025-02-17T00:01:21.737958Z"}
{"module": "Microphone Module", "first_iuid": "111950694795:24", "first_iu_created_at": "2025-02-16T17:01:21.737958", "last_iuid": "111950694795:24", "last_iu_created_at": "2025-02-16T17:01:21.737958", "first_previous_iu_created_at": "2025-02-16T17:01:21.717763", "last_previous_iu_created_at": "2025-02-16T17:01:21.717763", "event": "append UM", "level": "info", "timestamp": "2025-02-17T00:01:21.737958Z"}
{"module": "Whipser ASR Module", "event": "process_update", "level": "info", "timestamp": "2025-02-17T00:01:21.737958Z"}
{"module": "Microphone Module", "iuid": "111950694795:25", "previous_iu": "111950694795:24", "grounded_in": null, "event": "create_iu", "level": "info", "timestamp": "2025-02-17T00:01:21.757529Z"}
{"module": "Microphone Module", "first_iuid": "111950694795:25", "first_iu_created_at": "2025-02-16T17:01:21.757529", "last_iuid": "111950694795:25", "last_iu_created_at": "2025-02-16T17:01:21.757529", "first_previous_iu_created_at": "2025-02-16T17:01:21.737958", "last_previous_iu_created_at": "2025-02-16T17:01:21.737958", "event": "append UM", "level": "info", "timestamp": "2025-02-17T00:01:21.759734Z"}
{"module": "Whipser ASR Module", "event": "process_update", "level": "info", "timestamp": "2025-02-17T00:01:21.759734Z"}
{"module": "Microphone Module", "iuid": "111950694795:26", "previous_iu": "111950694795:25", "grounded_in": null, "event": "create_iu", "level": "info", "timestamp": "2025-02-17T00:01:21.777611Z"}
{"module": "Microphone Module", "first_iuid": "111950694795:26", "first_iu_created_at": "2025-02-16T17:01:21.777611", "last_iuid": "111950694795:26", "last_iu_created_at": "2025-02-16T17:01:21.777611", "first_previous_iu_created_at": "2025-02-16T17:01:21.757529", "last_previous_iu_created_at": "2025-02-16T17:01:21.757529", "event": "append UM", "level": "info", "timestamp": "2025-02-17T00:01:21.777611Z"}
{"module": "Whipser ASR Module", "event": "process_update", "level": "info", "timestamp": "2025-02-17T00:01:21.777611Z"}
{"module": "Microphone Module", "iuid": "111950694795:27", "previous_iu": "111950694795:26", "grounded_in": null, "event": "create_iu", "level": "info", "timestamp": "2025-02-17T00:01:21.797593Z"}
{"module": "Microphone Module", "first_iuid": "111950694795:27", "first_iu_created_at": "2025-02-16T17:01:21.797593", "last_iuid": "111950694795:27", "last_iu_created_at": "2025-02-16T17:01:21.797593", "first_previous_iu_created_at": "2025-02-16T17:01:21.777611", "last_previous_iu_created_at": "2025-02-16T17:01:21.777611", "event": "append UM", "level": "info", "timestamp": "2025-02-17T00:01:21.797593Z"}
{"module": "Whipser ASR Module", "event": "process_update", "level": "info", "timestamp": "2025-02-17T00:01:21.797593Z"}
{"module": "Microphone Module", "iuid": "111950694795:28", "previous_iu": "111950694795:27", "grounded_in": null, "event": "create_iu", "level": "info", "timestamp": "2025-02-17T00:01:21.818467Z"}
{"module": "Microphone Module", "first_iuid": "111950694795:28", "first_iu_created_at": "2025-02-16T17:01:21.818467", "last_iuid": "111950694795:28", "last_iu_created_at": "2025-02-16T17:01:21.818467", "first_previous_iu_created_at": "2025-02-16T17:01:21.797593", "last_previous_iu_created_at": "2025-02-16T17:01:21.797593", "event": "append UM", "level": "info", "timestamp": "2025-02-17T00:01:21.818467Z"}
{"module": "Whipser ASR Module", "event": "process_update", "level": "info", "timestamp": "2025-02-17T00:01:21.818467Z"}
{"module": "Microphone Module", "iuid": "111950694795:29", "previous_iu": "111950694795:28", "grounded_in": null, "event": "create_iu", "level": "info", "timestamp": "2025-02-17T00:01:21.840262Z"}
{"module": "Microphone Module", "first_iuid": "111950694795:29", "first_iu_created_at": "2025-02-16T17:01:21.840262", "last_iuid": "111950694795:29", "last_iu_created_at": "2025-02-16T17:01:21.840262", "first_previous_iu_created_at": "2025-02-16T17:01:21.818467", "last_previous_iu_created_at": "2025-02-16T17:01:21.818467", "event": "append UM", "level": "info", "timestamp": "2025-02-17T00:01:21.841774Z"}
{"module": "Whipser ASR Module", "event": "process_update", "level": "info", "timestamp": "2025-02-17T00:01:21.841774Z"}
{"module": "Microphone Module", "iuid": "111950694795:30", "previous_iu": "111950694795:29", "grounded_in": null, "event": "create_iu", "level": "info", "timestamp": "2025-02-17T00:01:21.857679Z"}
{"module": "Microphone Module", "first_iuid": "111950694795:30", "first_iu_created_at": "2025-02-16T17:01:21.857679", "last_iuid": "111950694795:30", "last_iu_created_at": "2025-02-16T17:01:21.857679", "first_previous_iu_created_at": "2025-02-16T17:01:21.840262", "last_previous_iu_created_at": "2025-02-16T17:01:21.840262", "event": "append UM", "level": "info", "timestamp": "2025-02-17T00:01:21.859704Z"}
{"module": "Whipser ASR Module", "event": "process_update", "level": "info", "timestamp": "2025-02-17T00:01:21.859704Z"}
{"module": "Microphone Module", "iuid": "111950694795:31", "previous_iu": "111950694795:30", "grounded_in": null, "event": "create_iu", "level": "info", "timestamp": "2025-02-17T00:01:21.877757Z"}
{"module": "Microphone Module", "first_iuid": "111950694795:31", "first_iu_created_at": "2025-02-16T17:01:21.877757", "last_iuid": "111950694795:31", "last_iu_created_at": "2025-02-16T17:01:21.877757", "first_previous_iu_created_at": "2025-02-16T17:01:21.857679", "last_previous_iu_created_at": "2025-02-16T17:01:21.857679", "event": "append UM", "level": "info", "timestamp": "2025-02-17T00:01:21.877757Z"}
{"module": "Whipser ASR Module", "event": "process_update", "level": "info", "timestamp": "2025-02-17T00:01:21.877757Z"}
{"module": "Microphone Module", "iuid": "111950694795:32", "previous_iu": "111950694795:31", "grounded_in": null, "event": "create_iu", "level": "info", "timestamp": "2025-02-17T00:01:21.897683Z"}
{"module": "Microphone Module", "first_iuid": "111950694795:32", "first_iu_created_at": "2025-02-16T17:01:21.897683", "last_iuid": "111950694795:32", "last_iu_created_at": "2025-02-16T17:01:21.897683", "first_previous_iu_created_at": "2025-02-16T17:01:21.877757", "last_previous_iu_created_at": "2025-02-16T17:01:21.877757", "event": "append UM", "level": "info", "timestamp": "2025-02-17T00:01:21.897683Z"}
{"module": "Whipser ASR Module", "event": "process_update", "level": "info", "timestamp": "2025-02-17T00:01:21.897683Z"}
{"module": "Microphone Module", "iuid": "111950694795:33", "previous_iu": "111950694795:32", "grounded_in": null, "event": "create_iu", "level": "info", "timestamp": "2025-02-17T00:01:21.918775Z"}
{"module": "Microphone Module", "first_iuid": "111950694795:33", "first_iu_created_at": "2025-02-16T17:01:21.918775", "last_iuid": "111950694795:33", "last_iu_created_at": "2025-02-16T17:01:21.918775", "first_previous_iu_created_at": "2025-02-16T17:01:21.897683", "last_previous_iu_created_at": "2025-02-16T17:01:21.897683", "event": "append UM", "level": "info", "timestamp": "2025-02-17T00:01:21.918775Z"}
{"module": "Whipser ASR Module", "event": "process_update", "level": "info", "timestamp": "2025-02-17T00:01:21.918775Z"}
{"module": "Microphone Module", "iuid": "111950694795:34", "previous_iu": "111950694795:33", "grounded_in": null, "event": "create_iu", "level": "info", "timestamp": "2025-02-17T00:01:21.941695Z"}
{"module": "Microphone Module", "first_iuid": "111950694795:34", "first_iu_created_at": "2025-02-16T17:01:21.940689", "last_iuid": "111950694795:34", "last_iu_created_at": "2025-02-16T17:01:21.940689", "first_previous_iu_created_at": "2025-02-16T17:01:21.918775", "last_previous_iu_created_at": "2025-02-16T17:01:21.918775", "event": "append UM", "level": "info", "timestamp": "2025-02-17T00:01:21.941695Z"}
{"module": "Whipser ASR Module", "event": "process_update", "level": "info", "timestamp": "2025-02-17T00:01:21.941695Z"}
{"module": "Microphone Module", "iuid": "111950694795:35", "previous_iu": "111950694795:34", "grounded_in": null, "event": "create_iu", "level": "info", "timestamp": "2025-02-17T00:01:21.958308Z"}
{"module": "Microphone Module", "first_iuid": "111950694795:35", "first_iu_created_at": "2025-02-16T17:01:21.958308", "last_iuid": "111950694795:35", "last_iu_created_at": "2025-02-16T17:01:21.958308", "first_previous_iu_created_at": "2025-02-16T17:01:21.940689", "last_previous_iu_created_at": "2025-02-16T17:01:21.940689", "event": "append UM", "level": "info", "timestamp": "2025-02-17T00:01:21.959817Z"}
{"module": "Whipser ASR Module", "event": "process_update", "level": "info", "timestamp": "2025-02-17T00:01:21.959817Z"}
{"module": "Microphone Module", "iuid": "111950694795:36", "previous_iu": "111950694795:35", "grounded_in": null, "event": "create_iu", "level": "info", "timestamp": "2025-02-17T00:01:21.978607Z"}
{"module": "Microphone Module", "first_iuid": "111950694795:36", "first_iu_created_at": "2025-02-16T17:01:21.978607", "last_iuid": "111950694795:36", "last_iu_created_at": "2025-02-16T17:01:21.978607", "first_previous_iu_created_at": "2025-02-16T17:01:21.958308", "last_previous_iu_created_at": "2025-02-16T17:01:21.958308", "event": "append UM", "level": "info", "timestamp": "2025-02-17T00:01:21.978607Z"}
{"module": "Whipser ASR Module", "event": "process_update", "level": "info", "timestamp": "2025-02-17T00:01:21.978607Z"}
{"module": "Microphone Module", "iuid": "111950694795:37", "previous_iu": "111950694795:36", "grounded_in": null, "event": "create_iu", "level": "info", "timestamp": "2025-02-17T00:01:21.997833Z"}
{"module": "Microphone Module", "first_iuid": "111950694795:37", "first_iu_created_at": "2025-02-16T17:01:21.997833", "last_iuid": "111950694795:37", "last_iu_created_at": "2025-02-16T17:01:21.997833", "first_previous_iu_created_at": "2025-02-16T17:01:21.978607", "last_previous_iu_created_at": "2025-02-16T17:01:21.978607", "event": "append UM", "level": "info", "timestamp": "2025-02-17T00:01:21.997833Z"}
{"module": "Whipser ASR Module", "event": "process_update", "level": "info", "timestamp": "2025-02-17T00:01:21.997833Z"}
{"module": "Microphone Module", "iuid": "111950694795:38", "previous_iu": "111950694795:37", "grounded_in": null, "event": "create_iu", "level": "info", "timestamp": "2025-02-17T00:01:22.017608Z"}
{"module": "Microphone Module", "first_iuid": "111950694795:38", "first_iu_created_at": "2025-02-16T17:01:22.017608", "last_iuid": "111950694795:38", "last_iu_created_at": "2025-02-16T17:01:22.017608", "first_previous_iu_created_at": "2025-02-16T17:01:21.997833", "last_previous_iu_created_at": "2025-02-16T17:01:21.997833", "event": "append UM", "level": "info", "timestamp": "2025-02-17T00:01:22.017608Z"}
{"module": "Whipser ASR Module", "event": "process_update", "level": "info", "timestamp": "2025-02-17T00:01:22.017608Z"}
{"module": "Microphone Module", "iuid": "111950694795:39", "previous_iu": "111950694795:38", "grounded_in": null, "event": "create_iu", "level": "info", "timestamp": "2025-02-17T00:01:22.037681Z"}
{"module": "Microphone Module", "first_iuid": "111950694795:39", "first_iu_created_at": "2025-02-16T17:01:22.037681", "last_iuid": "111950694795:39", "last_iu_created_at": "2025-02-16T17:01:22.037681", "first_previous_iu_created_at": "2025-02-16T17:01:22.017608", "last_previous_iu_created_at": "2025-02-16T17:01:22.017608", "event": "append UM", "level": "info", "timestamp": "2025-02-17T00:01:22.039739Z"}
{"module": "Whipser ASR Module", "event": "process_update", "level": "info", "timestamp": "2025-02-17T00:01:22.039739Z"}
{"module": "Microphone Module", "iuid": "111950694795:40", "previous_iu": "111950694795:39", "grounded_in": null, "event": "create_iu", "level": "info", "timestamp": "2025-02-17T00:01:22.058454Z"}
{"module": "Microphone Module", "first_iuid": "111950694795:40", "first_iu_created_at": "2025-02-16T17:01:22.058454", "last_iuid": "111950694795:40", "last_iu_created_at": "2025-02-16T17:01:22.058454", "first_previous_iu_created_at": "2025-02-16T17:01:22.037681", "last_previous_iu_created_at": "2025-02-16T17:01:22.037681", "event": "append UM", "level": "info", "timestamp": "2025-02-17T00:01:22.058454Z"}
{"module": "Whipser ASR Module", "event": "process_update", "level": "info", "timestamp": "2025-02-17T00:01:22.058454Z"}
{"module": "Microphone Module", "iuid": "111950694795:41", "previous_iu": "111950694795:40", "grounded_in": null, "event": "create_iu", "level": "info", "timestamp": "2025-02-17T00:01:22.077778Z"}
{"module": "Microphone Module", "first_iuid": "111950694795:41", "first_iu_created_at": "2025-02-16T17:01:22.077778", "last_iuid": "111950694795:41", "last_iu_created_at": "2025-02-16T17:01:22.077778", "first_previous_iu_created_at": "2025-02-16T17:01:22.058454", "last_previous_iu_created_at": "2025-02-16T17:01:22.058454", "event": "append UM", "level": "info", "timestamp": "2025-02-17T00:01:22.077778Z"}
{"module": "Whipser ASR Module", "event": "process_update", "level": "info", "timestamp": "2025-02-17T00:01:22.077778Z"}
{"module": "Microphone Module", "iuid": "111950694795:42", "previous_iu": "111950694795:41", "grounded_in": null, "event": "create_iu", "level": "info", "timestamp": "2025-02-17T00:01:22.097890Z"}
{"module": "Microphone Module", "first_iuid": "111950694795:42", "first_iu_created_at": "2025-02-16T17:01:22.097890", "last_iuid": "111950694795:42", "last_iu_created_at": "2025-02-16T17:01:22.097890", "first_previous_iu_created_at": "2025-02-16T17:01:22.077778", "last_previous_iu_created_at": "2025-02-16T17:01:22.077778", "event": "append UM", "level": "info", "timestamp": "2025-02-17T00:01:22.099968Z"}
{"module": "Whipser ASR Module", "event": "process_update", "level": "info", "timestamp": "2025-02-17T00:01:22.099968Z"}
{"module": "Microphone Module", "iuid": "111950694795:43", "previous_iu": "111950694795:42", "grounded_in": null, "event": "create_iu", "level": "info", "timestamp": "2025-02-17T00:01:22.117696Z"}
{"module": "Microphone Module", "first_iuid": "111950694795:43", "first_iu_created_at": "2025-02-16T17:01:22.117696", "last_iuid": "111950694795:43", "last_iu_created_at": "2025-02-16T17:01:22.117696", "first_previous_iu_created_at": "2025-02-16T17:01:22.097890", "last_previous_iu_created_at": "2025-02-16T17:01:22.097890", "event": "append UM", "level": "info", "timestamp": "2025-02-17T00:01:22.117696Z"}
{"module": "Whipser ASR Module", "event": "process_update", "level": "info", "timestamp": "2025-02-17T00:01:22.117696Z"}
{"module": "Microphone Module", "iuid": "111950694795:44", "previous_iu": "111950694795:43", "grounded_in": null, "event": "create_iu", "level": "info", "timestamp": "2025-02-17T00:01:22.137876Z"}
{"module": "Microphone Module", "first_iuid": "111950694795:44", "first_iu_created_at": "2025-02-16T17:01:22.137876", "last_iuid": "111950694795:44", "last_iu_created_at": "2025-02-16T17:01:22.137876", "first_previous_iu_created_at": "2025-02-16T17:01:22.117696", "last_previous_iu_created_at": "2025-02-16T17:01:22.117696", "event": "append UM", "level": "info", "timestamp": "2025-02-17T00:01:22.140037Z"}
{"module": "Whipser ASR Module", "event": "process_update", "level": "info", "timestamp": "2025-02-17T00:01:22.140037Z"}
{"module": "Microphone Module", "iuid": "111950694795:45", "previous_iu": "111950694795:44", "grounded_in": null, "event": "create_iu", "level": "info", "timestamp": "2025-02-17T00:01:22.157773Z"}
{"module": "Microphone Module", "first_iuid": "111950694795:45", "first_iu_created_at": "2025-02-16T17:01:22.157773", "last_iuid": "111950694795:45", "last_iu_created_at": "2025-02-16T17:01:22.157773", "first_previous_iu_created_at": "2025-02-16T17:01:22.137876", "last_previous_iu_created_at": "2025-02-16T17:01:22.137876", "event": "append UM", "level": "info", "timestamp": "2025-02-17T00:01:22.157773Z"}
{"module": "Whipser ASR Module", "event": "process_update", "level": "info", "timestamp": "2025-02-17T00:01:22.157773Z"}
{"module": "Microphone Module", "iuid": "111950694795:46", "previous_iu": "111950694795:45", "grounded_in": null, "event": "create_iu", "level": "info", "timestamp": "2025-02-17T00:01:22.177774Z"}
{"module": "Microphone Module", "first_iuid": "111950694795:46", "first_iu_created_at": "2025-02-16T17:01:22.177774", "last_iuid": "111950694795:46", "last_iu_created_at": "2025-02-16T17:01:22.177774", "first_previous_iu_created_at": "2025-02-16T17:01:22.157773", "last_previous_iu_created_at": "2025-02-16T17:01:22.157773", "event": "append UM", "level": "info", "timestamp": "2025-02-17T00:01:22.177774Z"}
{"module": "Whipser ASR Module", "event": "process_update", "level": "info", "timestamp": "2025-02-17T00:01:22.177774Z"}
{"module": "Microphone Module", "iuid": "111950694795:47", "previous_iu": "111950694795:46", "grounded_in": null, "event": "create_iu", "level": "info", "timestamp": "2025-02-17T00:01:22.197799Z"}
{"module": "Microphone Module", "first_iuid": "111950694795:47", "first_iu_created_at": "2025-02-16T17:01:22.197799", "last_iuid": "111950694795:47", "last_iu_created_at": "2025-02-16T17:01:22.197799", "first_previous_iu_created_at": "2025-02-16T17:01:22.177774", "last_previous_iu_created_at": "2025-02-16T17:01:22.177774", "event": "append UM", "level": "info", "timestamp": "2025-02-17T00:01:22.197799Z"}
{"module": "Whipser ASR Module", "event": "process_update", "level": "info", "timestamp": "2025-02-17T00:01:22.197799Z"}
{"module": "Microphone Module", "iuid": "111950694795:48", "previous_iu": "111950694795:47", "grounded_in": null, "event": "create_iu", "level": "info", "timestamp": "2025-02-17T00:01:22.220098Z"}
{"module": "Microphone Module", "first_iuid": "111950694795:48", "first_iu_created_at": "2025-02-16T17:01:22.219448", "last_iuid": "111950694795:48", "last_iu_created_at": "2025-02-16T17:01:22.219448", "first_previous_iu_created_at": "2025-02-16T17:01:22.197799", "last_previous_iu_created_at": "2025-02-16T17:01:22.197799", "event": "append UM", "level": "info", "timestamp": "2025-02-17T00:01:22.220098Z"}
{"module": "Whipser ASR Module", "event": "process_update", "level": "info", "timestamp": "2025-02-17T00:01:22.220098Z"}
{"module": "Microphone Module", "iuid": "111950694795:49", "previous_iu": "111950694795:48", "grounded_in": null, "event": "create_iu", "level": "info", "timestamp": "2025-02-17T00:01:22.239867Z"}
{"module": "Microphone Module", "first_iuid": "111950694795:49", "first_iu_created_at": "2025-02-16T17:01:22.237779", "last_iuid": "111950694795:49", "last_iu_created_at": "2025-02-16T17:01:22.237779", "first_previous_iu_created_at": "2025-02-16T17:01:22.219448", "last_previous_iu_created_at": "2025-02-16T17:01:22.219448", "event": "append UM", "level": "info", "timestamp": "2025-02-17T00:01:22.240375Z"}
{"module": "Whipser ASR Module", "event": "process_update", "level": "info", "timestamp": "2025-02-17T00:01:22.240375Z"}
{"module": "Microphone Module", "iuid": "111950694795:50", "previous_iu": "111950694795:49", "grounded_in": null, "event": "create_iu", "level": "info", "timestamp": "2025-02-17T00:01:22.257813Z"}
{"module": "Microphone Module", "first_iuid": "111950694795:50", "first_iu_created_at": "2025-02-16T17:01:22.257813", "last_iuid": "111950694795:50", "last_iu_created_at": "2025-02-16T17:01:22.257813", "first_previous_iu_created_at": "2025-02-16T17:01:22.237779", "last_previous_iu_created_at": "2025-02-16T17:01:22.237779", "event": "append UM", "level": "info", "timestamp": "2025-02-17T00:01:22.257813Z"}
{"module": "Whipser ASR Module", "event": "process_update", "level": "info", "timestamp": "2025-02-17T00:01:22.257813Z"}
{"module": "Microphone Module", "iuid": "111950694795:51", "previous_iu": "111950694795:50", "grounded_in": null, "event": "create_iu", "level": "info", "timestamp": "2025-02-17T00:01:22.279553Z"}
{"module": "Microphone Module", "first_iuid": "111950694795:51", "first_iu_created_at": "2025-02-16T17:01:22.279553", "last_iuid": "111950694795:51", "last_iu_created_at": "2025-02-16T17:01:22.279553", "first_previous_iu_created_at": "2025-02-16T17:01:22.257813", "last_previous_iu_created_at": "2025-02-16T17:01:22.257813", "event": "append UM", "level": "info", "timestamp": "2025-02-17T00:01:22.279553Z"}
{"module": "Whipser ASR Module", "event": "process_update", "level": "info", "timestamp": "2025-02-17T00:01:22.279553Z"}
{"module": "Microphone Module", "iuid": "111950694795:52", "previous_iu": "111950694795:51", "grounded_in": null, "event": "create_iu", "level": "info", "timestamp": "2025-02-17T00:01:22.299800Z"}
{"module": "Microphone Module", "first_iuid": "111950694795:52", "first_iu_created_at": "2025-02-16T17:01:22.297718", "last_iuid": "111950694795:52", "last_iu_created_at": "2025-02-16T17:01:22.297718", "first_previous_iu_created_at": "2025-02-16T17:01:22.279553", "last_previous_iu_created_at": "2025-02-16T17:01:22.279553", "event": "append UM", "level": "info", "timestamp": "2025-02-17T00:01:22.299800Z"}
{"module": "Whipser ASR Module", "event": "process_update", "level": "info", "timestamp": "2025-02-17T00:01:22.299800Z"}
{"module": "Microphone Module", "iuid": "111950694795:53", "previous_iu": "111950694795:52", "grounded_in": null, "event": "create_iu", "level": "info", "timestamp": "2025-02-17T00:01:22.317641Z"}
{"module": "Microphone Module", "first_iuid": "111950694795:53", "first_iu_created_at": "2025-02-16T17:01:22.317641", "last_iuid": "111950694795:53", "last_iu_created_at": "2025-02-16T17:01:22.317641", "first_previous_iu_created_at": "2025-02-16T17:01:22.297718", "last_previous_iu_created_at": "2025-02-16T17:01:22.297718", "event": "append UM", "level": "info", "timestamp": "2025-02-17T00:01:22.317641Z"}
{"module": "Whipser ASR Module", "event": "process_update", "level": "info", "timestamp": "2025-02-17T00:01:22.317641Z"}
{"module": "Microphone Module", "iuid": "111950694795:54", "previous_iu": "111950694795:53", "grounded_in": null, "event": "create_iu", "level": "info", "timestamp": "2025-02-17T00:01:22.339524Z"}
{"module": "Microphone Module", "first_iuid": "111950694795:54", "first_iu_created_at": "2025-02-16T17:01:22.339524", "last_iuid": "111950694795:54", "last_iu_created_at": "2025-02-16T17:01:22.339524", "first_previous_iu_created_at": "2025-02-16T17:01:22.317641", "last_previous_iu_created_at": "2025-02-16T17:01:22.317641", "event": "append UM", "level": "info", "timestamp": "2025-02-17T00:01:22.339524Z"}
{"module": "Whipser ASR Module", "event": "process_update", "level": "info", "timestamp": "2025-02-17T00:01:22.339524Z"}
{"module": "Microphone Module", "iuid": "111950694795:55", "previous_iu": "111950694795:54", "grounded_in": null, "event": "create_iu", "level": "info", "timestamp": "2025-02-17T00:01:22.357898Z"}
{"module": "Microphone Module", "first_iuid": "111950694795:55", "first_iu_created_at": "2025-02-16T17:01:22.357898", "last_iuid": "111950694795:55", "last_iu_created_at": "2025-02-16T17:01:22.357898", "first_previous_iu_created_at": "2025-02-16T17:01:22.339524", "last_previous_iu_created_at": "2025-02-16T17:01:22.339524", "event": "append UM", "level": "info", "timestamp": "2025-02-17T00:01:22.357898Z"}
{"module": "Whipser ASR Module", "event": "process_update", "level": "info", "timestamp": "2025-02-17T00:01:22.357898Z"}
{"module": "Microphone Module", "iuid": "111950694795:56", "previous_iu": "111950694795:55", "grounded_in": null, "event": "create_iu", "level": "info", "timestamp": "2025-02-17T00:01:22.377823Z"}
{"module": "Microphone Module", "first_iuid": "111950694795:56", "first_iu_created_at": "2025-02-16T17:01:22.377823", "last_iuid": "111950694795:56", "last_iu_created_at": "2025-02-16T17:01:22.377823", "first_previous_iu_created_at": "2025-02-16T17:01:22.357898", "last_previous_iu_created_at": "2025-02-16T17:01:22.357898", "event": "append UM", "level": "info", "timestamp": "2025-02-17T00:01:22.377823Z"}
{"module": "Whipser ASR Module", "event": "process_update", "level": "info", "timestamp": "2025-02-17T00:01:22.377823Z"}
{"module": "Microphone Module", "iuid": "111950694795:57", "previous_iu": "111950694795:56", "grounded_in": null, "event": "create_iu", "level": "info", "timestamp": "2025-02-17T00:01:22.397643Z"}
{"module": "Microphone Module", "first_iuid": "111950694795:57", "first_iu_created_at": "2025-02-16T17:01:22.397643", "last_iuid": "111950694795:57", "last_iu_created_at": "2025-02-16T17:01:22.397643", "first_previous_iu_created_at": "2025-02-16T17:01:22.377823", "last_previous_iu_created_at": "2025-02-16T17:01:22.377823", "event": "append UM", "level": "info", "timestamp": "2025-02-17T00:01:22.397643Z"}
{"module": "Whipser ASR Module", "event": "process_update", "level": "info", "timestamp": "2025-02-17T00:01:22.397643Z"}
{"module": "Microphone Module", "iuid": "111950694795:58", "previous_iu": "111950694795:57", "grounded_in": null, "event": "create_iu", "level": "info", "timestamp": "2025-02-17T00:01:22.417878Z"}
{"module": "Microphone Module", "first_iuid": "111950694795:58", "first_iu_created_at": "2025-02-16T17:01:22.417878", "last_iuid": "111950694795:58", "last_iu_created_at": "2025-02-16T17:01:22.417878", "first_previous_iu_created_at": "2025-02-16T17:01:22.397643", "last_previous_iu_created_at": "2025-02-16T17:01:22.397643", "event": "append UM", "level": "info", "timestamp": "2025-02-17T00:01:22.417878Z"}
{"module": "Whipser ASR Module", "event": "process_update", "level": "info", "timestamp": "2025-02-17T00:01:22.417878Z"}
{"module": "Microphone Module", "iuid": "111950694795:59", "previous_iu": "111950694795:58", "grounded_in": null, "event": "create_iu", "level": "info", "timestamp": "2025-02-17T00:01:22.439758Z"}
{"module": "Microphone Module", "first_iuid": "111950694795:59", "first_iu_created_at": "2025-02-16T17:01:22.439758", "last_iuid": "111950694795:59", "last_iu_created_at": "2025-02-16T17:01:22.439758", "first_previous_iu_created_at": "2025-02-16T17:01:22.417878", "last_previous_iu_created_at": "2025-02-16T17:01:22.417878", "event": "append UM", "level": "info", "timestamp": "2025-02-17T00:01:22.439758Z"}
{"module": "Whipser ASR Module", "event": "process_update", "level": "info", "timestamp": "2025-02-17T00:01:22.439758Z"}
{"module": "Microphone Module", "iuid": "111950694795:60", "previous_iu": "111950694795:59", "grounded_in": null, "event": "create_iu", "level": "info", "timestamp": "2025-02-17T00:01:22.458021Z"}
{"module": "Microphone Module", "first_iuid": "111950694795:60", "first_iu_created_at": "2025-02-16T17:01:22.458021", "last_iuid": "111950694795:60", "last_iu_created_at": "2025-02-16T17:01:22.458021", "first_previous_iu_created_at": "2025-02-16T17:01:22.439758", "last_previous_iu_created_at": "2025-02-16T17:01:22.439758", "event": "append UM", "level": "info", "timestamp": "2025-02-17T00:01:22.458021Z"}
{"module": "Whipser ASR Module", "event": "process_update", "level": "info", "timestamp": "2025-02-17T00:01:22.458021Z"}
{"module": "Microphone Module", "iuid": "111950694795:61", "previous_iu": "111950694795:60", "grounded_in": null, "event": "create_iu", "level": "info", "timestamp": "2025-02-17T00:01:22.477620Z"}
{"module": "Microphone Module", "first_iuid": "111950694795:61", "first_iu_created_at": "2025-02-16T17:01:22.477620", "last_iuid": "111950694795:61", "last_iu_created_at": "2025-02-16T17:01:22.477620", "first_previous_iu_created_at": "2025-02-16T17:01:22.458021", "last_previous_iu_created_at": "2025-02-16T17:01:22.458021", "event": "append UM", "level": "info", "timestamp": "2025-02-17T00:01:22.477620Z"}
{"module": "Whipser ASR Module", "event": "process_update", "level": "info", "timestamp": "2025-02-17T00:01:22.477620Z"}
{"module": "Microphone Module", "iuid": "111950694795:62", "previous_iu": "111950694795:61", "grounded_in": null, "event": "create_iu", "level": "info", "timestamp": "2025-02-17T00:01:22.497790Z"}
{"module": "Microphone Module", "first_iuid": "111950694795:62", "first_iu_created_at": "2025-02-16T17:01:22.497790", "last_iuid": "111950694795:62", "last_iu_created_at": "2025-02-16T17:01:22.497790", "first_previous_iu_created_at": "2025-02-16T17:01:22.477620", "last_previous_iu_created_at": "2025-02-16T17:01:22.477620", "event": "append UM", "level": "info", "timestamp": "2025-02-17T00:01:22.497790Z"}
{"module": "Whipser ASR Module", "event": "process_update", "level": "info", "timestamp": "2025-02-17T00:01:22.497790Z"}
{"module": "Microphone Module", "iuid": "111950694795:63", "previous_iu": "111950694795:62", "grounded_in": null, "event": "create_iu", "level": "info", "timestamp": "2025-02-17T00:01:22.517634Z"}
{"module": "Microphone Module", "first_iuid": "111950694795:63", "first_iu_created_at": "2025-02-16T17:01:22.517634", "last_iuid": "111950694795:63", "last_iu_created_at": "2025-02-16T17:01:22.517634", "first_previous_iu_created_at": "2025-02-16T17:01:22.497790", "last_previous_iu_created_at": "2025-02-16T17:01:22.497790", "event": "append UM", "level": "info", "timestamp": "2025-02-17T00:01:22.520016Z"}
{"module": "Whipser ASR Module", "event": "process_update", "level": "info", "timestamp": "2025-02-17T00:01:22.520016Z"}
{"module": "Microphone Module", "iuid": "111950694795:64", "previous_iu": "111950694795:63", "grounded_in": null, "event": "create_iu", "level": "info", "timestamp": "2025-02-17T00:01:22.540440Z"}
{"module": "Microphone Module", "first_iuid": "111950694795:64", "first_iu_created_at": "2025-02-16T17:01:22.540440", "last_iuid": "111950694795:64", "last_iu_created_at": "2025-02-16T17:01:22.540440", "first_previous_iu_created_at": "2025-02-16T17:01:22.517634", "last_previous_iu_created_at": "2025-02-16T17:01:22.517634", "event": "append UM", "level": "info", "timestamp": "2025-02-17T00:01:22.542281Z"}
{"module": "Whipser ASR Module", "event": "process_update", "level": "info", "timestamp": "2025-02-17T00:01:22.542281Z"}
{"module": "Microphone Module", "iuid": "111950694795:65", "previous_iu": "111950694795:64", "grounded_in": null, "event": "create_iu", "level": "info", "timestamp": "2025-02-17T00:01:22.557962Z"}
{"module": "Microphone Module", "first_iuid": "111950694795:65", "first_iu_created_at": "2025-02-16T17:01:22.557962", "last_iuid": "111950694795:65", "last_iu_created_at": "2025-02-16T17:01:22.557962", "first_previous_iu_created_at": "2025-02-16T17:01:22.540440", "last_previous_iu_created_at": "2025-02-16T17:01:22.540440", "event": "append UM", "level": "info", "timestamp": "2025-02-17T00:01:22.557962Z"}
{"module": "Whipser ASR Module", "event": "process_update", "level": "info", "timestamp": "2025-02-17T00:01:22.557962Z"}
{"module": "Microphone Module", "iuid": "111950694795:66", "previous_iu": "111950694795:65", "grounded_in": null, "event": "create_iu", "level": "info", "timestamp": "2025-02-17T00:01:22.579772Z"}
{"module": "Microphone Module", "first_iuid": "111950694795:66", "first_iu_created_at": "2025-02-16T17:01:22.579772", "last_iuid": "111950694795:66", "last_iu_created_at": "2025-02-16T17:01:22.579772", "first_previous_iu_created_at": "2025-02-16T17:01:22.557962", "last_previous_iu_created_at": "2025-02-16T17:01:22.557962", "event": "append UM", "level": "info", "timestamp": "2025-02-17T00:01:22.579772Z"}
{"module": "Whipser ASR Module", "event": "process_update", "level": "info", "timestamp": "2025-02-17T00:01:22.579772Z"}
{"module": "Microphone Module", "iuid": "111950694795:67", "previous_iu": "111950694795:66", "grounded_in": null, "event": "create_iu", "level": "info", "timestamp": "2025-02-17T00:01:22.597747Z"}
{"module": "Microphone Module", "first_iuid": "111950694795:67", "first_iu_created_at": "2025-02-16T17:01:22.597747", "last_iuid": "111950694795:67", "last_iu_created_at": "2025-02-16T17:01:22.597747", "first_previous_iu_created_at": "2025-02-16T17:01:22.579772", "last_previous_iu_created_at": "2025-02-16T17:01:22.579772", "event": "append UM", "level": "info", "timestamp": "2025-02-17T00:01:22.599790Z"}
{"module": "Whipser ASR Module", "event": "process_update", "level": "info", "timestamp": "2025-02-17T00:01:22.600462Z"}
{"module": "Microphone Module", "iuid": "111950694795:68", "previous_iu": "111950694795:67", "grounded_in": null, "event": "create_iu", "level": "info", "timestamp": "2025-02-17T00:01:22.617797Z"}
{"module": "Microphone Module", "first_iuid": "111950694795:68", "first_iu_created_at": "2025-02-16T17:01:22.617797", "last_iuid": "111950694795:68", "last_iu_created_at": "2025-02-16T17:01:22.617797", "first_previous_iu_created_at": "2025-02-16T17:01:22.597747", "last_previous_iu_created_at": "2025-02-16T17:01:22.597747", "event": "append UM", "level": "info", "timestamp": "2025-02-17T00:01:22.617797Z"}
{"module": "Whipser ASR Module", "event": "process_update", "level": "info", "timestamp": "2025-02-17T00:01:22.617797Z"}
{"module": "Microphone Module", "iuid": "111950694795:69", "previous_iu": "111950694795:68", "grounded_in": null, "event": "create_iu", "level": "info", "timestamp": "2025-02-17T00:01:22.639692Z"}
{"module": "Microphone Module", "first_iuid": "111950694795:69", "first_iu_created_at": "2025-02-16T17:01:22.639692", "last_iuid": "111950694795:69", "last_iu_created_at": "2025-02-16T17:01:22.639692", "first_previous_iu_created_at": "2025-02-16T17:01:22.617797", "last_previous_iu_created_at": "2025-02-16T17:01:22.617797", "event": "append UM", "level": "info", "timestamp": "2025-02-17T00:01:22.639692Z"}
{"module": "Whipser ASR Module", "event": "process_update", "level": "info", "timestamp": "2025-02-17T00:01:22.639692Z"}
{"module": "Microphone Module", "iuid": "111950694795:70", "previous_iu": "111950694795:69", "grounded_in": null, "event": "create_iu", "level": "info", "timestamp": "2025-02-17T00:01:22.657743Z"}
{"module": "Microphone Module", "first_iuid": "111950694795:70", "first_iu_created_at": "2025-02-16T17:01:22.657743", "last_iuid": "111950694795:70", "last_iu_created_at": "2025-02-16T17:01:22.657743", "first_previous_iu_created_at": "2025-02-16T17:01:22.639692", "last_previous_iu_created_at": "2025-02-16T17:01:22.639692", "event": "append UM", "level": "info", "timestamp": "2025-02-17T00:01:22.657743Z"}
{"module": "Whipser ASR Module", "event": "process_update", "level": "info", "timestamp": "2025-02-17T00:01:22.657743Z"}
{"module": "Microphone Module", "iuid": "111950694795:71", "previous_iu": "111950694795:70", "grounded_in": null, "event": "create_iu", "level": "info", "timestamp": "2025-02-17T00:01:22.678010Z"}
{"module": "Microphone Module", "first_iuid": "111950694795:71", "first_iu_created_at": "2025-02-16T17:01:22.678010", "last_iuid": "111950694795:71", "last_iu_created_at": "2025-02-16T17:01:22.678010", "first_previous_iu_created_at": "2025-02-16T17:01:22.657743", "last_previous_iu_created_at": "2025-02-16T17:01:22.657743", "event": "append UM", "level": "info", "timestamp": "2025-02-17T00:01:22.679567Z"}
{"module": "Whipser ASR Module", "event": "process_update", "level": "info", "timestamp": "2025-02-17T00:01:22.679567Z"}
{"module": "Microphone Module", "iuid": "111950694795:72", "previous_iu": "111950694795:71", "grounded_in": null, "event": "create_iu", "level": "info", "timestamp": "2025-02-17T00:01:22.697921Z"}
{"module": "Microphone Module", "first_iuid": "111950694795:72", "first_iu_created_at": "2025-02-16T17:01:22.697921", "last_iuid": "111950694795:72", "last_iu_created_at": "2025-02-16T17:01:22.697921", "first_previous_iu_created_at": "2025-02-16T17:01:22.678010", "last_previous_iu_created_at": "2025-02-16T17:01:22.678010", "event": "append UM", "level": "info", "timestamp": "2025-02-17T00:01:22.697921Z"}
{"module": "Whipser ASR Module", "event": "process_update", "level": "info", "timestamp": "2025-02-17T00:01:22.697921Z"}
{"module": "Microphone Module", "iuid": "111950694795:73", "previous_iu": "111950694795:72", "grounded_in": null, "event": "create_iu", "level": "info", "timestamp": "2025-02-17T00:01:22.717805Z"}
{"module": "Microphone Module", "first_iuid": "111950694795:73", "first_iu_created_at": "2025-02-16T17:01:22.717805", "last_iuid": "111950694795:73", "last_iu_created_at": "2025-02-16T17:01:22.717805", "first_previous_iu_created_at": "2025-02-16T17:01:22.697921", "last_previous_iu_created_at": "2025-02-16T17:01:22.697921", "event": "append UM", "level": "info", "timestamp": "2025-02-17T00:01:22.717805Z"}
{"module": "Whipser ASR Module", "event": "process_update", "level": "info", "timestamp": "2025-02-17T00:01:22.717805Z"}
{"module": "Microphone Module", "iuid": "111950694795:74", "previous_iu": "111950694795:73", "grounded_in": null, "event": "create_iu", "level": "info", "timestamp": "2025-02-17T00:01:22.739566Z"}
{"module": "Microphone Module", "first_iuid": "111950694795:74", "first_iu_created_at": "2025-02-16T17:01:22.739566", "last_iuid": "111950694795:74", "last_iu_created_at": "2025-02-16T17:01:22.739566", "first_previous_iu_created_at": "2025-02-16T17:01:22.717805", "last_previous_iu_created_at": "2025-02-16T17:01:22.717805", "event": "append UM", "level": "info", "timestamp": "2025-02-17T00:01:22.740573Z"}
{"module": "Whipser ASR Module", "event": "process_update", "level": "info", "timestamp": "2025-02-17T00:01:22.740573Z"}
{"module": "Microphone Module", "iuid": "111950694795:75", "previous_iu": "111950694795:74", "grounded_in": null, "event": "create_iu", "level": "info", "timestamp": "2025-02-17T00:01:22.758032Z"}
{"module": "Microphone Module", "first_iuid": "111950694795:75", "first_iu_created_at": "2025-02-16T17:01:22.758032", "last_iuid": "111950694795:75", "last_iu_created_at": "2025-02-16T17:01:22.758032", "first_previous_iu_created_at": "2025-02-16T17:01:22.739566", "last_previous_iu_created_at": "2025-02-16T17:01:22.739566", "event": "append UM", "level": "info", "timestamp": "2025-02-17T00:01:22.758032Z"}
{"module": "Whipser ASR Module", "event": "process_update", "level": "info", "timestamp": "2025-02-17T00:01:22.758032Z"}
{"module": "Microphone Module", "iuid": "111950694795:76", "previous_iu": "111950694795:75", "grounded_in": null, "event": "create_iu", "level": "info", "timestamp": "2025-02-17T00:01:22.777654Z"}
{"module": "Microphone Module", "first_iuid": "111950694795:76", "first_iu_created_at": "2025-02-16T17:01:22.777654", "last_iuid": "111950694795:76", "last_iu_created_at": "2025-02-16T17:01:22.777654", "first_previous_iu_created_at": "2025-02-16T17:01:22.758032", "last_previous_iu_created_at": "2025-02-16T17:01:22.758032", "event": "append UM", "level": "info", "timestamp": "2025-02-17T00:01:22.777654Z"}
{"module": "Whipser ASR Module", "event": "process_update", "level": "info", "timestamp": "2025-02-17T00:01:22.777654Z"}
{"module": "Microphone Module", "iuid": "111950694795:77", "previous_iu": "111950694795:76", "grounded_in": null, "event": "create_iu", "level": "info", "timestamp": "2025-02-17T00:01:22.799604Z"}
{"module": "Microphone Module", "first_iuid": "111950694795:77", "first_iu_created_at": "2025-02-16T17:01:22.797518", "last_iuid": "111950694795:77", "last_iu_created_at": "2025-02-16T17:01:22.797518", "first_previous_iu_created_at": "2025-02-16T17:01:22.777654", "last_previous_iu_created_at": "2025-02-16T17:01:22.777654", "event": "append UM", "level": "info", "timestamp": "2025-02-17T00:01:22.799604Z"}
{"module": "Whipser ASR Module", "event": "process_update", "level": "info", "timestamp": "2025-02-17T00:01:22.799604Z"}
{"module": "Microphone Module", "iuid": "111950694795:78", "previous_iu": "111950694795:77", "grounded_in": null, "event": "create_iu", "level": "info", "timestamp": "2025-02-17T00:01:22.817756Z"}
{"module": "Microphone Module", "first_iuid": "111950694795:78", "first_iu_created_at": "2025-02-16T17:01:22.817756", "last_iuid": "111950694795:78", "last_iu_created_at": "2025-02-16T17:01:22.817756", "first_previous_iu_created_at": "2025-02-16T17:01:22.797518", "last_previous_iu_created_at": "2025-02-16T17:01:22.797518", "event": "append UM", "level": "info", "timestamp": "2025-02-17T00:01:22.817756Z"}
{"module": "Whipser ASR Module", "event": "process_update", "level": "info", "timestamp": "2025-02-17T00:01:22.817756Z"}
{"module": "Microphone Module", "iuid": "111950694795:79", "previous_iu": "111950694795:78", "grounded_in": null, "event": "create_iu", "level": "info", "timestamp": "2025-02-17T00:01:22.838293Z"}
{"module": "Microphone Module", "first_iuid": "111950694795:79", "first_iu_created_at": "2025-02-16T17:01:22.838293", "last_iuid": "111950694795:79", "last_iu_created_at": "2025-02-16T17:01:22.838293", "first_previous_iu_created_at": "2025-02-16T17:01:22.817756", "last_previous_iu_created_at": "2025-02-16T17:01:22.817756", "event": "append UM", "level": "info", "timestamp": "2025-02-17T00:01:22.841098Z"}
{"module": "Whipser ASR Module", "event": "process_update", "level": "info", "timestamp": "2025-02-17T00:01:22.841098Z"}
{"module": "Microphone Module", "iuid": "111950694795:80", "previous_iu": "111950694795:79", "grounded_in": null, "event": "create_iu", "level": "info", "timestamp": "2025-02-17T00:01:22.857953Z"}
{"module": "Microphone Module", "first_iuid": "111950694795:80", "first_iu_created_at": "2025-02-16T17:01:22.857953", "last_iuid": "111950694795:80", "last_iu_created_at": "2025-02-16T17:01:22.857953", "first_previous_iu_created_at": "2025-02-16T17:01:22.838293", "last_previous_iu_created_at": "2025-02-16T17:01:22.838293", "event": "append UM", "level": "info", "timestamp": "2025-02-17T00:01:22.857953Z"}
{"module": "Whipser ASR Module", "event": "process_update", "level": "info", "timestamp": "2025-02-17T00:01:22.857953Z"}
{"module": "Microphone Module", "iuid": "111950694795:81", "previous_iu": "111950694795:80", "grounded_in": null, "event": "create_iu", "level": "info", "timestamp": "2025-02-17T00:01:22.877658Z"}
{"module": "Microphone Module", "first_iuid": "111950694795:81", "first_iu_created_at": "2025-02-16T17:01:22.877658", "last_iuid": "111950694795:81", "last_iu_created_at": "2025-02-16T17:01:22.877658", "first_previous_iu_created_at": "2025-02-16T17:01:22.857953", "last_previous_iu_created_at": "2025-02-16T17:01:22.857953", "event": "append UM", "level": "info", "timestamp": "2025-02-17T00:01:22.877658Z"}
{"module": "Whipser ASR Module", "event": "process_update", "level": "info", "timestamp": "2025-02-17T00:01:22.877658Z"}
{"module": "Microphone Module", "iuid": "111950694795:82", "previous_iu": "111950694795:81", "grounded_in": null, "event": "create_iu", "level": "info", "timestamp": "2025-02-17T00:01:22.898005Z"}
{"module": "Microphone Module", "first_iuid": "111950694795:82", "first_iu_created_at": "2025-02-16T17:01:22.898005", "last_iuid": "111950694795:82", "last_iu_created_at": "2025-02-16T17:01:22.898005", "first_previous_iu_created_at": "2025-02-16T17:01:22.877658", "last_previous_iu_created_at": "2025-02-16T17:01:22.877658", "event": "append UM", "level": "info", "timestamp": "2025-02-17T00:01:22.898005Z"}
{"module": "Whipser ASR Module", "event": "process_update", "level": "info", "timestamp": "2025-02-17T00:01:22.898005Z"}
{"module": "Microphone Module", "iuid": "111950694795:83", "previous_iu": "111950694795:82", "grounded_in": null, "event": "create_iu", "level": "info", "timestamp": "2025-02-17T00:01:22.917722Z"}
{"module": "Microphone Module", "first_iuid": "111950694795:83", "first_iu_created_at": "2025-02-16T17:01:22.917722", "last_iuid": "111950694795:83", "last_iu_created_at": "2025-02-16T17:01:22.917722", "first_previous_iu_created_at": "2025-02-16T17:01:22.898005", "last_previous_iu_created_at": "2025-02-16T17:01:22.898005", "event": "append UM", "level": "info", "timestamp": "2025-02-17T00:01:22.919987Z"}
{"module": "Whipser ASR Module", "event": "process_update", "level": "info", "timestamp": "2025-02-17T00:01:22.919987Z"}
{"module": "Microphone Module", "iuid": "111950694795:84", "previous_iu": "111950694795:83", "grounded_in": null, "event": "create_iu", "level": "info", "timestamp": "2025-02-17T00:01:22.939785Z"}
{"module": "Microphone Module", "first_iuid": "111950694795:84", "first_iu_created_at": "2025-02-16T17:01:22.939785", "last_iuid": "111950694795:84", "last_iu_created_at": "2025-02-16T17:01:22.939785", "first_previous_iu_created_at": "2025-02-16T17:01:22.917722", "last_previous_iu_created_at": "2025-02-16T17:01:22.917722", "event": "append UM", "level": "info", "timestamp": "2025-02-17T00:01:22.940793Z"}
{"module": "Whipser ASR Module", "event": "process_update", "level": "info", "timestamp": "2025-02-17T00:01:22.941299Z"}
{"module": "Microphone Module", "iuid": "111950694795:85", "previous_iu": "111950694795:84", "grounded_in": null, "event": "create_iu", "level": "info", "timestamp": "2025-02-17T00:01:22.957734Z"}
{"module": "Microphone Module", "first_iuid": "111950694795:85", "first_iu_created_at": "2025-02-16T17:01:22.957734", "last_iuid": "111950694795:85", "last_iu_created_at": "2025-02-16T17:01:22.957734", "first_previous_iu_created_at": "2025-02-16T17:01:22.939785", "last_previous_iu_created_at": "2025-02-16T17:01:22.939785", "event": "append UM", "level": "info", "timestamp": "2025-02-17T00:01:22.957734Z"}
{"module": "Whipser ASR Module", "event": "process_update", "level": "info", "timestamp": "2025-02-17T00:01:22.957734Z"}
{"module": "Microphone Module", "iuid": "111950694795:86", "previous_iu": "111950694795:85", "grounded_in": null, "event": "create_iu", "level": "info", "timestamp": "2025-02-17T00:01:22.977753Z"}
{"module": "Microphone Module", "first_iuid": "111950694795:86", "first_iu_created_at": "2025-02-16T17:01:22.977753", "last_iuid": "111950694795:86", "last_iu_created_at": "2025-02-16T17:01:22.977753", "first_previous_iu_created_at": "2025-02-16T17:01:22.957734", "last_previous_iu_created_at": "2025-02-16T17:01:22.957734", "event": "append UM", "level": "info", "timestamp": "2025-02-17T00:01:22.977753Z"}
{"module": "Whipser ASR Module", "event": "process_update", "level": "info", "timestamp": "2025-02-17T00:01:22.977753Z"}
{"module": "Microphone Module", "iuid": "111950694795:87", "previous_iu": "111950694795:86", "grounded_in": null, "event": "create_iu", "level": "info", "timestamp": "2025-02-17T00:01:22.997911Z"}
{"module": "Microphone Module", "first_iuid": "111950694795:87", "first_iu_created_at": "2025-02-16T17:01:22.997911", "last_iuid": "111950694795:87", "last_iu_created_at": "2025-02-16T17:01:22.997911", "first_previous_iu_created_at": "2025-02-16T17:01:22.977753", "last_previous_iu_created_at": "2025-02-16T17:01:22.977753", "event": "append UM", "level": "info", "timestamp": "2025-02-17T00:01:23.010634Z"}
{"module": "Whipser ASR Module", "event": "process_update", "level": "info", "timestamp": "2025-02-17T00:01:23.010634Z"}
{"module": "Microphone Module", "iuid": "111950694795:88", "previous_iu": "111950694795:87", "grounded_in": null, "event": "create_iu", "level": "info", "timestamp": "2025-02-17T00:01:23.017917Z"}
{"module": "Microphone Module", "first_iuid": "111950694795:88", "first_iu_created_at": "2025-02-16T17:01:23.017917", "last_iuid": "111950694795:88", "last_iu_created_at": "2025-02-16T17:01:23.017917", "first_previous_iu_created_at": "2025-02-16T17:01:22.997911", "last_previous_iu_created_at": "2025-02-16T17:01:22.997911", "event": "append UM", "level": "info", "timestamp": "2025-02-17T00:01:23.017917Z"}
{"module": "Whipser ASR Module", "event": "process_update", "level": "info", "timestamp": "2025-02-17T00:01:23.017917Z"}
{"module": "Microphone Module", "iuid": "111950694795:89", "previous_iu": "111950694795:88", "grounded_in": null, "event": "create_iu", "level": "info", "timestamp": "2025-02-17T00:01:23.039812Z"}
{"module": "Microphone Module", "first_iuid": "111950694795:89", "first_iu_created_at": "2025-02-16T17:01:23.037659", "last_iuid": "111950694795:89", "last_iu_created_at": "2025-02-16T17:01:23.037659", "first_previous_iu_created_at": "2025-02-16T17:01:23.017917", "last_previous_iu_created_at": "2025-02-16T17:01:23.017917", "event": "append UM", "level": "info", "timestamp": "2025-02-17T00:01:23.040320Z"}
{"module": "Whipser ASR Module", "event": "process_update", "level": "info", "timestamp": "2025-02-17T00:01:23.041831Z"}
{"module": "Microphone Module", "iuid": "111950694795:90", "previous_iu": "111950694795:89", "grounded_in": null, "event": "create_iu", "level": "info", "timestamp": "2025-02-17T00:01:23.059623Z"}
{"module": "Microphone Module", "first_iuid": "111950694795:90", "first_iu_created_at": "2025-02-16T17:01:23.059114", "last_iuid": "111950694795:90", "last_iu_created_at": "2025-02-16T17:01:23.059114", "first_previous_iu_created_at": "2025-02-16T17:01:23.037659", "last_previous_iu_created_at": "2025-02-16T17:01:23.037659", "event": "append UM", "level": "info", "timestamp": "2025-02-17T00:01:23.059623Z"}
{"module": "Whipser ASR Module", "event": "process_update", "level": "info", "timestamp": "2025-02-17T00:01:23.059623Z"}
{"module": "Microphone Module", "iuid": "111950694795:91", "previous_iu": "111950694795:90", "grounded_in": null, "event": "create_iu", "level": "info", "timestamp": "2025-02-17T00:01:23.078228Z"}
{"module": "Microphone Module", "first_iuid": "111950694795:91", "first_iu_created_at": "2025-02-16T17:01:23.078228", "last_iuid": "111950694795:91", "last_iu_created_at": "2025-02-16T17:01:23.078228", "first_previous_iu_created_at": "2025-02-16T17:01:23.059114", "last_previous_iu_created_at": "2025-02-16T17:01:23.059114", "event": "append UM", "level": "info", "timestamp": "2025-02-17T00:01:23.078228Z"}
{"module": "Whipser ASR Module", "event": "process_update", "level": "info", "timestamp": "2025-02-17T00:01:23.078228Z"}
{"module": "Microphone Module", "iuid": "111950694795:92", "previous_iu": "111950694795:91", "grounded_in": null, "event": "create_iu", "level": "info", "timestamp": "2025-02-17T00:01:23.097965Z"}
{"module": "Debug Module", "event": "shutdown", "level": "info", "timestamp": "2025-02-17T00:01:23.101296Z"}
{"module": "Microphone Module", "first_iuid": "111950694795:92", "first_iu_created_at": "2025-02-16T17:01:23.097965", "last_iuid": "111950694795:92", "last_iu_created_at": "2025-02-16T17:01:23.097965", "first_previous_iu_created_at": "2025-02-16T17:01:23.078228", "last_previous_iu_created_at": "2025-02-16T17:01:23.078228", "event": "append UM", "level": "info", "timestamp": "2025-02-17T00:01:23.177690Z"}
{"module": "Microphone Module", "event": "shutdown", "level": "info", "timestamp": "2025-02-17T00:01:23.199892Z"}
