{"event": "init file logger", "level": "info", "timestamp": "2025-05-19T19:33:54.840120Z"}
{"module": "Microphone Module", "event": "init", "level": "info", "timestamp": "2025-05-19T19:33:54.874673Z"}
{"module": "Whipser ASR Module", "event": "init", "level": "info", "timestamp": "2025-05-19T19:33:55.190764Z"}
{"module": "Debug Module", "event": "init", "level": "info", "timestamp": "2025-05-19T19:33:57.887839Z"}
{"module": "Microphone Module", "event": "setup", "level": "info", "timestamp": "2025-05-19T19:33:57.887839Z"}
{"module": "Microphone Module", "event": "prepare_run", "level": "info", "timestamp": "2025-05-19T19:34:03.169126Z"}
{"module": "Whipser ASR Module", "event": "setup", "level": "info", "timestamp": "2025-05-19T19:34:03.170100Z"}
{"module": "Debug Module", "event": "setup", "level": "info", "timestamp": "2025-05-19T19:34:08.188916Z"}
{"module": "Microphone Module", "iuid": "132937861157:0", "previous_iu": null, "grounded_in": null, "event": "create_iu", "level": "info", "timestamp": "2025-05-19T19:34:08.216147Z"}
{"module": "Debug Module", "event": "prepare_run", "level": "info", "timestamp": "2025-05-19T19:34:13.201488Z"}
{"module": "Microphone Module", "first_iuid": "132937861157:0", "first_iu_created_at": "2025-05-19T12:34:08.216147", "last_iuid": "132937861157:0", "last_iu_created_at": "2025-05-19T12:34:08.216147", "event": "append UM", "level": "info", "timestamp": "2025-05-19T19:34:13.232220Z"}
{"module": "Whipser ASR Module", "event": "process_update", "level": "info", "timestamp": "2025-05-19T19:34:13.232220Z"}
{"module": "Debug Module", "event": "process_update", "level": "info", "timestamp": "2025-05-19T19:34:18.246079Z"}
{"module": "Microphone Module", "iuid": "132937861157:1", "previous_iu": "132937861157:0", "grounded_in": null, "event": "create_iu", "level": "info", "timestamp": "2025-05-19T19:34:18.246079Z"}
{"module": "Microphone Module", "first_iuid": "132937861157:1", "first_iu_created_at": "2025-05-19T12:34:18.246079", "last_iuid": "132937861157:1", "last_iu_created_at": "2025-05-19T12:34:18.246079", "first_previous_iu_created_at": "2025-05-19T12:34:08.216147", "last_previous_iu_created_at": "2025-05-19T12:34:08.216147", "event": "append UM", "level": "info", "timestamp": "2025-05-19T19:34:23.262842Z"}
{"module": "Whipser ASR Module", "event": "process_update", "level": "info", "timestamp": "2025-05-19T19:34:23.263838Z"}
{"module": "Debug Module", "event": "process_update", "level": "info", "timestamp": "2025-05-19T19:34:23.278201Z"}
{"module": "Microphone Module", "iuid": "132937861157:2", "previous_iu": "132937861157:1", "grounded_in": null, "event": "create_iu", "level": "info", "timestamp": "2025-05-19T19:34:28.273421Z"}
{"module": "Microphone Module", "first_iuid": "132937861157:2", "first_iu_created_at": "2025-05-19T12:34:28.272419", "last_iuid": "132937861157:2", "last_iu_created_at": "2025-05-19T12:34:28.272419", "first_previous_iu_created_at": "2025-05-19T12:34:18.246079", "last_previous_iu_created_at": "2025-05-19T12:34:18.246079", "event": "append UM", "level": "info", "timestamp": "2025-05-19T19:34:33.287531Z"}
{"module": "Whipser ASR Module", "event": "process_update", "level": "info", "timestamp": "2025-05-19T19:34:33.287531Z"}
{"module": "Debug Module", "event": "process_update", "level": "info", "timestamp": "2025-05-19T19:34:33.287531Z"}
{"module": "Microphone Module", "iuid": "132937861157:3", "previous_iu": "132937861157:2", "grounded_in": null, "event": "create_iu", "level": "info", "timestamp": "2025-05-19T19:34:38.292701Z"}
