{"event": "init file logger", "level": "info", "timestamp": "2025-02-21T19:59:03.274562Z"}
{"module": "Microphone Module", "event": "init", "level": "info", "timestamp": "2025-02-21T19:59:08.340344Z"}
{"module": "Whipser ASR Module", "event": "init", "level": "info", "timestamp": "2025-02-21T19:59:08.673607Z"}
{"module": "Debug Module", "event": "init", "level": "info", "timestamp": "2025-02-21T19:59:10.430449Z"}
{"module": "Microphone Module", "event": "setup", "level": "info", "timestamp": "2025-02-21T19:59:10.430449Z"}
{"module": "Microphone Module", "event": "prepare_run", "level": "info", "timestamp": "2025-02-21T19:59:15.682686Z"}
{"module": "Whipser ASR Module", "event": "setup", "level": "info", "timestamp": "2025-02-21T19:59:15.682686Z"}
{"module": "Debug Module", "event": "setup", "level": "info", "timestamp": "2025-02-21T19:59:20.693142Z"}
{"module": "Microphone Module", "iuid": "108294014564:0", "previous_iu": null, "grounded_in": null, "event": "create_iu", "level": "info", "timestamp": "2025-02-21T19:59:20.733005Z"}
{"module": "Debug Module", "event": "prepare_run", "level": "info", "timestamp": "2025-02-21T19:59:25.698171Z"}
{"module": "Microphone Module", "first_iuid": "108294014564:0", "first_iu_created_at": "2025-02-21T12:59:20.733005", "last_iuid": "108294014564:0", "last_iu_created_at": "2025-02-21T12:59:20.733005", "event": "append UM", "level": "info", "timestamp": "2025-02-21T19:59:25.746489Z"}
{"module": "Whipser ASR Module", "event": "process_update", "level": "info", "timestamp": "2025-02-21T19:59:25.746489Z"}
{"module": "Microphone Module", "iuid": "108294014564:1", "previous_iu": "108294014564:0", "grounded_in": null, "event": "create_iu", "level": "info", "timestamp": "2025-02-21T19:59:30.762405Z"}
{"module": "Microphone Module", "first_iuid": "108294014564:1", "first_iu_created_at": "2025-02-21T12:59:30.762405", "last_iuid": "108294014564:1", "last_iu_created_at": "2025-02-21T12:59:30.762405", "first_previous_iu_created_at": "2025-02-21T12:59:20.733005", "last_previous_iu_created_at": "2025-02-21T12:59:20.733005", "event": "append UM", "level": "info", "timestamp": "2025-02-21T19:59:35.771216Z"}
{"module": "Whipser ASR Module", "event": "process_update", "level": "info", "timestamp": "2025-02-21T19:59:35.771216Z"}
{"module": "Microphone Module", "iuid": "108294014564:2", "previous_iu": "108294014564:1", "grounded_in": null, "event": "create_iu", "level": "info", "timestamp": "2025-02-21T19:59:40.782054Z"}
{"module": "Microphone Module", "first_iuid": "108294014564:2", "first_iu_created_at": "2025-02-21T12:59:40.782054", "last_iuid": "108294014564:2", "last_iu_created_at": "2025-02-21T12:59:40.782054", "first_previous_iu_created_at": "2025-02-21T12:59:30.762405", "last_previous_iu_created_at": "2025-02-21T12:59:30.762405", "event": "append UM", "level": "info", "timestamp": "2025-02-21T19:59:45.787601Z"}
{"module": "Whipser ASR Module", "event": "process_update", "level": "info", "timestamp": "2025-02-21T19:59:45.788508Z"}
{"module": "Microphone Module", "iuid": "108294014564:3", "previous_iu": "108294014564:2", "grounded_in": null, "event": "create_iu", "level": "info", "timestamp": "2025-02-21T19:59:50.801424Z"}
{"module": "Microphone Module", "first_iuid": "108294014564:3", "first_iu_created_at": "2025-02-21T12:59:50.801424", "last_iuid": "108294014564:3", "last_iu_created_at": "2025-02-21T12:59:50.801424", "first_previous_iu_created_at": "2025-02-21T12:59:40.782054", "last_previous_iu_created_at": "2025-02-21T12:59:40.782054", "event": "append UM", "level": "info", "timestamp": "2025-02-21T19:59:55.814293Z"}
{"module": "Whipser ASR Module", "event": "process_update", "level": "info", "timestamp": "2025-02-21T19:59:55.814293Z"}
{"module": "Microphone Module", "iuid": "108294014564:4", "previous_iu": "108294014564:3", "grounded_in": null, "event": "create_iu", "level": "info", "timestamp": "2025-02-21T20:00:00.817826Z"}
{"module": "Microphone Module", "first_iuid": "108294014564:4", "first_iu_created_at": "2025-02-21T13:00:00.817826", "last_iuid": "108294014564:4", "last_iu_created_at": "2025-02-21T13:00:00.817826", "first_previous_iu_created_at": "2025-02-21T12:59:50.801424", "last_previous_iu_created_at": "2025-02-21T12:59:50.801424", "event": "append UM", "level": "info", "timestamp": "2025-02-21T20:00:05.823835Z"}
{"module": "Whipser ASR Module", "event": "process_update", "level": "info", "timestamp": "2025-02-21T20:00:05.824546Z"}
{"module": "Microphone Module", "iuid": "108294014564:5", "previous_iu": "108294014564:4", "grounded_in": null, "event": "create_iu", "level": "info", "timestamp": "2025-02-21T20:00:10.826940Z"}
{"module": "Microphone Module", "first_iuid": "108294014564:5", "first_iu_created_at": "2025-02-21T13:00:10.826940", "last_iuid": "108294014564:5", "last_iu_created_at": "2025-02-21T13:00:10.826940", "first_previous_iu_created_at": "2025-02-21T13:00:00.817826", "last_previous_iu_created_at": "2025-02-21T13:00:00.817826", "event": "append UM", "level": "info", "timestamp": "2025-02-21T20:00:15.838905Z"}
{"module": "Whipser ASR Module", "event": "process_update", "level": "info", "timestamp": "2025-02-21T20:00:15.838905Z"}
{"module": "Microphone Module", "iuid": "108294014564:6", "previous_iu": "108294014564:5", "grounded_in": null, "event": "create_iu", "level": "info", "timestamp": "2025-02-21T20:00:20.852852Z"}
{"module": "Microphone Module", "first_iuid": "108294014564:6", "first_iu_created_at": "2025-02-21T13:00:20.852852", "last_iuid": "108294014564:6", "last_iu_created_at": "2025-02-21T13:00:20.852852", "first_previous_iu_created_at": "2025-02-21T13:00:10.826940", "last_previous_iu_created_at": "2025-02-21T13:00:10.826940", "event": "append UM", "level": "info", "timestamp": "2025-02-21T20:00:25.868858Z"}
{"module": "Whipser ASR Module", "event": "process_update", "level": "info", "timestamp": "2025-02-21T20:00:25.868858Z"}
{"module": "Microphone Module", "iuid": "108294014564:7", "previous_iu": "108294014564:6", "grounded_in": null, "event": "create_iu", "level": "info", "timestamp": "2025-02-21T20:00:30.882425Z"}
{"module": "Microphone Module", "first_iuid": "108294014564:7", "first_iu_created_at": "2025-02-21T13:00:30.882425", "last_iuid": "108294014564:7", "last_iu_created_at": "2025-02-21T13:00:30.882425", "first_previous_iu_created_at": "2025-02-21T13:00:20.852852", "last_previous_iu_created_at": "2025-02-21T13:00:20.852852", "event": "append UM", "level": "info", "timestamp": "2025-02-21T20:00:35.887245Z"}
{"module": "Whipser ASR Module", "event": "process_update", "level": "info", "timestamp": "2025-02-21T20:00:35.887245Z"}
{"module": "Microphone Module", "iuid": "108294014564:8", "previous_iu": "108294014564:7", "grounded_in": null, "event": "create_iu", "level": "info", "timestamp": "2025-02-21T20:00:40.896928Z"}
{"module": "Microphone Module", "first_iuid": "108294014564:8", "first_iu_created_at": "2025-02-21T13:00:40.896928", "last_iuid": "108294014564:8", "last_iu_created_at": "2025-02-21T13:00:40.896928", "first_previous_iu_created_at": "2025-02-21T13:00:30.882425", "last_previous_iu_created_at": "2025-02-21T13:00:30.882425", "event": "append UM", "level": "info", "timestamp": "2025-02-21T20:00:45.915555Z"}
{"module": "Whipser ASR Module", "event": "process_update", "level": "info", "timestamp": "2025-02-21T20:00:45.915555Z"}
{"module": "Microphone Module", "iuid": "108294014564:9", "previous_iu": "108294014564:8", "grounded_in": null, "event": "create_iu", "level": "info", "timestamp": "2025-02-21T20:00:50.922841Z"}
{"module": "Microphone Module", "first_iuid": "108294014564:9", "first_iu_created_at": "2025-02-21T13:00:50.922841", "last_iuid": "108294014564:9", "last_iu_created_at": "2025-02-21T13:00:50.922841", "first_previous_iu_created_at": "2025-02-21T13:00:40.896928", "last_previous_iu_created_at": "2025-02-21T13:00:40.896928", "event": "append UM", "level": "info", "timestamp": "2025-02-21T20:00:55.923742Z"}
{"module": "Whipser ASR Module", "event": "process_update", "level": "info", "timestamp": "2025-02-21T20:00:55.925248Z"}
{"module": "Microphone Module", "iuid": "108294014564:10", "previous_iu": "108294014564:9", "grounded_in": null, "event": "create_iu", "level": "info", "timestamp": "2025-02-21T20:01:00.939449Z"}
{"module": "Microphone Module", "first_iuid": "108294014564:10", "first_iu_created_at": "2025-02-21T13:01:00.939449", "last_iuid": "108294014564:10", "last_iu_created_at": "2025-02-21T13:01:00.939449", "first_previous_iu_created_at": "2025-02-21T13:00:50.922841", "last_previous_iu_created_at": "2025-02-21T13:00:50.922841", "event": "append UM", "level": "info", "timestamp": "2025-02-21T20:01:05.951543Z"}
{"module": "Whipser ASR Module", "event": "process_update", "level": "info", "timestamp": "2025-02-21T20:01:05.951543Z"}
{"module": "Microphone Module", "iuid": "108294014564:11", "previous_iu": "108294014564:10", "grounded_in": null, "event": "create_iu", "level": "info", "timestamp": "2025-02-21T20:01:10.963002Z"}
{"module": "Microphone Module", "first_iuid": "108294014564:11", "first_iu_created_at": "2025-02-21T13:01:10.963002", "last_iuid": "108294014564:11", "last_iu_created_at": "2025-02-21T13:01:10.963002", "first_previous_iu_created_at": "2025-02-21T13:01:00.939449", "last_previous_iu_created_at": "2025-02-21T13:01:00.939449", "event": "append UM", "level": "info", "timestamp": "2025-02-21T20:01:15.966405Z"}
{"module": "Whipser ASR Module", "event": "process_update", "level": "info", "timestamp": "2025-02-21T20:01:15.966405Z"}
{"module": "Microphone Module", "iuid": "108294014564:12", "previous_iu": "108294014564:11", "grounded_in": null, "event": "create_iu", "level": "info", "timestamp": "2025-02-21T20:01:20.985115Z"}
{"module": "Microphone Module", "first_iuid": "108294014564:12", "first_iu_created_at": "2025-02-21T13:01:20.985115", "last_iuid": "108294014564:12", "last_iu_created_at": "2025-02-21T13:01:20.985115", "first_previous_iu_created_at": "2025-02-21T13:01:10.963002", "last_previous_iu_created_at": "2025-02-21T13:01:10.963002", "event": "append UM", "level": "info", "timestamp": "2025-02-21T20:01:25.995143Z"}
{"module": "Whipser ASR Module", "event": "process_update", "level": "info", "timestamp": "2025-02-21T20:01:25.995143Z"}
{"module": "Microphone Module", "iuid": "108294014564:13", "previous_iu": "108294014564:12", "grounded_in": null, "event": "create_iu", "level": "info", "timestamp": "2025-02-21T20:01:31.001882Z"}
{"module": "Microphone Module", "first_iuid": "108294014564:13", "first_iu_created_at": "2025-02-21T13:01:31.001882", "last_iuid": "108294014564:13", "last_iu_created_at": "2025-02-21T13:01:31.001882", "first_previous_iu_created_at": "2025-02-21T13:01:20.985115", "last_previous_iu_created_at": "2025-02-21T13:01:20.985115", "event": "append UM", "level": "info", "timestamp": "2025-02-21T20:01:36.063117Z"}
{"module": "Whipser ASR Module", "event": "process_update", "level": "info", "timestamp": "2025-02-21T20:01:36.063117Z"}
{"module": "Microphone Module", "iuid": "108294014564:14", "previous_iu": "108294014564:13", "grounded_in": null, "event": "create_iu", "level": "info", "timestamp": "2025-02-21T20:01:41.065238Z"}
{"module": "Microphone Module", "first_iuid": "108294014564:14", "first_iu_created_at": "2025-02-21T13:01:41.065238", "last_iuid": "108294014564:14", "last_iu_created_at": "2025-02-21T13:01:41.065238", "first_previous_iu_created_at": "2025-02-21T13:01:31.001882", "last_previous_iu_created_at": "2025-02-21T13:01:31.001882", "event": "append UM", "level": "info", "timestamp": "2025-02-21T20:01:46.069243Z"}
{"module": "Whipser ASR Module", "event": "process_update", "level": "info", "timestamp": "2025-02-21T20:01:46.069243Z"}
{"module": "Microphone Module", "iuid": "108294014564:15", "previous_iu": "108294014564:14", "grounded_in": null, "event": "create_iu", "level": "info", "timestamp": "2025-02-21T20:01:51.075578Z"}
{"module": "Microphone Module", "first_iuid": "108294014564:15", "first_iu_created_at": "2025-02-21T13:01:51.075578", "last_iuid": "108294014564:15", "last_iu_created_at": "2025-02-21T13:01:51.075578", "first_previous_iu_created_at": "2025-02-21T13:01:41.065238", "last_previous_iu_created_at": "2025-02-21T13:01:41.065238", "event": "append UM", "level": "info", "timestamp": "2025-02-21T20:01:56.089890Z"}
{"module": "Whipser ASR Module", "event": "process_update", "level": "info", "timestamp": "2025-02-21T20:01:56.089890Z"}
{"module": "Microphone Module", "iuid": "108294014564:16", "previous_iu": "108294014564:15", "grounded_in": null, "event": "create_iu", "level": "info", "timestamp": "2025-02-21T20:02:01.095670Z"}
{"module": "Microphone Module", "first_iuid": "108294014564:16", "first_iu_created_at": "2025-02-21T13:02:01.095159", "last_iuid": "108294014564:16", "last_iu_created_at": "2025-02-21T13:02:01.095159", "first_previous_iu_created_at": "2025-02-21T13:01:51.075578", "last_previous_iu_created_at": "2025-02-21T13:01:51.075578", "event": "append UM", "level": "info", "timestamp": "2025-02-21T20:02:06.098510Z"}
{"module": "Whipser ASR Module", "event": "process_update", "level": "info", "timestamp": "2025-02-21T20:02:06.098510Z"}
{"module": "Microphone Module", "iuid": "108294014564:17", "previous_iu": "108294014564:16", "grounded_in": null, "event": "create_iu", "level": "info", "timestamp": "2025-02-21T20:02:11.105017Z"}
{"module": "Microphone Module", "first_iuid": "108294014564:17", "first_iu_created_at": "2025-02-21T13:02:11.105017", "last_iuid": "108294014564:17", "last_iu_created_at": "2025-02-21T13:02:11.105017", "first_previous_iu_created_at": "2025-02-21T13:02:01.095159", "last_previous_iu_created_at": "2025-02-21T13:02:01.095159", "event": "append UM", "level": "info", "timestamp": "2025-02-21T20:02:16.111901Z"}
{"module": "Whipser ASR Module", "event": "process_update", "level": "info", "timestamp": "2025-02-21T20:02:16.111901Z"}
{"module": "Microphone Module", "iuid": "108294014564:18", "previous_iu": "108294014564:17", "grounded_in": null, "event": "create_iu", "level": "info", "timestamp": "2025-02-21T20:02:21.125261Z"}
{"module": "Microphone Module", "first_iuid": "108294014564:18", "first_iu_created_at": "2025-02-21T13:02:21.125261", "last_iuid": "108294014564:18", "last_iu_created_at": "2025-02-21T13:02:21.125261", "first_previous_iu_created_at": "2025-02-21T13:02:11.105017", "last_previous_iu_created_at": "2025-02-21T13:02:11.105017", "event": "append UM", "level": "info", "timestamp": "2025-02-21T20:02:26.140037Z"}
{"module": "Whipser ASR Module", "event": "process_update", "level": "info", "timestamp": "2025-02-21T20:02:26.140037Z"}
{"module": "Microphone Module", "iuid": "108294014564:19", "previous_iu": "108294014564:18", "grounded_in": null, "event": "create_iu", "level": "info", "timestamp": "2025-02-21T20:02:31.153658Z"}
{"module": "Microphone Module", "first_iuid": "108294014564:19", "first_iu_created_at": "2025-02-21T13:02:31.153658", "last_iuid": "108294014564:19", "last_iu_created_at": "2025-02-21T13:02:31.153658", "first_previous_iu_created_at": "2025-02-21T13:02:21.125261", "last_previous_iu_created_at": "2025-02-21T13:02:21.125261", "event": "append UM", "level": "info", "timestamp": "2025-02-21T20:02:36.154928Z"}
{"module": "Whipser ASR Module", "event": "process_update", "level": "info", "timestamp": "2025-02-21T20:02:36.154928Z"}
{"module": "Microphone Module", "iuid": "108294014564:20", "previous_iu": "108294014564:19", "grounded_in": null, "event": "create_iu", "level": "info", "timestamp": "2025-02-21T20:02:41.163515Z"}
{"module": "Microphone Module", "first_iuid": "108294014564:20", "first_iu_created_at": "2025-02-21T13:02:41.163515", "last_iuid": "108294014564:20", "last_iu_created_at": "2025-02-21T13:02:41.163515", "first_previous_iu_created_at": "2025-02-21T13:02:31.153658", "last_previous_iu_created_at": "2025-02-21T13:02:31.153658", "event": "append UM", "level": "info", "timestamp": "2025-02-21T20:02:46.204998Z"}
{"module": "Whipser ASR Module", "event": "process_update", "level": "info", "timestamp": "2025-02-21T20:02:46.209015Z"}
{"module": "Microphone Module", "iuid": "108294014564:21", "previous_iu": "108294014564:20", "grounded_in": null, "event": "create_iu", "level": "info", "timestamp": "2025-02-21T20:02:51.206280Z"}
{"module": "Microphone Module", "first_iuid": "108294014564:21", "first_iu_created_at": "2025-02-21T13:02:51.206280", "last_iuid": "108294014564:21", "last_iu_created_at": "2025-02-21T13:02:51.206280", "first_previous_iu_created_at": "2025-02-21T13:02:41.163515", "last_previous_iu_created_at": "2025-02-21T13:02:41.163515", "event": "append UM", "level": "info", "timestamp": "2025-02-21T20:02:56.225472Z"}
{"module": "Whipser ASR Module", "event": "process_update", "level": "info", "timestamp": "2025-02-21T20:02:56.225472Z"}
{"module": "Microphone Module", "iuid": "108294014564:22", "previous_iu": "108294014564:21", "grounded_in": null, "event": "create_iu", "level": "info", "timestamp": "2025-02-21T20:03:01.236798Z"}
{"module": "Microphone Module", "first_iuid": "108294014564:22", "first_iu_created_at": "2025-02-21T13:03:01.236798", "last_iuid": "108294014564:22", "last_iu_created_at": "2025-02-21T13:03:01.236798", "first_previous_iu_created_at": "2025-02-21T13:02:51.206280", "last_previous_iu_created_at": "2025-02-21T13:02:51.206280", "event": "append UM", "level": "info", "timestamp": "2025-02-21T20:03:06.240436Z"}
{"module": "Whipser ASR Module", "event": "process_update", "level": "info", "timestamp": "2025-02-21T20:03:06.240436Z"}
{"module": "Microphone Module", "iuid": "108294014564:23", "previous_iu": "108294014564:22", "grounded_in": null, "event": "create_iu", "level": "info", "timestamp": "2025-02-21T20:03:11.253311Z"}
{"module": "Microphone Module", "first_iuid": "108294014564:23", "first_iu_created_at": "2025-02-21T13:03:11.253311", "last_iuid": "108294014564:23", "last_iu_created_at": "2025-02-21T13:03:11.253311", "first_previous_iu_created_at": "2025-02-21T13:03:01.236798", "last_previous_iu_created_at": "2025-02-21T13:03:01.236798", "event": "append UM", "level": "info", "timestamp": "2025-02-21T20:03:16.269699Z"}
{"module": "Whipser ASR Module", "event": "process_update", "level": "info", "timestamp": "2025-02-21T20:03:16.269699Z"}
{"module": "Microphone Module", "iuid": "108294014564:24", "previous_iu": "108294014564:23", "grounded_in": null, "event": "create_iu", "level": "info", "timestamp": "2025-02-21T20:03:21.281808Z"}
{"module": "Microphone Module", "first_iuid": "108294014564:24", "first_iu_created_at": "2025-02-21T13:03:21.281808", "last_iuid": "108294014564:24", "last_iu_created_at": "2025-02-21T13:03:21.281808", "first_previous_iu_created_at": "2025-02-21T13:03:11.253311", "last_previous_iu_created_at": "2025-02-21T13:03:11.253311", "event": "append UM", "level": "info", "timestamp": "2025-02-21T20:03:26.294899Z"}
{"module": "Whipser ASR Module", "event": "process_update", "level": "info", "timestamp": "2025-02-21T20:03:26.294899Z"}
{"module": "Microphone Module", "iuid": "108294014564:25", "previous_iu": "108294014564:24", "grounded_in": null, "event": "create_iu", "level": "info", "timestamp": "2025-02-21T20:03:31.297087Z"}
{"module": "Microphone Module", "first_iuid": "108294014564:25", "first_iu_created_at": "2025-02-21T13:03:31.297087", "last_iuid": "108294014564:25", "last_iu_created_at": "2025-02-21T13:03:31.297087", "first_previous_iu_created_at": "2025-02-21T13:03:21.281808", "last_previous_iu_created_at": "2025-02-21T13:03:21.281808", "event": "append UM", "level": "info", "timestamp": "2025-02-21T20:03:36.312944Z"}
{"module": "Whipser ASR Module", "event": "process_update", "level": "info", "timestamp": "2025-02-21T20:03:36.312944Z"}
{"module": "Microphone Module", "iuid": "108294014564:26", "previous_iu": "108294014564:25", "grounded_in": null, "event": "create_iu", "level": "info", "timestamp": "2025-02-21T20:03:41.319309Z"}
{"module": "Microphone Module", "first_iuid": "108294014564:26", "first_iu_created_at": "2025-02-21T13:03:41.319309", "last_iuid": "108294014564:26", "last_iu_created_at": "2025-02-21T13:03:41.319309", "first_previous_iu_created_at": "2025-02-21T13:03:31.297087", "last_previous_iu_created_at": "2025-02-21T13:03:31.297087", "event": "append UM", "level": "info", "timestamp": "2025-02-21T20:03:46.328753Z"}
{"module": "Whipser ASR Module", "event": "process_update", "level": "info", "timestamp": "2025-02-21T20:03:46.330759Z"}
{"module": "Microphone Module", "iuid": "108294014564:27", "previous_iu": "108294014564:26", "grounded_in": null, "event": "create_iu", "level": "info", "timestamp": "2025-02-21T20:03:51.341074Z"}
{"module": "Microphone Module", "first_iuid": "108294014564:27", "first_iu_created_at": "2025-02-21T13:03:51.341074", "last_iuid": "108294014564:27", "last_iu_created_at": "2025-02-21T13:03:51.341074", "first_previous_iu_created_at": "2025-02-21T13:03:41.319309", "last_previous_iu_created_at": "2025-02-21T13:03:41.319309", "event": "append UM", "level": "info", "timestamp": "2025-02-21T20:03:56.349632Z"}
{"module": "Whipser ASR Module", "event": "process_update", "level": "info", "timestamp": "2025-02-21T20:03:56.349632Z"}
{"module": "Microphone Module", "iuid": "108294014564:28", "previous_iu": "108294014564:27", "grounded_in": null, "event": "create_iu", "level": "info", "timestamp": "2025-02-21T20:04:01.357133Z"}
{"module": "Microphone Module", "first_iuid": "108294014564:28", "first_iu_created_at": "2025-02-21T13:04:01.357133", "last_iuid": "108294014564:28", "last_iu_created_at": "2025-02-21T13:04:01.357133", "first_previous_iu_created_at": "2025-02-21T13:03:51.341074", "last_previous_iu_created_at": "2025-02-21T13:03:51.341074", "event": "append UM", "level": "info", "timestamp": "2025-02-21T20:04:06.371939Z"}
{"module": "Whipser ASR Module", "event": "process_update", "level": "info", "timestamp": "2025-02-21T20:04:06.371939Z"}
{"module": "Microphone Module", "iuid": "108294014564:29", "previous_iu": "108294014564:28", "grounded_in": null, "event": "create_iu", "level": "info", "timestamp": "2025-02-21T20:04:11.378156Z"}
{"module": "Microphone Module", "first_iuid": "108294014564:29", "first_iu_created_at": "2025-02-21T13:04:11.378156", "last_iuid": "108294014564:29", "last_iu_created_at": "2025-02-21T13:04:11.378156", "first_previous_iu_created_at": "2025-02-21T13:04:01.357133", "last_previous_iu_created_at": "2025-02-21T13:04:01.357133", "event": "append UM", "level": "info", "timestamp": "2025-02-21T20:04:16.388751Z"}
{"module": "Whipser ASR Module", "event": "process_update", "level": "info", "timestamp": "2025-02-21T20:04:16.388751Z"}
{"module": "Microphone Module", "iuid": "108294014564:30", "previous_iu": "108294014564:29", "grounded_in": null, "event": "create_iu", "level": "info", "timestamp": "2025-02-21T20:04:21.395435Z"}
{"module": "Microphone Module", "first_iuid": "108294014564:30", "first_iu_created_at": "2025-02-21T13:04:21.395435", "last_iuid": "108294014564:30", "last_iu_created_at": "2025-02-21T13:04:21.395435", "first_previous_iu_created_at": "2025-02-21T13:04:11.378156", "last_previous_iu_created_at": "2025-02-21T13:04:11.378156", "event": "append UM", "level": "info", "timestamp": "2025-02-21T20:04:26.410067Z"}
{"module": "Whipser ASR Module", "event": "process_update", "level": "info", "timestamp": "2025-02-21T20:04:26.410067Z"}
