{"event": "init file logger", "level": "info", "timestamp": "2025-04-07T05:07:12.280473Z"}
{"module": "Microphone Module", "event": "init", "level": "info", "timestamp": "2025-04-07T05:07:17.320997Z"}
{"module": "Whipser ASR Module", "event": "init", "level": "info", "timestamp": "2025-04-07T05:07:17.648304Z"}
{"module": "Debug Module", "event": "init", "level": "info", "timestamp": "2025-04-07T05:07:19.051476Z"}
{"module": "Microphone Module", "event": "setup", "level": "info", "timestamp": "2025-04-07T05:07:19.051837Z"}
{"module": "Microphone Module", "event": "prepare_run", "level": "info", "timestamp": "2025-04-07T05:07:24.166970Z"}
{"module": "Whipser ASR Module", "event": "setup", "level": "info", "timestamp": "2025-04-07T05:07:24.166970Z"}
{"module": "Debug Module", "event": "setup", "level": "info", "timestamp": "2025-04-07T05:07:29.199782Z"}
{"module": "Microphone Module", "iuid": "139140141346:0", "previous_iu": null, "grounded_in": null, "event": "create_iu", "level": "info", "timestamp": "2025-04-07T05:07:29.228497Z"}
{"module": "Debug Module", "event": "prepare_run", "level": "info", "timestamp": "2025-04-07T05:07:34.217353Z"}
{"module": "Microphone Module", "first_iuid": "139140141346:0", "first_iu_created_at": "2025-04-06T23:07:29.228497", "last_iuid": "139140141346:0", "last_iu_created_at": "2025-04-06T23:07:29.228497", "event": "append UM", "level": "info", "timestamp": "2025-04-07T05:07:34.233238Z"}
{"module": "Whipser ASR Module", "event": "process_update", "level": "info", "timestamp": "2025-04-07T05:07:34.233238Z"}
{"module": "Microphone Module", "iuid": "139140141346:1", "previous_iu": "139140141346:0", "grounded_in": null, "event": "create_iu", "level": "info", "timestamp": "2025-04-07T05:07:39.239691Z"}
{"module": "Microphone Module", "first_iuid": "139140141346:1", "first_iu_created_at": "2025-04-06T23:07:39.239691", "last_iuid": "139140141346:1", "last_iu_created_at": "2025-04-06T23:07:39.239691", "first_previous_iu_created_at": "2025-04-06T23:07:29.228497", "last_previous_iu_created_at": "2025-04-06T23:07:29.228497", "event": "append UM", "level": "info", "timestamp": "2025-04-07T05:07:44.246717Z"}
{"module": "Whipser ASR Module", "event": "process_update", "level": "info", "timestamp": "2025-04-07T05:07:44.246717Z"}
{"module": "Microphone Module", "iuid": "139140141346:2", "previous_iu": "139140141346:1", "grounded_in": null, "event": "create_iu", "level": "info", "timestamp": "2025-04-07T05:07:49.258262Z"}
{"module": "Microphone Module", "first_iuid": "139140141346:2", "first_iu_created_at": "2025-04-06T23:07:49.258262", "last_iuid": "139140141346:2", "last_iu_created_at": "2025-04-06T23:07:49.258262", "first_previous_iu_created_at": "2025-04-06T23:07:39.239691", "last_previous_iu_created_at": "2025-04-06T23:07:39.239691", "event": "append UM", "level": "info", "timestamp": "2025-04-07T05:07:54.270192Z"}
{"module": "Whipser ASR Module", "event": "process_update", "level": "info", "timestamp": "2025-04-07T05:07:54.270192Z"}
{"module": "Microphone Module", "iuid": "139140141346:3", "previous_iu": "139140141346:2", "grounded_in": null, "event": "create_iu", "level": "info", "timestamp": "2025-04-07T05:07:59.282662Z"}
{"module": "Microphone Module", "first_iuid": "139140141346:3", "first_iu_created_at": "2025-04-06T23:07:59.282662", "last_iuid": "139140141346:3", "last_iu_created_at": "2025-04-06T23:07:59.282662", "first_previous_iu_created_at": "2025-04-06T23:07:49.258262", "last_previous_iu_created_at": "2025-04-06T23:07:49.258262", "event": "append UM", "level": "info", "timestamp": "2025-04-07T05:08:04.293871Z"}
{"module": "Whipser ASR Module", "event": "process_update", "level": "info", "timestamp": "2025-04-07T05:08:04.294868Z"}
