{"event": "init file logger", "level": "info", "timestamp": "2025-04-02T17:38:31.471865Z"}
{"module": "Microphone Module", "event": "init", "level": "info", "timestamp": "2025-04-02T17:38:36.515902Z"}
{"module": "Whipser ASR Module", "event": "init", "level": "info", "timestamp": "2025-04-02T17:38:36.851796Z"}
{"module": "Debug Module", "event": "init", "level": "info", "timestamp": "2025-04-02T17:38:39.196308Z"}
{"module": "Microphone Module", "event": "setup", "level": "info", "timestamp": "2025-04-02T17:38:39.196308Z"}
{"module": "Microphone Module", "event": "prepare_run", "level": "info", "timestamp": "2025-04-02T17:38:44.612927Z"}
{"module": "Whipser ASR Module", "event": "setup", "level": "info", "timestamp": "2025-04-02T17:38:44.612927Z"}
{"module": "Debug Module", "event": "setup", "level": "info", "timestamp": "2025-04-02T17:38:49.621604Z"}
{"module": "Microphone Module", "iuid": "126160785360:0", "previous_iu": null, "grounded_in": null, "event": "create_iu", "level": "info", "timestamp": "2025-04-02T17:38:49.674359Z"}
{"module": "Debug Module", "event": "prepare_run", "level": "info", "timestamp": "2025-04-02T17:38:54.627627Z"}
{"module": "Microphone Module", "first_iuid": "126160785360:0", "first_iu_created_at": "2025-04-02T11:38:49.674359", "last_iuid": "126160785360:0", "last_iu_created_at": "2025-04-02T11:38:49.674359", "event": "append UM", "level": "info", "timestamp": "2025-04-02T17:38:54.688635Z"}
{"module": "Whipser ASR Module", "event": "process_update", "level": "info", "timestamp": "2025-04-02T17:38:54.689698Z"}
{"module": "Microphone Module", "iuid": "126160785360:1", "previous_iu": "126160785360:0", "grounded_in": null, "event": "create_iu", "level": "info", "timestamp": "2025-04-02T17:38:59.696599Z"}
{"module": "Microphone Module", "first_iuid": "126160785360:1", "first_iu_created_at": "2025-04-02T11:38:59.696599", "last_iuid": "126160785360:1", "last_iu_created_at": "2025-04-02T11:38:59.696599", "first_previous_iu_created_at": "2025-04-02T11:38:49.674359", "last_previous_iu_created_at": "2025-04-02T11:38:49.674359", "event": "append UM", "level": "info", "timestamp": "2025-04-02T17:39:04.697730Z"}
{"module": "Whipser ASR Module", "event": "process_update", "level": "info", "timestamp": "2025-04-02T17:39:04.699025Z"}
{"module": "Microphone Module", "iuid": "126160785360:2", "previous_iu": "126160785360:1", "grounded_in": null, "event": "create_iu", "level": "info", "timestamp": "2025-04-02T17:39:09.705706Z"}
{"module": "Microphone Module", "first_iuid": "126160785360:2", "first_iu_created_at": "2025-04-02T11:39:09.705706", "last_iuid": "126160785360:2", "last_iu_created_at": "2025-04-02T11:39:09.705706", "first_previous_iu_created_at": "2025-04-02T11:38:59.696599", "last_previous_iu_created_at": "2025-04-02T11:38:59.696599", "event": "append UM", "level": "info", "timestamp": "2025-04-02T17:39:14.722057Z"}
{"module": "Whipser ASR Module", "event": "process_update", "level": "info", "timestamp": "2025-04-02T17:39:14.722057Z"}
{"module": "Microphone Module", "iuid": "126160785360:3", "previous_iu": "126160785360:2", "grounded_in": null, "event": "create_iu", "level": "info", "timestamp": "2025-04-02T17:39:19.730951Z"}
{"module": "Microphone Module", "first_iuid": "126160785360:3", "first_iu_created_at": "2025-04-02T11:39:19.730951", "last_iuid": "126160785360:3", "last_iu_created_at": "2025-04-02T11:39:19.730951", "first_previous_iu_created_at": "2025-04-02T11:39:09.705706", "last_previous_iu_created_at": "2025-04-02T11:39:09.705706", "event": "append UM", "level": "info", "timestamp": "2025-04-02T17:39:24.735186Z"}
{"module": "Whipser ASR Module", "event": "process_update", "level": "info", "timestamp": "2025-04-02T17:39:24.735186Z"}
{"module": "Microphone Module", "iuid": "126160785360:4", "previous_iu": "126160785360:3", "grounded_in": null, "event": "create_iu", "level": "info", "timestamp": "2025-04-02T17:39:29.749383Z"}
{"module": "Microphone Module", "first_iuid": "126160785360:4", "first_iu_created_at": "2025-04-02T11:39:29.749383", "last_iuid": "126160785360:4", "last_iu_created_at": "2025-04-02T11:39:29.749383", "first_previous_iu_created_at": "2025-04-02T11:39:19.730951", "last_previous_iu_created_at": "2025-04-02T11:39:19.730951", "event": "append UM", "level": "info", "timestamp": "2025-04-02T17:39:34.750763Z"}
{"module": "Whipser ASR Module", "event": "process_update", "level": "info", "timestamp": "2025-04-02T17:39:34.751958Z"}
{"module": "Microphone Module", "iuid": "126160785360:5", "previous_iu": "126160785360:4", "grounded_in": null, "event": "create_iu", "level": "info", "timestamp": "2025-04-02T17:39:39.764132Z"}
{"module": "Microphone Module", "first_iuid": "126160785360:5", "first_iu_created_at": "2025-04-02T11:39:39.763129", "last_iuid": "126160785360:5", "last_iu_created_at": "2025-04-02T11:39:39.763129", "first_previous_iu_created_at": "2025-04-02T11:39:29.749383", "last_previous_iu_created_at": "2025-04-02T11:39:29.749383", "event": "append UM", "level": "info", "timestamp": "2025-04-02T17:39:44.770824Z"}
{"module": "Whipser ASR Module", "event": "process_update", "level": "info", "timestamp": "2025-04-02T17:39:44.770824Z"}
{"module": "Microphone Module", "iuid": "126160785360:6", "previous_iu": "126160785360:5", "grounded_in": null, "event": "create_iu", "level": "info", "timestamp": "2025-04-02T17:39:49.779534Z"}
{"module": "Microphone Module", "first_iuid": "126160785360:6", "first_iu_created_at": "2025-04-02T11:39:49.779534", "last_iuid": "126160785360:6", "last_iu_created_at": "2025-04-02T11:39:49.779534", "first_previous_iu_created_at": "2025-04-02T11:39:39.763129", "last_previous_iu_created_at": "2025-04-02T11:39:39.763129", "event": "append UM", "level": "info", "timestamp": "2025-04-02T17:39:54.787063Z"}
{"module": "Whipser ASR Module", "event": "process_update", "level": "info", "timestamp": "2025-04-02T17:39:54.787970Z"}
{"module": "Microphone Module", "iuid": "126160785360:7", "previous_iu": "126160785360:6", "grounded_in": null, "event": "create_iu", "level": "info", "timestamp": "2025-04-02T17:39:59.794327Z"}
{"module": "Microphone Module", "first_iuid": "126160785360:7", "first_iu_created_at": "2025-04-02T11:39:59.794327", "last_iuid": "126160785360:7", "last_iu_created_at": "2025-04-02T11:39:59.794327", "first_previous_iu_created_at": "2025-04-02T11:39:49.779534", "last_previous_iu_created_at": "2025-04-02T11:39:49.779534", "event": "append UM", "level": "info", "timestamp": "2025-04-02T17:40:04.805442Z"}
{"module": "Whipser ASR Module", "event": "process_update", "level": "info", "timestamp": "2025-04-02T17:40:04.805442Z"}
{"module": "Microphone Module", "iuid": "126160785360:8", "previous_iu": "126160785360:7", "grounded_in": null, "event": "create_iu", "level": "info", "timestamp": "2025-04-02T17:40:09.819245Z"}
{"module": "Microphone Module", "first_iuid": "126160785360:8", "first_iu_created_at": "2025-04-02T11:40:09.819245", "last_iuid": "126160785360:8", "last_iu_created_at": "2025-04-02T11:40:09.819245", "first_previous_iu_created_at": "2025-04-02T11:39:59.794327", "last_previous_iu_created_at": "2025-04-02T11:39:59.794327", "event": "append UM", "level": "info", "timestamp": "2025-04-02T17:40:14.821408Z"}
{"module": "Whipser ASR Module", "event": "process_update", "level": "info", "timestamp": "2025-04-02T17:40:14.821408Z"}
{"module": "Microphone Module", "iuid": "126160785360:9", "previous_iu": "126160785360:8", "grounded_in": null, "event": "create_iu", "level": "info", "timestamp": "2025-04-02T17:40:19.831675Z"}
{"module": "Microphone Module", "first_iuid": "126160785360:9", "first_iu_created_at": "2025-04-02T11:40:19.830643", "last_iuid": "126160785360:9", "last_iu_created_at": "2025-04-02T11:40:19.830643", "first_previous_iu_created_at": "2025-04-02T11:40:09.819245", "last_previous_iu_created_at": "2025-04-02T11:40:09.819245", "event": "append UM", "level": "info", "timestamp": "2025-04-02T17:40:24.842654Z"}
{"module": "Whipser ASR Module", "event": "process_update", "level": "info", "timestamp": "2025-04-02T17:40:24.843646Z"}
{"module": "Microphone Module", "iuid": "126160785360:10", "previous_iu": "126160785360:9", "grounded_in": null, "event": "create_iu", "level": "info", "timestamp": "2025-04-02T17:40:29.858564Z"}
{"module": "Microphone Module", "first_iuid": "126160785360:10", "first_iu_created_at": "2025-04-02T11:40:29.858564", "last_iuid": "126160785360:10", "last_iu_created_at": "2025-04-02T11:40:29.858564", "first_previous_iu_created_at": "2025-04-02T11:40:19.830643", "last_previous_iu_created_at": "2025-04-02T11:40:19.830643", "event": "append UM", "level": "info", "timestamp": "2025-04-02T17:40:34.864850Z"}
{"module": "Whipser ASR Module", "event": "process_update", "level": "info", "timestamp": "2025-04-02T17:40:34.866369Z"}
{"module": "Microphone Module", "iuid": "126160785360:11", "previous_iu": "126160785360:10", "grounded_in": null, "event": "create_iu", "level": "info", "timestamp": "2025-04-02T17:40:39.873613Z"}
{"module": "Microphone Module", "first_iuid": "126160785360:11", "first_iu_created_at": "2025-04-02T11:40:39.873613", "last_iuid": "126160785360:11", "last_iu_created_at": "2025-04-02T11:40:39.873613", "first_previous_iu_created_at": "2025-04-02T11:40:29.858564", "last_previous_iu_created_at": "2025-04-02T11:40:29.858564", "event": "append UM", "level": "info", "timestamp": "2025-04-02T17:40:44.882027Z"}
{"module": "Whipser ASR Module", "event": "process_update", "level": "info", "timestamp": "2025-04-02T17:40:44.883043Z"}
{"module": "Microphone Module", "iuid": "126160785360:12", "previous_iu": "126160785360:11", "grounded_in": null, "event": "create_iu", "level": "info", "timestamp": "2025-04-02T17:40:49.892657Z"}
{"module": "Microphone Module", "first_iuid": "126160785360:12", "first_iu_created_at": "2025-04-02T11:40:49.892657", "last_iuid": "126160785360:12", "last_iu_created_at": "2025-04-02T11:40:49.892657", "first_previous_iu_created_at": "2025-04-02T11:40:39.873613", "last_previous_iu_created_at": "2025-04-02T11:40:39.873613", "event": "append UM", "level": "info", "timestamp": "2025-04-02T17:40:54.905618Z"}
{"module": "Whipser ASR Module", "event": "process_update", "level": "info", "timestamp": "2025-04-02T17:40:54.905618Z"}
{"module": "Microphone Module", "iuid": "126160785360:13", "previous_iu": "126160785360:12", "grounded_in": null, "event": "create_iu", "level": "info", "timestamp": "2025-04-02T17:40:59.914926Z"}
{"module": "Microphone Module", "first_iuid": "126160785360:13", "first_iu_created_at": "2025-04-02T11:40:59.914926", "last_iuid": "126160785360:13", "last_iu_created_at": "2025-04-02T11:40:59.914926", "first_previous_iu_created_at": "2025-04-02T11:40:49.892657", "last_previous_iu_created_at": "2025-04-02T11:40:49.892657", "event": "append UM", "level": "info", "timestamp": "2025-04-02T17:41:04.924629Z"}
{"module": "Whipser ASR Module", "event": "process_update", "level": "info", "timestamp": "2025-04-02T17:41:04.924629Z"}
{"module": "Microphone Module", "iuid": "126160785360:14", "previous_iu": "126160785360:13", "grounded_in": null, "event": "create_iu", "level": "info", "timestamp": "2025-04-02T17:41:09.931035Z"}
{"module": "Microphone Module", "first_iuid": "126160785360:14", "first_iu_created_at": "2025-04-02T11:41:09.930147", "last_iuid": "126160785360:14", "last_iu_created_at": "2025-04-02T11:41:09.930147", "first_previous_iu_created_at": "2025-04-02T11:40:59.914926", "last_previous_iu_created_at": "2025-04-02T11:40:59.914926", "event": "append UM", "level": "info", "timestamp": "2025-04-02T17:41:14.935220Z"}
{"module": "Whipser ASR Module", "event": "process_update", "level": "info", "timestamp": "2025-04-02T17:41:14.935220Z"}
{"module": "Microphone Module", "iuid": "126160785360:15", "previous_iu": "126160785360:14", "grounded_in": null, "event": "create_iu", "level": "info", "timestamp": "2025-04-02T17:41:19.940927Z"}
{"module": "Microphone Module", "first_iuid": "126160785360:15", "first_iu_created_at": "2025-04-02T11:41:19.939997", "last_iuid": "126160785360:15", "last_iu_created_at": "2025-04-02T11:41:19.939997", "first_previous_iu_created_at": "2025-04-02T11:41:09.930147", "last_previous_iu_created_at": "2025-04-02T11:41:09.930147", "event": "append UM", "level": "info", "timestamp": "2025-04-02T17:41:24.946924Z"}
{"module": "Whipser ASR Module", "event": "process_update", "level": "info", "timestamp": "2025-04-02T17:41:24.946924Z"}
{"module": "Microphone Module", "iuid": "126160785360:16", "previous_iu": "126160785360:15", "grounded_in": null, "event": "create_iu", "level": "info", "timestamp": "2025-04-02T17:41:29.951909Z"}
{"module": "Microphone Module", "first_iuid": "126160785360:16", "first_iu_created_at": "2025-04-02T11:41:29.951909", "last_iuid": "126160785360:16", "last_iu_created_at": "2025-04-02T11:41:29.951909", "first_previous_iu_created_at": "2025-04-02T11:41:19.939997", "last_previous_iu_created_at": "2025-04-02T11:41:19.939997", "event": "append UM", "level": "info", "timestamp": "2025-04-02T17:41:34.961183Z"}
{"module": "Whipser ASR Module", "event": "process_update", "level": "info", "timestamp": "2025-04-02T17:41:34.961183Z"}
{"module": "Microphone Module", "iuid": "126160785360:17", "previous_iu": "126160785360:16", "grounded_in": null, "event": "create_iu", "level": "info", "timestamp": "2025-04-02T17:41:39.963308Z"}
{"module": "Microphone Module", "first_iuid": "126160785360:17", "first_iu_created_at": "2025-04-02T11:41:39.963308", "last_iuid": "126160785360:17", "last_iu_created_at": "2025-04-02T11:41:39.963308", "first_previous_iu_created_at": "2025-04-02T11:41:29.951909", "last_previous_iu_created_at": "2025-04-02T11:41:29.951909", "event": "append UM", "level": "info", "timestamp": "2025-04-02T17:41:44.972634Z"}
{"module": "Whipser ASR Module", "event": "process_update", "level": "info", "timestamp": "2025-04-02T17:41:44.972634Z"}
{"module": "Microphone Module", "iuid": "126160785360:18", "previous_iu": "126160785360:17", "grounded_in": null, "event": "create_iu", "level": "info", "timestamp": "2025-04-02T17:41:49.983018Z"}
{"module": "Microphone Module", "first_iuid": "126160785360:18", "first_iu_created_at": "2025-04-02T11:41:49.983018", "last_iuid": "126160785360:18", "last_iu_created_at": "2025-04-02T11:41:49.983018", "first_previous_iu_created_at": "2025-04-02T11:41:39.963308", "last_previous_iu_created_at": "2025-04-02T11:41:39.963308", "event": "append UM", "level": "info", "timestamp": "2025-04-02T17:41:54.987683Z"}
{"module": "Whipser ASR Module", "event": "process_update", "level": "info", "timestamp": "2025-04-02T17:41:54.989687Z"}
{"module": "Microphone Module", "iuid": "126160785360:19", "previous_iu": "126160785360:18", "grounded_in": null, "event": "create_iu", "level": "info", "timestamp": "2025-04-02T17:41:59.997052Z"}
{"module": "Microphone Module", "first_iuid": "126160785360:19", "first_iu_created_at": "2025-04-02T11:41:59.997052", "last_iuid": "126160785360:19", "last_iu_created_at": "2025-04-02T11:41:59.997052", "first_previous_iu_created_at": "2025-04-02T11:41:49.983018", "last_previous_iu_created_at": "2025-04-02T11:41:49.983018", "event": "append UM", "level": "info", "timestamp": "2025-04-02T17:42:05.004562Z"}
{"module": "Whipser ASR Module", "event": "process_update", "level": "info", "timestamp": "2025-04-02T17:42:05.004562Z"}
{"module": "Microphone Module", "iuid": "126160785360:20", "previous_iu": "126160785360:19", "grounded_in": null, "event": "create_iu", "level": "info", "timestamp": "2025-04-02T17:42:10.014339Z"}
{"module": "Microphone Module", "first_iuid": "126160785360:20", "first_iu_created_at": "2025-04-02T11:42:10.014339", "last_iuid": "126160785360:20", "last_iu_created_at": "2025-04-02T11:42:10.014339", "first_previous_iu_created_at": "2025-04-02T11:41:59.997052", "last_previous_iu_created_at": "2025-04-02T11:41:59.997052", "event": "append UM", "level": "info", "timestamp": "2025-04-02T17:42:15.030550Z"}
{"module": "Whipser ASR Module", "event": "process_update", "level": "info", "timestamp": "2025-04-02T17:42:15.030550Z"}
{"module": "Microphone Module", "iuid": "126160785360:21", "previous_iu": "126160785360:20", "grounded_in": null, "event": "create_iu", "level": "info", "timestamp": "2025-04-02T17:42:20.037271Z"}
{"module": "Microphone Module", "first_iuid": "126160785360:21", "first_iu_created_at": "2025-04-02T11:42:20.037271", "last_iuid": "126160785360:21", "last_iu_created_at": "2025-04-02T11:42:20.037271", "first_previous_iu_created_at": "2025-04-02T11:42:10.014339", "last_previous_iu_created_at": "2025-04-02T11:42:10.014339", "event": "append UM", "level": "info", "timestamp": "2025-04-02T17:42:25.039421Z"}
{"module": "Whipser ASR Module", "event": "process_update", "level": "info", "timestamp": "2025-04-02T17:42:25.040425Z"}
{"module": "Microphone Module", "iuid": "126160785360:22", "previous_iu": "126160785360:21", "grounded_in": null, "event": "create_iu", "level": "info", "timestamp": "2025-04-02T17:42:30.048319Z"}
{"module": "Microphone Module", "first_iuid": "126160785360:22", "first_iu_created_at": "2025-04-02T11:42:30.048319", "last_iuid": "126160785360:22", "last_iu_created_at": "2025-04-02T11:42:30.048319", "first_previous_iu_created_at": "2025-04-02T11:42:20.037271", "last_previous_iu_created_at": "2025-04-02T11:42:20.037271", "event": "append UM", "level": "info", "timestamp": "2025-04-02T17:42:35.050246Z"}
{"module": "Whipser ASR Module", "event": "process_update", "level": "info", "timestamp": "2025-04-02T17:42:35.050246Z"}
{"module": "Microphone Module", "iuid": "126160785360:23", "previous_iu": "126160785360:22", "grounded_in": null, "event": "create_iu", "level": "info", "timestamp": "2025-04-02T17:42:40.057300Z"}
{"module": "Microphone Module", "first_iuid": "126160785360:23", "first_iu_created_at": "2025-04-02T11:42:40.055786", "last_iuid": "126160785360:23", "last_iu_created_at": "2025-04-02T11:42:40.055786", "first_previous_iu_created_at": "2025-04-02T11:42:30.048319", "last_previous_iu_created_at": "2025-04-02T11:42:30.048319", "event": "append UM", "level": "info", "timestamp": "2025-04-02T17:42:45.066444Z"}
{"module": "Whipser ASR Module", "event": "process_update", "level": "info", "timestamp": "2025-04-02T17:42:45.066444Z"}
{"module": "Microphone Module", "iuid": "126160785360:24", "previous_iu": "126160785360:23", "grounded_in": null, "event": "create_iu", "level": "info", "timestamp": "2025-04-02T17:42:50.080566Z"}
{"module": "Microphone Module", "first_iuid": "126160785360:24", "first_iu_created_at": "2025-04-02T11:42:50.080566", "last_iuid": "126160785360:24", "last_iu_created_at": "2025-04-02T11:42:50.080566", "first_previous_iu_created_at": "2025-04-02T11:42:40.055786", "last_previous_iu_created_at": "2025-04-02T11:42:40.055786", "event": "append UM", "level": "info", "timestamp": "2025-04-02T17:42:55.094446Z"}
{"module": "Whipser ASR Module", "event": "process_update", "level": "info", "timestamp": "2025-04-02T17:42:55.094446Z"}
