{"event": "init file logger", "level": "info", "timestamp": "2025-04-07T04:59:46.753845Z"}
{"module": "Microphone Module", "event": "init", "level": "info", "timestamp": "2025-04-07T04:59:51.781428Z"}
{"module": "Whipser ASR Module", "event": "init", "level": "info", "timestamp": "2025-04-07T04:59:52.122303Z"}
{"module": "Debug Module", "event": "init", "level": "info", "timestamp": "2025-04-07T04:59:54.839741Z"}
{"module": "Microphone Module", "event": "setup", "level": "info", "timestamp": "2025-04-07T04:59:54.839741Z"}
{"module": "Microphone Module", "event": "prepare_run", "level": "info", "timestamp": "2025-04-07T05:00:00.184038Z"}
{"module": "Whipser ASR Module", "event": "setup", "level": "info", "timestamp": "2025-04-07T05:00:00.184038Z"}
{"module": "Debug Module", "event": "setup", "level": "info", "timestamp": "2025-04-07T05:00:05.202572Z"}
{"module": "Microphone Module", "iuid": "131552645551:0", "previous_iu": null, "grounded_in": null, "event": "create_iu", "level": "info", "timestamp": "2025-04-07T05:00:05.246281Z"}
{"module": "Debug Module", "event": "prepare_run", "level": "info", "timestamp": "2025-04-07T05:00:10.210467Z"}
{"module": "Microphone Module", "first_iuid": "131552645551:0", "first_iu_created_at": "2025-04-06T23:00:05.246281", "last_iuid": "131552645551:0", "last_iu_created_at": "2025-04-06T23:00:05.246281", "event": "append UM", "level": "info", "timestamp": "2025-04-07T05:00:10.256296Z"}
{"module": "Whipser ASR Module", "event": "process_update", "level": "info", "timestamp": "2025-04-07T05:00:10.257283Z"}
{"module": "Microphone Module", "iuid": "131552645551:1", "previous_iu": "131552645551:0", "grounded_in": null, "event": "create_iu", "level": "info", "timestamp": "2025-04-07T05:00:15.271275Z"}
{"module": "Microphone Module", "first_iuid": "131552645551:1", "first_iu_created_at": "2025-04-06T23:00:15.271275", "last_iuid": "131552645551:1", "last_iu_created_at": "2025-04-06T23:00:15.271275", "first_previous_iu_created_at": "2025-04-06T23:00:05.246281", "last_previous_iu_created_at": "2025-04-06T23:00:05.246281", "event": "append UM", "level": "info", "timestamp": "2025-04-07T05:00:20.276978Z"}
{"module": "Whipser ASR Module", "event": "process_update", "level": "info", "timestamp": "2025-04-07T05:00:20.276978Z"}
{"module": "Microphone Module", "iuid": "131552645551:2", "previous_iu": "131552645551:1", "grounded_in": null, "event": "create_iu", "level": "info", "timestamp": "2025-04-07T05:00:25.284835Z"}
{"module": "Microphone Module", "first_iuid": "131552645551:2", "first_iu_created_at": "2025-04-06T23:00:25.284835", "last_iuid": "131552645551:2", "last_iu_created_at": "2025-04-06T23:00:25.284835", "first_previous_iu_created_at": "2025-04-06T23:00:15.271275", "last_previous_iu_created_at": "2025-04-06T23:00:15.271275", "event": "append UM", "level": "info", "timestamp": "2025-04-07T05:00:30.288336Z"}
{"module": "Whipser ASR Module", "event": "process_update", "level": "info", "timestamp": "2025-04-07T05:00:30.289357Z"}
{"module": "Microphone Module", "iuid": "131552645551:3", "previous_iu": "131552645551:2", "grounded_in": null, "event": "create_iu", "level": "info", "timestamp": "2025-04-07T05:00:35.292914Z"}
{"module": "Microphone Module", "first_iuid": "131552645551:3", "first_iu_created_at": "2025-04-06T23:00:35.292914", "last_iuid": "131552645551:3", "last_iu_created_at": "2025-04-06T23:00:35.292914", "first_previous_iu_created_at": "2025-04-06T23:00:25.284835", "last_previous_iu_created_at": "2025-04-06T23:00:25.284835", "event": "append UM", "level": "info", "timestamp": "2025-04-07T05:00:40.450320Z"}
{"module": "Whipser ASR Module", "event": "process_update", "level": "info", "timestamp": "2025-04-07T05:00:40.460943Z"}
{"module": "Microphone Module", "iuid": "131552645551:4", "previous_iu": "131552645551:3", "grounded_in": null, "event": "create_iu", "level": "info", "timestamp": "2025-04-07T05:00:45.463018Z"}
{"module": "Microphone Module", "first_iuid": "131552645551:4", "first_iu_created_at": "2025-04-06T23:00:45.463018", "last_iuid": "131552645551:4", "last_iu_created_at": "2025-04-06T23:00:45.463018", "first_previous_iu_created_at": "2025-04-06T23:00:35.292914", "last_previous_iu_created_at": "2025-04-06T23:00:35.292914", "event": "append UM", "level": "info", "timestamp": "2025-04-07T05:00:50.465669Z"}
{"module": "Whipser ASR Module", "event": "process_update", "level": "info", "timestamp": "2025-04-07T05:00:50.465669Z"}
{"module": "Microphone Module", "iuid": "131552645551:5", "previous_iu": "131552645551:4", "grounded_in": null, "event": "create_iu", "level": "info", "timestamp": "2025-04-07T05:00:55.476413Z"}
{"module": "Microphone Module", "first_iuid": "131552645551:5", "first_iu_created_at": "2025-04-06T23:00:55.476413", "last_iuid": "131552645551:5", "last_iu_created_at": "2025-04-06T23:00:55.476413", "first_previous_iu_created_at": "2025-04-06T23:00:45.463018", "last_previous_iu_created_at": "2025-04-06T23:00:45.463018", "event": "append UM", "level": "info", "timestamp": "2025-04-07T05:01:00.493475Z"}
{"module": "Whipser ASR Module", "event": "process_update", "level": "info", "timestamp": "2025-04-07T05:01:00.493475Z"}
{"module": "Microphone Module", "iuid": "131552645551:6", "previous_iu": "131552645551:5", "grounded_in": null, "event": "create_iu", "level": "info", "timestamp": "2025-04-07T05:01:05.498531Z"}
{"module": "Microphone Module", "first_iuid": "131552645551:6", "first_iu_created_at": "2025-04-06T23:01:05.498531", "last_iuid": "131552645551:6", "last_iu_created_at": "2025-04-06T23:01:05.498531", "first_previous_iu_created_at": "2025-04-06T23:00:55.476413", "last_previous_iu_created_at": "2025-04-06T23:00:55.476413", "event": "append UM", "level": "info", "timestamp": "2025-04-07T05:01:10.500782Z"}
{"module": "Whipser ASR Module", "event": "process_update", "level": "info", "timestamp": "2025-04-07T05:01:10.500782Z"}
{"module": "Microphone Module", "iuid": "131552645551:7", "previous_iu": "131552645551:6", "grounded_in": null, "event": "create_iu", "level": "info", "timestamp": "2025-04-07T05:01:15.522250Z"}
{"module": "Microphone Module", "first_iuid": "131552645551:7", "first_iu_created_at": "2025-04-06T23:01:15.522250", "last_iuid": "131552645551:7", "last_iu_created_at": "2025-04-06T23:01:15.522250", "first_previous_iu_created_at": "2025-04-06T23:01:05.498531", "last_previous_iu_created_at": "2025-04-06T23:01:05.498531", "event": "append UM", "level": "info", "timestamp": "2025-04-07T05:01:20.529401Z"}
{"module": "Whipser ASR Module", "event": "process_update", "level": "info", "timestamp": "2025-04-07T05:01:20.529401Z"}
{"module": "Microphone Module", "iuid": "131552645551:8", "previous_iu": "131552645551:7", "grounded_in": null, "event": "create_iu", "level": "info", "timestamp": "2025-04-07T05:01:25.534434Z"}
{"module": "Microphone Module", "first_iuid": "131552645551:8", "first_iu_created_at": "2025-04-06T23:01:25.534434", "last_iuid": "131552645551:8", "last_iu_created_at": "2025-04-06T23:01:25.534434", "first_previous_iu_created_at": "2025-04-06T23:01:15.522250", "last_previous_iu_created_at": "2025-04-06T23:01:15.522250", "event": "append UM", "level": "info", "timestamp": "2025-04-07T05:01:30.542096Z"}
{"module": "Whipser ASR Module", "event": "process_update", "level": "info", "timestamp": "2025-04-07T05:01:30.542096Z"}
{"module": "Microphone Module", "iuid": "131552645551:9", "previous_iu": "131552645551:8", "grounded_in": null, "event": "create_iu", "level": "info", "timestamp": "2025-04-07T05:01:35.546360Z"}
{"module": "Microphone Module", "first_iuid": "131552645551:9", "first_iu_created_at": "2025-04-06T23:01:35.546360", "last_iuid": "131552645551:9", "last_iu_created_at": "2025-04-06T23:01:35.546360", "first_previous_iu_created_at": "2025-04-06T23:01:25.534434", "last_previous_iu_created_at": "2025-04-06T23:01:25.534434", "event": "append UM", "level": "info", "timestamp": "2025-04-07T05:01:40.548426Z"}
{"module": "Whipser ASR Module", "event": "process_update", "level": "info", "timestamp": "2025-04-07T05:01:40.549722Z"}
{"module": "Microphone Module", "iuid": "131552645551:10", "previous_iu": "131552645551:9", "grounded_in": null, "event": "create_iu", "level": "info", "timestamp": "2025-04-07T05:01:45.559186Z"}
