{"event": "init file logger", "level": "info", "timestamp": "2025-04-06T22:17:15.097655Z"}
{"module": "Microphone Module", "event": "init", "level": "info", "timestamp": "2025-04-06T22:17:20.151729Z"}
{"module": "Whipser ASR Module", "event": "init", "level": "info", "timestamp": "2025-04-06T22:17:20.503342Z"}
{"module": "Debug Module", "event": "init", "level": "info", "timestamp": "2025-04-06T22:17:22.717091Z"}
{"module": "Microphone Module", "event": "setup", "level": "info", "timestamp": "2025-04-06T22:17:22.719106Z"}
{"module": "Microphone Module", "event": "prepare_run", "level": "info", "timestamp": "2025-04-06T22:17:28.076671Z"}
{"module": "Whipser ASR Module", "event": "setup", "level": "info", "timestamp": "2025-04-06T22:17:28.076671Z"}
{"module": "Debug Module", "event": "setup", "level": "info", "timestamp": "2025-04-06T22:17:33.099520Z"}
{"module": "Microphone Module", "iuid": "83652870521:0", "previous_iu": null, "grounded_in": null, "event": "create_iu", "level": "info", "timestamp": "2025-04-06T22:17:33.147983Z"}
{"module": "Debug Module", "event": "prepare_run", "level": "info", "timestamp": "2025-04-06T22:17:38.111255Z"}
{"module": "Microphone Module", "first_iuid": "83652870521:0", "first_iu_created_at": "2025-04-06T16:17:33.147983", "last_iuid": "83652870521:0", "last_iu_created_at": "2025-04-06T16:17:33.147983", "event": "append UM", "level": "info", "timestamp": "2025-04-06T22:17:38.161549Z"}
{"module": "Whipser ASR Module", "event": "process_update", "level": "info", "timestamp": "2025-04-06T22:17:38.161549Z"}
{"module": "Microphone Module", "iuid": "83652870521:1", "previous_iu": "83652870521:0", "grounded_in": null, "event": "create_iu", "level": "info", "timestamp": "2025-04-06T22:17:43.174051Z"}
{"module": "Microphone Module", "first_iuid": "83652870521:1", "first_iu_created_at": "2025-04-06T16:17:43.174051", "last_iuid": "83652870521:1", "last_iu_created_at": "2025-04-06T16:17:43.174051", "first_previous_iu_created_at": "2025-04-06T16:17:33.147983", "last_previous_iu_created_at": "2025-04-06T16:17:33.147983", "event": "append UM", "level": "info", "timestamp": "2025-04-06T22:17:48.181859Z"}
{"module": "Whipser ASR Module", "event": "process_update", "level": "info", "timestamp": "2025-04-06T22:17:48.181859Z"}
{"module": "Microphone Module", "iuid": "83652870521:2", "previous_iu": "83652870521:1", "grounded_in": null, "event": "create_iu", "level": "info", "timestamp": "2025-04-06T22:17:53.192771Z"}
{"module": "Microphone Module", "first_iuid": "83652870521:2", "first_iu_created_at": "2025-04-06T16:17:53.192771", "last_iuid": "83652870521:2", "last_iu_created_at": "2025-04-06T16:17:53.192771", "first_previous_iu_created_at": "2025-04-06T16:17:43.174051", "last_previous_iu_created_at": "2025-04-06T16:17:43.174051", "event": "append UM", "level": "info", "timestamp": "2025-04-06T22:17:58.195407Z"}
{"module": "Whipser ASR Module", "event": "process_update", "level": "info", "timestamp": "2025-04-06T22:17:58.195968Z"}
{"module": "Microphone Module", "iuid": "83652870521:3", "previous_iu": "83652870521:2", "grounded_in": null, "event": "create_iu", "level": "info", "timestamp": "2025-04-06T22:18:03.203381Z"}
{"module": "Microphone Module", "first_iuid": "83652870521:3", "first_iu_created_at": "2025-04-06T16:18:03.202819", "last_iuid": "83652870521:3", "last_iu_created_at": "2025-04-06T16:18:03.202819", "first_previous_iu_created_at": "2025-04-06T16:17:53.192771", "last_previous_iu_created_at": "2025-04-06T16:17:53.192771", "event": "append UM", "level": "info", "timestamp": "2025-04-06T22:18:08.222951Z"}
{"module": "Whipser ASR Module", "event": "process_update", "level": "info", "timestamp": "2025-04-06T22:18:08.222951Z"}
{"module": "Microphone Module", "iuid": "83652870521:4", "previous_iu": "83652870521:3", "grounded_in": null, "event": "create_iu", "level": "info", "timestamp": "2025-04-06T22:18:13.231927Z"}
