{"event": "init file logger", "level": "info", "timestamp": "2025-05-16T19:28:17.790727Z"}
{"module": "Microphone Module", "event": "init", "level": "info", "timestamp": "2025-05-16T19:28:22.824273Z"}
{"module": "Whipser ASR Module", "event": "init", "level": "info", "timestamp": "2025-05-16T19:28:23.147600Z"}
{"module": "Debug Module", "event": "init", "level": "info", "timestamp": "2025-05-16T19:28:24.796014Z"}
{"module": "Microphone Module", "event": "setup", "level": "info", "timestamp": "2025-05-16T19:28:24.797039Z"}
{"module": "Microphone Module", "event": "prepare_run", "level": "info", "timestamp": "2025-05-16T19:28:29.999574Z"}
{"module": "Whipser ASR Module", "event": "setup", "level": "info", "timestamp": "2025-05-16T19:28:29.999574Z"}
{"module": "Debug Module", "event": "setup", "level": "info", "timestamp": "2025-05-16T19:28:35.017165Z"}
{"module": "Microphone Module", "iuid": "168493954708:0", "previous_iu": null, "grounded_in": null, "event": "create_iu", "level": "info", "timestamp": "2025-05-16T19:28:35.077429Z"}
{"module": "Debug Module", "event": "prepare_run", "level": "info", "timestamp": "2025-05-16T19:28:40.030843Z"}
{"module": "Microphone Module", "first_iuid": "168493954708:0", "first_iu_created_at": "2025-05-16T12:28:35.077429", "last_iuid": "168493954708:0", "last_iu_created_at": "2025-05-16T12:28:35.077429", "event": "append UM", "level": "info", "timestamp": "2025-05-16T19:28:40.088649Z"}
{"module": "Whipser ASR Module", "event": "process_update", "level": "info", "timestamp": "2025-05-16T19:28:40.088649Z"}
{"module": "Debug Module", "event": "process_update", "level": "info", "timestamp": "2025-05-16T19:28:45.060811Z"}
{"module": "Microphone Module", "iuid": "168493954708:1", "previous_iu": "168493954708:0", "grounded_in": null, "event": "create_iu", "level": "info", "timestamp": "2025-05-16T19:28:45.092260Z"}
{"module": "Microphone Module", "first_iuid": "168493954708:1", "first_iu_created_at": "2025-05-16T12:28:45.092260", "last_iuid": "168493954708:1", "last_iu_created_at": "2025-05-16T12:28:45.092260", "first_previous_iu_created_at": "2025-05-16T12:28:35.077429", "last_previous_iu_created_at": "2025-05-16T12:28:35.077429", "event": "append UM", "level": "info", "timestamp": "2025-05-16T19:28:50.097440Z"}
{"module": "Whipser ASR Module", "event": "process_update", "level": "info", "timestamp": "2025-05-16T19:28:50.097440Z"}
{"module": "Debug Module", "event": "process_update", "level": "info", "timestamp": "2025-05-16T19:28:50.112725Z"}
{"module": "Microphone Module", "iuid": "168493954708:2", "previous_iu": "168493954708:1", "grounded_in": null, "event": "create_iu", "level": "info", "timestamp": "2025-05-16T19:28:55.102878Z"}
{"module": "Microphone Module", "first_iuid": "168493954708:2", "first_iu_created_at": "2025-05-16T12:28:55.102878", "last_iuid": "168493954708:2", "last_iu_created_at": "2025-05-16T12:28:55.102878", "first_previous_iu_created_at": "2025-05-16T12:28:45.092260", "last_previous_iu_created_at": "2025-05-16T12:28:45.092260", "event": "append UM", "level": "info", "timestamp": "2025-05-16T19:29:00.105552Z"}
{"module": "Whipser ASR Module", "event": "process_update", "level": "info", "timestamp": "2025-05-16T19:29:00.105552Z"}
{"module": "Debug Module", "event": "process_update", "level": "info", "timestamp": "2025-05-16T19:29:00.106551Z"}
{"module": "Microphone Module", "iuid": "168493954708:3", "previous_iu": "168493954708:2", "grounded_in": null, "event": "create_iu", "level": "info", "timestamp": "2025-05-16T19:29:05.126374Z"}
