{"event": "init file logger", "level": "info", "timestamp": "2025-02-20T16:24:18.987538Z"}
{"module": "Microphone Module", "event": "init", "level": "info", "timestamp": "2025-02-20T16:24:24.039014Z"}
{"module": "Whipser ASR Module", "event": "init", "level": "info", "timestamp": "2025-02-20T16:24:24.364014Z"}
{"module": "Debug Module", "event": "init", "level": "info", "timestamp": "2025-02-20T16:24:25.666104Z"}
{"module": "Microphone Module", "event": "setup", "level": "info", "timestamp": "2025-02-20T16:24:25.666104Z"}
{"module": "Microphone Module", "event": "prepare_run", "level": "info", "timestamp": "2025-02-20T16:24:30.875471Z"}
{"module": "Whipser ASR Module", "event": "setup", "level": "info", "timestamp": "2025-02-20T16:24:30.875471Z"}
{"module": "Debug Module", "event": "setup", "level": "info", "timestamp": "2025-02-20T16:24:35.878560Z"}
{"module": "Microphone Module", "iuid": "117032793832:0", "previous_iu": null, "grounded_in": null, "event": "create_iu", "level": "info", "timestamp": "2025-02-20T16:24:35.935657Z"}
{"module": "Debug Module", "event": "prepare_run", "level": "info", "timestamp": "2025-02-20T16:24:40.887418Z"}
{"module": "Microphone Module", "first_iuid": "117032793832:0", "first_iu_created_at": "2025-02-20T09:24:35.935657", "last_iuid": "117032793832:0", "last_iu_created_at": "2025-02-20T09:24:35.935657", "event": "append UM", "level": "info", "timestamp": "2025-02-20T16:24:40.947138Z"}
{"module": "Whipser ASR Module", "event": "process_update", "level": "info", "timestamp": "2025-02-20T16:24:40.947138Z"}
{"module": "Microphone Module", "iuid": "117032793832:1", "previous_iu": "117032793832:0", "grounded_in": null, "event": "create_iu", "level": "info", "timestamp": "2025-02-20T16:24:45.961182Z"}
{"module": "Microphone Module", "first_iuid": "117032793832:1", "first_iu_created_at": "2025-02-20T09:24:45.961182", "last_iuid": "117032793832:1", "last_iu_created_at": "2025-02-20T09:24:45.961182", "first_previous_iu_created_at": "2025-02-20T09:24:35.935657", "last_previous_iu_created_at": "2025-02-20T09:24:35.935657", "event": "append UM", "level": "info", "timestamp": "2025-02-20T16:24:50.972320Z"}
{"module": "Whipser ASR Module", "event": "process_update", "level": "info", "timestamp": "2025-02-20T16:24:50.972320Z"}
{"module": "Microphone Module", "iuid": "117032793832:2", "previous_iu": "117032793832:1", "grounded_in": null, "event": "create_iu", "level": "info", "timestamp": "2025-02-20T16:24:55.987299Z"}
{"module": "Microphone Module", "first_iuid": "117032793832:2", "first_iu_created_at": "2025-02-20T09:24:55.987299", "last_iuid": "117032793832:2", "last_iu_created_at": "2025-02-20T09:24:55.987299", "first_previous_iu_created_at": "2025-02-20T09:24:45.961182", "last_previous_iu_created_at": "2025-02-20T09:24:45.961182", "event": "append UM", "level": "info", "timestamp": "2025-02-20T16:25:00.991991Z"}
{"module": "Whipser ASR Module", "event": "process_update", "level": "info", "timestamp": "2025-02-20T16:25:00.991991Z"}
{"module": "Microphone Module", "iuid": "117032793832:3", "previous_iu": "117032793832:2", "grounded_in": null, "event": "create_iu", "level": "info", "timestamp": "2025-02-20T16:25:05.998075Z"}
{"module": "Microphone Module", "first_iuid": "117032793832:3", "first_iu_created_at": "2025-02-20T09:25:05.998075", "last_iuid": "117032793832:3", "last_iu_created_at": "2025-02-20T09:25:05.998075", "first_previous_iu_created_at": "2025-02-20T09:24:55.987299", "last_previous_iu_created_at": "2025-02-20T09:24:55.987299", "event": "append UM", "level": "info", "timestamp": "2025-02-20T16:25:11.005027Z"}
{"module": "Whipser ASR Module", "event": "process_update", "level": "info", "timestamp": "2025-02-20T16:25:11.005027Z"}
{"module": "Microphone Module", "iuid": "117032793832:4", "previous_iu": "117032793832:3", "grounded_in": null, "event": "create_iu", "level": "info", "timestamp": "2025-02-20T16:25:16.018374Z"}
{"module": "Microphone Module", "first_iuid": "117032793832:4", "first_iu_created_at": "2025-02-20T09:25:16.018374", "last_iuid": "117032793832:4", "last_iu_created_at": "2025-02-20T09:25:16.018374", "first_previous_iu_created_at": "2025-02-20T09:25:05.998075", "last_previous_iu_created_at": "2025-02-20T09:25:05.998075", "event": "append UM", "level": "info", "timestamp": "2025-02-20T16:25:21.031279Z"}
{"module": "Whipser ASR Module", "event": "process_update", "level": "info", "timestamp": "2025-02-20T16:25:21.031279Z"}
{"module": "Microphone Module", "iuid": "117032793832:5", "previous_iu": "117032793832:4", "grounded_in": null, "event": "create_iu", "level": "info", "timestamp": "2025-02-20T16:25:26.033240Z"}
{"module": "Microphone Module", "first_iuid": "117032793832:5", "first_iu_created_at": "2025-02-20T09:25:26.033240", "last_iuid": "117032793832:5", "last_iu_created_at": "2025-02-20T09:25:26.033240", "first_previous_iu_created_at": "2025-02-20T09:25:16.018374", "last_previous_iu_created_at": "2025-02-20T09:25:16.018374", "event": "append UM", "level": "info", "timestamp": "2025-02-20T16:25:31.046182Z"}
{"module": "Whipser ASR Module", "event": "process_update", "level": "info", "timestamp": "2025-02-20T16:25:31.047175Z"}
{"module": "Microphone Module", "iuid": "117032793832:6", "previous_iu": "117032793832:5", "grounded_in": null, "event": "create_iu", "level": "info", "timestamp": "2025-02-20T16:25:36.060081Z"}
{"module": "Microphone Module", "first_iuid": "117032793832:6", "first_iu_created_at": "2025-02-20T09:25:36.060081", "last_iuid": "117032793832:6", "last_iu_created_at": "2025-02-20T09:25:36.060081", "first_previous_iu_created_at": "2025-02-20T09:25:26.033240", "last_previous_iu_created_at": "2025-02-20T09:25:26.033240", "event": "append UM", "level": "info", "timestamp": "2025-02-20T16:25:41.068775Z"}
{"module": "Whipser ASR Module", "event": "process_update", "level": "info", "timestamp": "2025-02-20T16:25:41.068775Z"}
{"module": "Microphone Module", "iuid": "117032793832:7", "previous_iu": "117032793832:6", "grounded_in": null, "event": "create_iu", "level": "info", "timestamp": "2025-02-20T16:25:46.076100Z"}
{"module": "Microphone Module", "first_iuid": "117032793832:7", "first_iu_created_at": "2025-02-20T09:25:46.076100", "last_iuid": "117032793832:7", "last_iu_created_at": "2025-02-20T09:25:46.076100", "first_previous_iu_created_at": "2025-02-20T09:25:36.060081", "last_previous_iu_created_at": "2025-02-20T09:25:36.060081", "event": "append UM", "level": "info", "timestamp": "2025-02-20T16:25:51.088875Z"}
{"module": "Whipser ASR Module", "event": "process_update", "level": "info", "timestamp": "2025-02-20T16:25:51.088875Z"}
{"module": "Microphone Module", "iuid": "117032793832:8", "previous_iu": "117032793832:7", "grounded_in": null, "event": "create_iu", "level": "info", "timestamp": "2025-02-20T16:25:56.100764Z"}
{"module": "Microphone Module", "first_iuid": "117032793832:8", "first_iu_created_at": "2025-02-20T09:25:56.100764", "last_iuid": "117032793832:8", "last_iu_created_at": "2025-02-20T09:25:56.100764", "first_previous_iu_created_at": "2025-02-20T09:25:46.076100", "last_previous_iu_created_at": "2025-02-20T09:25:46.076100", "event": "append UM", "level": "info", "timestamp": "2025-02-20T16:26:01.102229Z"}
{"module": "Whipser ASR Module", "event": "process_update", "level": "info", "timestamp": "2025-02-20T16:26:01.102229Z"}
{"module": "Microphone Module", "iuid": "117032793832:9", "previous_iu": "117032793832:8", "grounded_in": null, "event": "create_iu", "level": "info", "timestamp": "2025-02-20T16:26:06.111672Z"}
{"module": "Microphone Module", "first_iuid": "117032793832:9", "first_iu_created_at": "2025-02-20T09:26:06.111672", "last_iuid": "117032793832:9", "last_iu_created_at": "2025-02-20T09:26:06.111672", "first_previous_iu_created_at": "2025-02-20T09:25:56.100764", "last_previous_iu_created_at": "2025-02-20T09:25:56.100764", "event": "append UM", "level": "info", "timestamp": "2025-02-20T16:26:11.121904Z"}
{"module": "Whipser ASR Module", "event": "process_update", "level": "info", "timestamp": "2025-02-20T16:26:11.122897Z"}
{"module": "Microphone Module", "iuid": "117032793832:10", "previous_iu": "117032793832:9", "grounded_in": null, "event": "create_iu", "level": "info", "timestamp": "2025-02-20T16:26:16.127863Z"}
{"module": "Microphone Module", "first_iuid": "117032793832:10", "first_iu_created_at": "2025-02-20T09:26:16.127863", "last_iuid": "117032793832:10", "last_iu_created_at": "2025-02-20T09:26:16.127863", "first_previous_iu_created_at": "2025-02-20T09:26:06.111672", "last_previous_iu_created_at": "2025-02-20T09:26:06.111672", "event": "append UM", "level": "info", "timestamp": "2025-02-20T16:26:21.140790Z"}
{"module": "Whipser ASR Module", "event": "process_update", "level": "info", "timestamp": "2025-02-20T16:26:21.140790Z"}
{"module": "Microphone Module", "iuid": "117032793832:11", "previous_iu": "117032793832:10", "grounded_in": null, "event": "create_iu", "level": "info", "timestamp": "2025-02-20T16:26:26.145034Z"}
