{"event": "init file logger", "level": "info", "timestamp": "2025-02-22T02:41:51.299911Z"}
{"module": "Microphone Module", "event": "init", "level": "info", "timestamp": "2025-02-22T02:41:56.362656Z"}
{"module": "Whipser ASR Module", "event": "init", "level": "info", "timestamp": "2025-02-22T02:41:56.569582Z"}
{"module": "Debug Module", "event": "init", "level": "info", "timestamp": "2025-02-22T02:41:58.500242Z"}
{"module": "Microphone Module", "event": "setup", "level": "info", "timestamp": "2025-02-22T02:41:58.500242Z"}
{"module": "Microphone Module", "event": "prepare_run", "level": "info", "timestamp": "2025-02-22T02:42:03.852176Z"}
{"module": "Whipser ASR Module", "event": "setup", "level": "info", "timestamp": "2025-02-22T02:42:03.852641Z"}
{"module": "Debug Module", "event": "setup", "level": "info", "timestamp": "2025-02-22T02:42:08.855176Z"}
{"module": "Microphone Module", "iuid": "199114590681:0", "previous_iu": null, "grounded_in": null, "event": "create_iu", "level": "info", "timestamp": "2025-02-22T02:42:08.893428Z"}
{"module": "Debug Module", "event": "prepare_run", "level": "info", "timestamp": "2025-02-22T02:42:13.861410Z"}
{"module": "Microphone Module", "first_iuid": "199114590681:0", "first_iu_created_at": "2025-02-21T19:42:08.893428", "last_iuid": "199114590681:0", "last_iu_created_at": "2025-02-21T19:42:08.893428", "event": "append UM", "level": "info", "timestamp": "2025-02-22T02:42:13.906676Z"}
{"module": "Whipser ASR Module", "event": "process_update", "level": "info", "timestamp": "2025-02-22T02:42:13.906676Z"}
{"module": "Microphone Module", "iuid": "199114590681:1", "previous_iu": "199114590681:0", "grounded_in": null, "event": "create_iu", "level": "info", "timestamp": "2025-02-22T02:42:18.912823Z"}
{"module": "Microphone Module", "first_iuid": "199114590681:1", "first_iu_created_at": "2025-02-21T19:42:18.912823", "last_iuid": "199114590681:1", "last_iu_created_at": "2025-02-21T19:42:18.912823", "first_previous_iu_created_at": "2025-02-21T19:42:08.893428", "last_previous_iu_created_at": "2025-02-21T19:42:08.893428", "event": "append UM", "level": "info", "timestamp": "2025-02-22T02:42:23.924703Z"}
{"module": "Whipser ASR Module", "event": "process_update", "level": "info", "timestamp": "2025-02-22T02:42:23.924703Z"}
{"module": "Microphone Module", "iuid": "199114590681:2", "previous_iu": "199114590681:1", "grounded_in": null, "event": "create_iu", "level": "info", "timestamp": "2025-02-22T02:42:28.927332Z"}
{"module": "Microphone Module", "first_iuid": "199114590681:2", "first_iu_created_at": "2025-02-21T19:42:28.927332", "last_iuid": "199114590681:2", "last_iu_created_at": "2025-02-21T19:42:28.927332", "first_previous_iu_created_at": "2025-02-21T19:42:18.912823", "last_previous_iu_created_at": "2025-02-21T19:42:18.912823", "event": "append UM", "level": "info", "timestamp": "2025-02-22T02:42:33.939080Z"}
{"module": "Whipser ASR Module", "event": "process_update", "level": "info", "timestamp": "2025-02-22T02:42:33.939080Z"}
{"module": "Microphone Module", "iuid": "199114590681:3", "previous_iu": "199114590681:2", "grounded_in": null, "event": "create_iu", "level": "info", "timestamp": "2025-02-22T02:42:38.953119Z"}
{"module": "Microphone Module", "first_iuid": "199114590681:3", "first_iu_created_at": "2025-02-21T19:42:38.952146", "last_iuid": "199114590681:3", "last_iu_created_at": "2025-02-21T19:42:38.952146", "first_previous_iu_created_at": "2025-02-21T19:42:28.927332", "last_previous_iu_created_at": "2025-02-21T19:42:28.927332", "event": "append UM", "level": "info", "timestamp": "2025-02-22T02:42:43.960445Z"}
{"module": "Whipser ASR Module", "event": "process_update", "level": "info", "timestamp": "2025-02-22T02:42:43.960445Z"}
{"module": "Microphone Module", "iuid": "199114590681:4", "previous_iu": "199114590681:3", "grounded_in": null, "event": "create_iu", "level": "info", "timestamp": "2025-02-22T02:42:48.970731Z"}
{"module": "Microphone Module", "first_iuid": "199114590681:4", "first_iu_created_at": "2025-02-21T19:42:48.970731", "last_iuid": "199114590681:4", "last_iu_created_at": "2025-02-21T19:42:48.970731", "first_previous_iu_created_at": "2025-02-21T19:42:38.952146", "last_previous_iu_created_at": "2025-02-21T19:42:38.952146", "event": "append UM", "level": "info", "timestamp": "2025-02-22T02:42:53.976402Z"}
{"module": "Whipser ASR Module", "event": "process_update", "level": "info", "timestamp": "2025-02-22T02:42:53.977494Z"}
{"module": "Microphone Module", "iuid": "199114590681:5", "previous_iu": "199114590681:4", "grounded_in": null, "event": "create_iu", "level": "info", "timestamp": "2025-02-22T02:42:58.989509Z"}
{"module": "Microphone Module", "first_iuid": "199114590681:5", "first_iu_created_at": "2025-02-21T19:42:58.989509", "last_iuid": "199114590681:5", "last_iu_created_at": "2025-02-21T19:42:58.989509", "first_previous_iu_created_at": "2025-02-21T19:42:48.970731", "last_previous_iu_created_at": "2025-02-21T19:42:48.970731", "event": "append UM", "level": "info", "timestamp": "2025-02-22T02:43:03.990431Z"}
{"module": "Whipser ASR Module", "event": "process_update", "level": "info", "timestamp": "2025-02-22T02:43:03.990431Z"}
{"module": "Debug Module", "event": "shutdown", "level": "info", "timestamp": "2025-02-22T02:43:07.454195Z"}
{"module": "Microphone Module", "event": "shutdown", "level": "info", "timestamp": "2025-02-22T02:43:09.002341Z"}
