{"event": "init file logger", "level": "info", "timestamp": "2025-04-14T21:15:28.703799Z"}
{"module": "Microphone Module", "event": "init", "level": "info", "timestamp": "2025-04-14T21:15:33.729121Z"}
{"module": "Whipser ASR Module", "event": "init", "level": "info", "timestamp": "2025-04-14T21:15:34.158691Z"}
{"module": "Debug Module", "event": "init", "level": "info", "timestamp": "2025-04-14T21:15:35.913278Z"}
{"module": "Microphone Module", "event": "setup", "level": "info", "timestamp": "2025-04-14T21:15:35.917912Z"}
{"module": "Microphone Module", "event": "prepare_run", "level": "info", "timestamp": "2025-04-14T21:15:41.040285Z"}
{"module": "Whipser ASR Module", "event": "setup", "level": "info", "timestamp": "2025-04-14T21:15:41.040285Z"}
{"module": "Debug Module", "event": "setup", "level": "info", "timestamp": "2025-04-14T21:15:46.077815Z"}
{"module": "Microphone Module", "iuid": "173606840854:0", "previous_iu": null, "grounded_in": null, "event": "create_iu", "level": "info", "timestamp": "2025-04-14T21:15:46.110273Z"}
{"module": "Debug Module", "event": "prepare_run", "level": "info", "timestamp": "2025-04-14T21:15:51.095968Z"}
{"module": "Microphone Module", "first_iuid": "173606840854:0", "first_iu_created_at": "2025-04-14T15:15:46.110273", "last_iuid": "173606840854:0", "last_iu_created_at": "2025-04-14T15:15:46.110273", "event": "append UM", "level": "info", "timestamp": "2025-04-14T21:15:51.126904Z"}
{"module": "Whipser ASR Module", "event": "process_update", "level": "info", "timestamp": "2025-04-14T21:15:51.126904Z"}
{"module": "Microphone Module", "iuid": "173606840854:1", "previous_iu": "173606840854:0", "grounded_in": null, "event": "create_iu", "level": "info", "timestamp": "2025-04-14T21:15:56.136678Z"}
{"module": "Microphone Module", "first_iuid": "173606840854:1", "first_iu_created_at": "2025-04-14T15:15:56.136678", "last_iuid": "173606840854:1", "last_iu_created_at": "2025-04-14T15:15:56.136678", "first_previous_iu_created_at": "2025-04-14T15:15:46.110273", "last_previous_iu_created_at": "2025-04-14T15:15:46.110273", "event": "append UM", "level": "info", "timestamp": "2025-04-14T21:16:01.147411Z"}
{"module": "Whipser ASR Module", "event": "process_update", "level": "info", "timestamp": "2025-04-14T21:16:01.149428Z"}
{"module": "Microphone Module", "iuid": "173606840854:2", "previous_iu": "173606840854:1", "grounded_in": null, "event": "create_iu", "level": "info", "timestamp": "2025-04-14T21:16:06.170496Z"}
{"module": "Microphone Module", "first_iuid": "173606840854:2", "first_iu_created_at": "2025-04-14T15:16:06.170496", "last_iuid": "173606840854:2", "last_iu_created_at": "2025-04-14T15:16:06.170496", "first_previous_iu_created_at": "2025-04-14T15:15:56.136678", "last_previous_iu_created_at": "2025-04-14T15:15:56.136678", "event": "append UM", "level": "info", "timestamp": "2025-04-14T21:16:11.180222Z"}
{"module": "Whipser ASR Module", "event": "process_update", "level": "info", "timestamp": "2025-04-14T21:16:11.180874Z"}
{"module": "Microphone Module", "iuid": "173606840854:3", "previous_iu": "173606840854:2", "grounded_in": null, "event": "create_iu", "level": "info", "timestamp": "2025-04-14T21:16:16.184046Z"}
{"module": "Microphone Module", "first_iuid": "173606840854:3", "first_iu_created_at": "2025-04-14T15:16:16.184046", "last_iuid": "173606840854:3", "last_iu_created_at": "2025-04-14T15:16:16.184046", "first_previous_iu_created_at": "2025-04-14T15:16:06.170496", "last_previous_iu_created_at": "2025-04-14T15:16:06.170496", "event": "append UM", "level": "info", "timestamp": "2025-04-14T21:16:21.204342Z"}
{"module": "Whipser ASR Module", "event": "process_update", "level": "info", "timestamp": "2025-04-14T21:16:21.206492Z"}
{"module": "Microphone Module", "iuid": "173606840854:4", "previous_iu": "173606840854:3", "grounded_in": null, "event": "create_iu", "level": "info", "timestamp": "2025-04-14T21:16:26.219138Z"}
{"module": "Microphone Module", "first_iuid": "173606840854:4", "first_iu_created_at": "2025-04-14T15:16:26.219138", "last_iuid": "173606840854:4", "last_iu_created_at": "2025-04-14T15:16:26.219138", "first_previous_iu_created_at": "2025-04-14T15:16:16.184046", "last_previous_iu_created_at": "2025-04-14T15:16:16.184046", "event": "append UM", "level": "info", "timestamp": "2025-04-14T21:16:31.228827Z"}
{"module": "Whipser ASR Module", "event": "process_update", "level": "info", "timestamp": "2025-04-14T21:16:31.230193Z"}
{"module": "Microphone Module", "iuid": "173606840854:5", "previous_iu": "173606840854:4", "grounded_in": null, "event": "create_iu", "level": "info", "timestamp": "2025-04-14T21:16:36.243669Z"}
{"module": "Microphone Module", "first_iuid": "173606840854:5", "first_iu_created_at": "2025-04-14T15:16:36.243669", "last_iuid": "173606840854:5", "last_iu_created_at": "2025-04-14T15:16:36.243669", "first_previous_iu_created_at": "2025-04-14T15:16:26.219138", "last_previous_iu_created_at": "2025-04-14T15:16:26.219138", "event": "append UM", "level": "info", "timestamp": "2025-04-14T21:16:41.257618Z"}
{"module": "Whipser ASR Module", "event": "process_update", "level": "info", "timestamp": "2025-04-14T21:16:41.257618Z"}
{"module": "Microphone Module", "iuid": "173606840854:6", "previous_iu": "173606840854:5", "grounded_in": null, "event": "create_iu", "level": "info", "timestamp": "2025-04-14T21:16:46.263672Z"}
{"module": "Microphone Module", "first_iuid": "173606840854:6", "first_iu_created_at": "2025-04-14T15:16:46.263672", "last_iuid": "173606840854:6", "last_iu_created_at": "2025-04-14T15:16:46.263672", "first_previous_iu_created_at": "2025-04-14T15:16:36.243669", "last_previous_iu_created_at": "2025-04-14T15:16:36.243669", "event": "append UM", "level": "info", "timestamp": "2025-04-14T21:16:51.269141Z"}
{"module": "Whipser ASR Module", "event": "process_update", "level": "info", "timestamp": "2025-04-14T21:16:51.269141Z"}
{"module": "Microphone Module", "iuid": "173606840854:7", "previous_iu": "173606840854:6", "grounded_in": null, "event": "create_iu", "level": "info", "timestamp": "2025-04-14T21:16:56.275903Z"}
{"module": "Microphone Module", "first_iuid": "173606840854:7", "first_iu_created_at": "2025-04-14T15:16:56.275903", "last_iuid": "173606840854:7", "last_iu_created_at": "2025-04-14T15:16:56.275903", "first_previous_iu_created_at": "2025-04-14T15:16:46.263672", "last_previous_iu_created_at": "2025-04-14T15:16:46.263672", "event": "append UM", "level": "info", "timestamp": "2025-04-14T21:17:01.286640Z"}
{"module": "Whipser ASR Module", "event": "process_update", "level": "info", "timestamp": "2025-04-14T21:17:01.286640Z"}
{"module": "Microphone Module", "iuid": "173606840854:8", "previous_iu": "173606840854:7", "grounded_in": null, "event": "create_iu", "level": "info", "timestamp": "2025-04-14T21:17:06.298928Z"}
{"module": "Microphone Module", "first_iuid": "173606840854:8", "first_iu_created_at": "2025-04-14T15:17:06.298928", "last_iuid": "173606840854:8", "last_iu_created_at": "2025-04-14T15:17:06.298928", "first_previous_iu_created_at": "2025-04-14T15:16:56.275903", "last_previous_iu_created_at": "2025-04-14T15:16:56.275903", "event": "append UM", "level": "info", "timestamp": "2025-04-14T21:17:11.306669Z"}
{"module": "Whipser ASR Module", "event": "process_update", "level": "info", "timestamp": "2025-04-14T21:17:11.306669Z"}
{"module": "Microphone Module", "iuid": "173606840854:9", "previous_iu": "173606840854:8", "grounded_in": null, "event": "create_iu", "level": "info", "timestamp": "2025-04-14T21:17:16.314297Z"}
{"module": "Microphone Module", "first_iuid": "173606840854:9", "first_iu_created_at": "2025-04-14T15:17:16.314297", "last_iuid": "173606840854:9", "last_iu_created_at": "2025-04-14T15:17:16.314297", "first_previous_iu_created_at": "2025-04-14T15:17:06.298928", "last_previous_iu_created_at": "2025-04-14T15:17:06.298928", "event": "append UM", "level": "info", "timestamp": "2025-04-14T21:17:21.324360Z"}
{"module": "Whipser ASR Module", "event": "process_update", "level": "info", "timestamp": "2025-04-14T21:17:21.324360Z"}
{"module": "Microphone Module", "iuid": "173606840854:10", "previous_iu": "173606840854:9", "grounded_in": null, "event": "create_iu", "level": "info", "timestamp": "2025-04-14T21:17:26.327873Z"}
{"module": "Microphone Module", "first_iuid": "173606840854:10", "first_iu_created_at": "2025-04-14T15:17:26.327873", "last_iuid": "173606840854:10", "last_iu_created_at": "2025-04-14T15:17:26.327873", "first_previous_iu_created_at": "2025-04-14T15:17:16.314297", "last_previous_iu_created_at": "2025-04-14T15:17:16.314297", "event": "append UM", "level": "info", "timestamp": "2025-04-14T21:17:31.336460Z"}
{"module": "Whipser ASR Module", "event": "process_update", "level": "info", "timestamp": "2025-04-14T21:17:31.336460Z"}
{"module": "Microphone Module", "iuid": "173606840854:11", "previous_iu": "173606840854:10", "grounded_in": null, "event": "create_iu", "level": "info", "timestamp": "2025-04-14T21:17:36.343496Z"}
{"module": "Microphone Module", "first_iuid": "173606840854:11", "first_iu_created_at": "2025-04-14T15:17:36.343496", "last_iuid": "173606840854:11", "last_iu_created_at": "2025-04-14T15:17:36.343496", "first_previous_iu_created_at": "2025-04-14T15:17:26.327873", "last_previous_iu_created_at": "2025-04-14T15:17:26.327873", "event": "append UM", "level": "info", "timestamp": "2025-04-14T21:17:41.359467Z"}
{"module": "Whipser ASR Module", "event": "process_update", "level": "info", "timestamp": "2025-04-14T21:17:41.359467Z"}
{"module": "Microphone Module", "iuid": "173606840854:12", "previous_iu": "173606840854:11", "grounded_in": null, "event": "create_iu", "level": "info", "timestamp": "2025-04-14T21:17:46.366920Z"}
{"module": "Microphone Module", "first_iuid": "173606840854:12", "first_iu_created_at": "2025-04-14T15:17:46.366920", "last_iuid": "173606840854:12", "last_iu_created_at": "2025-04-14T15:17:46.366920", "first_previous_iu_created_at": "2025-04-14T15:17:36.343496", "last_previous_iu_created_at": "2025-04-14T15:17:36.343496", "event": "append UM", "level": "info", "timestamp": "2025-04-14T21:17:51.376535Z"}
{"module": "Whipser ASR Module", "event": "process_update", "level": "info", "timestamp": "2025-04-14T21:17:51.376535Z"}
{"module": "Microphone Module", "iuid": "173606840854:13", "previous_iu": "173606840854:12", "grounded_in": null, "event": "create_iu", "level": "info", "timestamp": "2025-04-14T21:17:56.385916Z"}
{"module": "Microphone Module", "first_iuid": "173606840854:13", "first_iu_created_at": "2025-04-14T15:17:56.385248", "last_iuid": "173606840854:13", "last_iu_created_at": "2025-04-14T15:17:56.385248", "first_previous_iu_created_at": "2025-04-14T15:17:46.366920", "last_previous_iu_created_at": "2025-04-14T15:17:46.366920", "event": "append UM", "level": "info", "timestamp": "2025-04-14T21:18:01.389782Z"}
{"module": "Whipser ASR Module", "event": "process_update", "level": "info", "timestamp": "2025-04-14T21:18:01.389782Z"}
{"module": "Microphone Module", "iuid": "173606840854:14", "previous_iu": "173606840854:13", "grounded_in": null, "event": "create_iu", "level": "info", "timestamp": "2025-04-14T21:18:06.409703Z"}
{"module": "Microphone Module", "first_iuid": "173606840854:14", "first_iu_created_at": "2025-04-14T15:18:06.409703", "last_iuid": "173606840854:14", "last_iu_created_at": "2025-04-14T15:18:06.409703", "first_previous_iu_created_at": "2025-04-14T15:17:56.385248", "last_previous_iu_created_at": "2025-04-14T15:17:56.385248", "event": "append UM", "level": "info", "timestamp": "2025-04-14T21:18:11.424284Z"}
{"module": "Whipser ASR Module", "event": "process_update", "level": "info", "timestamp": "2025-04-14T21:18:11.425380Z"}
{"module": "Microphone Module", "iuid": "173606840854:15", "previous_iu": "173606840854:14", "grounded_in": null, "event": "create_iu", "level": "info", "timestamp": "2025-04-14T21:18:16.434209Z"}
{"module": "Microphone Module", "first_iuid": "173606840854:15", "first_iu_created_at": "2025-04-14T15:18:16.434209", "last_iuid": "173606840854:15", "last_iu_created_at": "2025-04-14T15:18:16.434209", "first_previous_iu_created_at": "2025-04-14T15:18:06.409703", "last_previous_iu_created_at": "2025-04-14T15:18:06.409703", "event": "append UM", "level": "info", "timestamp": "2025-04-14T21:18:21.448837Z"}
{"module": "Whipser ASR Module", "event": "process_update", "level": "info", "timestamp": "2025-04-14T21:18:21.448837Z"}
{"module": "Microphone Module", "iuid": "173606840854:16", "previous_iu": "173606840854:15", "grounded_in": null, "event": "create_iu", "level": "info", "timestamp": "2025-04-14T21:18:26.458001Z"}
{"module": "Microphone Module", "first_iuid": "173606840854:16", "first_iu_created_at": "2025-04-14T15:18:26.458001", "last_iuid": "173606840854:16", "last_iu_created_at": "2025-04-14T15:18:26.458001", "first_previous_iu_created_at": "2025-04-14T15:18:16.434209", "last_previous_iu_created_at": "2025-04-14T15:18:16.434209", "event": "append UM", "level": "info", "timestamp": "2025-04-14T21:18:31.461394Z"}
{"module": "Whipser ASR Module", "event": "process_update", "level": "info", "timestamp": "2025-04-14T21:18:31.463368Z"}
{"module": "Microphone Module", "iuid": "173606840854:17", "previous_iu": "173606840854:16", "grounded_in": null, "event": "create_iu", "level": "info", "timestamp": "2025-04-14T21:18:36.464308Z"}
{"module": "Microphone Module", "first_iuid": "173606840854:17", "first_iu_created_at": "2025-04-14T15:18:36.464308", "last_iuid": "173606840854:17", "last_iu_created_at": "2025-04-14T15:18:36.464308", "first_previous_iu_created_at": "2025-04-14T15:18:26.458001", "last_previous_iu_created_at": "2025-04-14T15:18:26.458001", "event": "append UM", "level": "info", "timestamp": "2025-04-14T21:18:41.473918Z"}
{"module": "Whipser ASR Module", "event": "process_update", "level": "info", "timestamp": "2025-04-14T21:18:41.473918Z"}
