{"event": "init file logger", "level": "info", "timestamp": "2025-05-16T22:04:11.136562Z"}
{"module": "Microphone Module", "event": "init", "level": "info", "timestamp": "2025-05-16T22:04:16.204683Z"}
{"module": "Whipser ASR Module", "event": "init", "level": "info", "timestamp": "2025-05-16T22:04:16.500270Z"}
{"module": "Debug Module", "event": "init", "level": "info", "timestamp": "2025-05-16T22:04:18.240168Z"}
{"module": "Microphone Module", "event": "setup", "level": "info", "timestamp": "2025-05-16T22:04:18.241215Z"}
{"module": "Microphone Module", "event": "prepare_run", "level": "info", "timestamp": "2025-05-16T22:04:23.465532Z"}
{"module": "Whipser ASR Module", "event": "setup", "level": "info", "timestamp": "2025-05-16T22:04:23.465532Z"}
{"module": "Debug Module", "event": "setup", "level": "info", "timestamp": "2025-05-16T22:04:28.472333Z"}
{"module": "Microphone Module", "iuid": "135166791924:0", "previous_iu": null, "grounded_in": null, "event": "create_iu", "level": "info", "timestamp": "2025-05-16T22:04:28.532760Z"}
{"module": "Debug Module", "event": "prepare_run", "level": "info", "timestamp": "2025-05-16T22:04:33.489438Z"}
{"module": "Microphone Module", "first_iuid": "135166791924:0", "first_iu_created_at": "2025-05-16T15:04:28.532760", "last_iuid": "135166791924:0", "last_iu_created_at": "2025-05-16T15:04:28.532760", "event": "append UM", "level": "info", "timestamp": "2025-05-16T22:04:33.534012Z"}
{"module": "Whipser ASR Module", "event": "process_update", "level": "info", "timestamp": "2025-05-16T22:04:33.534012Z"}
{"module": "Debug Module", "event": "process_update", "level": "info", "timestamp": "2025-05-16T22:04:38.515361Z"}
{"module": "Microphone Module", "iuid": "135166791924:1", "previous_iu": "135166791924:0", "grounded_in": null, "event": "create_iu", "level": "info", "timestamp": "2025-05-16T22:04:38.546162Z"}
{"module": "Microphone Module", "first_iuid": "135166791924:1", "first_iu_created_at": "2025-05-16T15:04:38.546162", "last_iuid": "135166791924:1", "last_iu_created_at": "2025-05-16T15:04:38.546162", "first_previous_iu_created_at": "2025-05-16T15:04:28.532760", "last_previous_iu_created_at": "2025-05-16T15:04:28.532760", "event": "append UM", "level": "info", "timestamp": "2025-05-16T22:04:43.561313Z"}
{"module": "Whipser ASR Module", "event": "process_update", "level": "info", "timestamp": "2025-05-16T22:04:43.561313Z"}
{"module": "Debug Module", "event": "process_update", "level": "info", "timestamp": "2025-05-16T22:04:43.576328Z"}
{"module": "Microphone Module", "iuid": "135166791924:2", "previous_iu": "135166791924:1", "grounded_in": null, "event": "create_iu", "level": "info", "timestamp": "2025-05-16T22:04:48.569046Z"}
{"module": "Microphone Module", "first_iuid": "135166791924:2", "first_iu_created_at": "2025-05-16T15:04:48.569046", "last_iuid": "135166791924:2", "last_iu_created_at": "2025-05-16T15:04:48.569046", "first_previous_iu_created_at": "2025-05-16T15:04:38.546162", "last_previous_iu_created_at": "2025-05-16T15:04:38.546162", "event": "append UM", "level": "info", "timestamp": "2025-05-16T22:04:53.578755Z"}
{"module": "Debug Module", "event": "process_update", "level": "info", "timestamp": "2025-05-16T22:04:53.579707Z"}
{"module": "Whipser ASR Module", "event": "process_update", "level": "info", "timestamp": "2025-05-16T22:04:53.579707Z"}
{"module": "Microphone Module", "iuid": "135166791924:3", "previous_iu": "135166791924:2", "grounded_in": null, "event": "create_iu", "level": "info", "timestamp": "2025-05-16T22:04:58.594846Z"}
