{"event": "init file logger", "level": "info", "timestamp": "2025-05-12T19:18:34.130869Z"}
{"module": "Microphone Module", "event": "init", "level": "info", "timestamp": "2025-05-12T19:18:39.151836Z"}
{"module": "Whipser ASR Module", "event": "init", "level": "info", "timestamp": "2025-05-12T19:18:39.489391Z"}
{"module": "Debug Module", "event": "init", "level": "info", "timestamp": "2025-05-12T19:18:41.428213Z"}
{"module": "Microphone Module", "event": "setup", "level": "info", "timestamp": "2025-05-12T19:18:41.430169Z"}
{"module": "Microphone Module", "event": "prepare_run", "level": "info", "timestamp": "2025-05-12T19:18:46.838591Z"}
{"module": "Whipser ASR Module", "event": "setup", "level": "info", "timestamp": "2025-05-12T19:18:46.838591Z"}
{"module": "Debug Module", "event": "setup", "level": "info", "timestamp": "2025-05-12T19:18:51.841124Z"}
{"module": "Microphone Module", "iuid": "156158309973:0", "previous_iu": null, "grounded_in": null, "event": "create_iu", "level": "info", "timestamp": "2025-05-12T19:18:51.910460Z"}
{"module": "Debug Module", "event": "prepare_run", "level": "info", "timestamp": "2025-05-12T19:18:56.848846Z"}
{"module": "Microphone Module", "first_iuid": "156158309973:0", "first_iu_created_at": "2025-05-12T12:18:51.910460", "last_iuid": "156158309973:0", "last_iu_created_at": "2025-05-12T12:18:51.910460", "event": "append UM", "level": "info", "timestamp": "2025-05-12T19:18:56.925131Z"}
{"module": "Whipser ASR Module", "event": "process_update", "level": "info", "timestamp": "2025-05-12T19:18:56.925131Z"}
{"module": "Microphone Module", "iuid": "156158309973:1", "previous_iu": "156158309973:0", "grounded_in": null, "event": "create_iu", "level": "info", "timestamp": "2025-05-12T19:19:01.937419Z"}
{"module": "Microphone Module", "first_iuid": "156158309973:1", "first_iu_created_at": "2025-05-12T12:19:01.937419", "last_iuid": "156158309973:1", "last_iu_created_at": "2025-05-12T12:19:01.937419", "first_previous_iu_created_at": "2025-05-12T12:18:51.910460", "last_previous_iu_created_at": "2025-05-12T12:18:51.910460", "event": "append UM", "level": "info", "timestamp": "2025-05-12T19:19:06.945838Z"}
{"module": "Whipser ASR Module", "event": "process_update", "level": "info", "timestamp": "2025-05-12T19:19:06.945838Z"}
{"module": "Microphone Module", "iuid": "156158309973:2", "previous_iu": "156158309973:1", "grounded_in": null, "event": "create_iu", "level": "info", "timestamp": "2025-05-12T19:19:11.956672Z"}
{"module": "Microphone Module", "first_iuid": "156158309973:2", "first_iu_created_at": "2025-05-12T12:19:11.956672", "last_iuid": "156158309973:2", "last_iu_created_at": "2025-05-12T12:19:11.956672", "first_previous_iu_created_at": "2025-05-12T12:19:01.937419", "last_previous_iu_created_at": "2025-05-12T12:19:01.937419", "event": "append UM", "level": "info", "timestamp": "2025-05-12T19:19:16.971433Z"}
{"module": "Whipser ASR Module", "event": "process_update", "level": "info", "timestamp": "2025-05-12T19:19:16.971433Z"}
{"module": "Microphone Module", "iuid": "156158309973:3", "previous_iu": "156158309973:2", "grounded_in": null, "event": "create_iu", "level": "info", "timestamp": "2025-05-12T19:19:21.974791Z"}
{"module": "Microphone Module", "first_iuid": "156158309973:3", "first_iu_created_at": "2025-05-12T12:19:21.974791", "last_iuid": "156158309973:3", "last_iu_created_at": "2025-05-12T12:19:21.974791", "first_previous_iu_created_at": "2025-05-12T12:19:11.956672", "last_previous_iu_created_at": "2025-05-12T12:19:11.956672", "event": "append UM", "level": "info", "timestamp": "2025-05-12T19:19:26.981870Z"}
{"module": "Whipser ASR Module", "event": "process_update", "level": "info", "timestamp": "2025-05-12T19:19:26.981870Z"}
{"module": "Microphone Module", "iuid": "156158309973:4", "previous_iu": "156158309973:3", "grounded_in": null, "event": "create_iu", "level": "info", "timestamp": "2025-05-12T19:19:31.996271Z"}
{"module": "Microphone Module", "first_iuid": "156158309973:4", "first_iu_created_at": "2025-05-12T12:19:31.996271", "last_iuid": "156158309973:4", "last_iu_created_at": "2025-05-12T12:19:31.996271", "first_previous_iu_created_at": "2025-05-12T12:19:21.974791", "last_previous_iu_created_at": "2025-05-12T12:19:21.974791", "event": "append UM", "level": "info", "timestamp": "2025-05-12T19:19:37.007027Z"}
{"module": "Whipser ASR Module", "event": "process_update", "level": "info", "timestamp": "2025-05-12T19:19:37.007027Z"}
{"module": "Microphone Module", "iuid": "156158309973:5", "previous_iu": "156158309973:4", "grounded_in": null, "event": "create_iu", "level": "info", "timestamp": "2025-05-12T19:19:42.015994Z"}
{"module": "Microphone Module", "first_iuid": "156158309973:5", "first_iu_created_at": "2025-05-12T12:19:42.015994", "last_iuid": "156158309973:5", "last_iu_created_at": "2025-05-12T12:19:42.015994", "first_previous_iu_created_at": "2025-05-12T12:19:31.996271", "last_previous_iu_created_at": "2025-05-12T12:19:31.996271", "event": "append UM", "level": "info", "timestamp": "2025-05-12T19:19:47.022863Z"}
{"module": "Whipser ASR Module", "event": "process_update", "level": "info", "timestamp": "2025-05-12T19:19:47.022863Z"}
