{"event": "init file logger", "level": "info", "timestamp": "2025-05-23T01:03:01.641340Z"}
{"module": "Microphone Module", "event": "init", "level": "info", "timestamp": "2025-05-23T01:03:01.688537Z"}
{"module": "Whipser ASR Module", "event": "init", "level": "info", "timestamp": "2025-05-23T01:03:01.979363Z"}
{"module": "Debug Module", "event": "init", "level": "info", "timestamp": "2025-05-23T01:03:34.583341Z"}
{"module": "Microphone Module", "event": "setup", "level": "info", "timestamp": "2025-05-23T01:03:34.587353Z"}
{"module": "Microphone Module", "event": "prepare_run", "level": "info", "timestamp": "2025-05-23T01:03:39.893531Z"}
{"module": "Whipser ASR Module", "event": "setup", "level": "info", "timestamp": "2025-05-23T01:03:39.893531Z"}
{"module": "Debug Module", "event": "setup", "level": "info", "timestamp": "2025-05-23T01:03:44.907218Z"}
{"module": "Microphone Module", "iuid": "117115428895:0", "previous_iu": null, "grounded_in": null, "event": "create_iu", "level": "info", "timestamp": "2025-05-23T01:03:44.965471Z"}
{"module": "Debug Module", "event": "prepare_run", "level": "info", "timestamp": "2025-05-23T01:03:49.922098Z"}
{"module": "Microphone Module", "first_iuid": "117115428895:0", "first_iu_created_at": "2025-05-22T18:03:44.965471", "last_iuid": "117115428895:0", "last_iu_created_at": "2025-05-22T18:03:44.965471", "event": "append UM", "level": "info", "timestamp": "2025-05-23T01:03:49.966680Z"}
{"module": "Whipser ASR Module", "event": "process_update", "level": "info", "timestamp": "2025-05-23T01:03:49.966680Z"}
{"module": "Debug Module", "event": "process_update", "level": "info", "timestamp": "2025-05-23T01:03:54.939097Z"}
{"module": "Microphone Module", "iuid": "117115428895:1", "previous_iu": "117115428895:0", "grounded_in": null, "event": "create_iu", "level": "info", "timestamp": "2025-05-23T01:03:54.969596Z"}
{"module": "Microphone Module", "first_iuid": "117115428895:1", "first_iu_created_at": "2025-05-22T18:03:54.969596", "last_iuid": "117115428895:1", "last_iu_created_at": "2025-05-22T18:03:54.969596", "first_previous_iu_created_at": "2025-05-22T18:03:44.965471", "last_previous_iu_created_at": "2025-05-22T18:03:44.965471", "event": "append UM", "level": "info", "timestamp": "2025-05-23T01:03:59.978659Z"}
{"module": "Whipser ASR Module", "event": "process_update", "level": "info", "timestamp": "2025-05-23T01:03:59.978659Z"}
{"module": "Debug Module", "event": "process_update", "level": "info", "timestamp": "2025-05-23T01:03:59.994367Z"}
{"module": "Microphone Module", "iuid": "117115428895:2", "previous_iu": "117115428895:1", "grounded_in": null, "event": "create_iu", "level": "info", "timestamp": "2025-05-23T01:04:04.989251Z"}
{"module": "Microphone Module", "first_iuid": "117115428895:2", "first_iu_created_at": "2025-05-22T18:04:04.989251", "last_iuid": "117115428895:2", "last_iu_created_at": "2025-05-22T18:04:04.989251", "first_previous_iu_created_at": "2025-05-22T18:03:54.969596", "last_previous_iu_created_at": "2025-05-22T18:03:54.969596", "event": "append UM", "level": "info", "timestamp": "2025-05-23T01:04:09.991958Z"}
{"module": "Whipser ASR Module", "event": "process_update", "level": "info", "timestamp": "2025-05-23T01:04:09.991958Z"}
{"module": "Debug Module", "event": "process_update", "level": "info", "timestamp": "2025-05-23T01:04:09.991958Z"}
{"module": "Microphone Module", "iuid": "117115428895:3", "previous_iu": "117115428895:2", "grounded_in": null, "event": "create_iu", "level": "info", "timestamp": "2025-05-23T01:04:15.006379Z"}
{"module": "Microphone Module", "first_iuid": "117115428895:3", "first_iu_created_at": "2025-05-22T18:04:15.005300", "last_iuid": "117115428895:3", "last_iu_created_at": "2025-05-22T18:04:15.005300", "first_previous_iu_created_at": "2025-05-22T18:04:04.989251", "last_previous_iu_created_at": "2025-05-22T18:04:04.989251", "event": "append UM", "level": "info", "timestamp": "2025-05-23T01:04:20.015672Z"}
{"module": "Whipser ASR Module", "event": "process_update", "level": "info", "timestamp": "2025-05-23T01:04:20.015672Z"}
{"module": "Debug Module", "event": "process_update", "level": "info", "timestamp": "2025-05-23T01:04:20.030881Z"}
{"module": "Microphone Module", "iuid": "117115428895:4", "previous_iu": "117115428895:3", "grounded_in": null, "event": "create_iu", "level": "info", "timestamp": "2025-05-23T01:04:25.018078Z"}
{"module": "Microphone Module", "first_iuid": "117115428895:4", "first_iu_created_at": "2025-05-22T18:04:25.018078", "last_iuid": "117115428895:4", "last_iu_created_at": "2025-05-22T18:04:25.018078", "first_previous_iu_created_at": "2025-05-22T18:04:15.005300", "last_previous_iu_created_at": "2025-05-22T18:04:15.005300", "event": "append UM", "level": "info", "timestamp": "2025-05-23T01:04:30.027315Z"}
{"module": "Whipser ASR Module", "event": "process_update", "level": "info", "timestamp": "2025-05-23T01:04:30.027315Z"}
{"module": "Debug Module", "event": "process_update", "level": "info", "timestamp": "2025-05-23T01:04:30.027315Z"}
{"module": "Microphone Module", "iuid": "117115428895:5", "previous_iu": "117115428895:4", "grounded_in": null, "event": "create_iu", "level": "info", "timestamp": "2025-05-23T01:04:35.030111Z"}
{"module": "Microphone Module", "first_iuid": "117115428895:5", "first_iu_created_at": "2025-05-22T18:04:35.030111", "last_iuid": "117115428895:5", "last_iu_created_at": "2025-05-22T18:04:35.030111", "first_previous_iu_created_at": "2025-05-22T18:04:25.018078", "last_previous_iu_created_at": "2025-05-22T18:04:25.018078", "event": "append UM", "level": "info", "timestamp": "2025-05-23T01:04:40.038920Z"}
{"module": "Whipser ASR Module", "event": "process_update", "level": "info", "timestamp": "2025-05-23T01:04:40.038920Z"}
{"module": "Debug Module", "event": "process_update", "level": "info", "timestamp": "2025-05-23T01:04:40.038920Z"}
{"module": "Microphone Module", "iuid": "117115428895:6", "previous_iu": "117115428895:5", "grounded_in": null, "event": "create_iu", "level": "info", "timestamp": "2025-05-23T01:04:45.048369Z"}
