{"event": "init file logger", "level": "info", "timestamp": "2025-04-07T16:55:25.123596Z"}
{"module": "Microphone Module", "event": "init", "level": "info", "timestamp": "2025-04-07T16:55:30.161633Z"}
{"module": "Whipser ASR Module", "event": "init", "level": "info", "timestamp": "2025-04-07T16:55:30.488370Z"}
{"module": "Debug Module", "event": "init", "level": "info", "timestamp": "2025-04-07T16:55:31.554890Z"}
{"module": "Microphone Module", "event": "setup", "level": "info", "timestamp": "2025-04-07T16:55:31.554890Z"}
{"module": "Microphone Module", "event": "prepare_run", "level": "info", "timestamp": "2025-04-07T16:55:36.649047Z"}
{"module": "Whipser ASR Module", "event": "setup", "level": "info", "timestamp": "2025-04-07T16:55:36.649047Z"}
{"module": "Debug Module", "event": "setup", "level": "info", "timestamp": "2025-04-07T16:55:41.666468Z"}
{"module": "Microphone Module", "iuid": "130353717613:0", "previous_iu": null, "grounded_in": null, "event": "create_iu", "level": "info", "timestamp": "2025-04-07T16:55:41.712077Z"}
{"module": "Debug Module", "event": "prepare_run", "level": "info", "timestamp": "2025-04-07T16:55:46.675193Z"}
{"module": "Microphone Module", "first_iuid": "130353717613:0", "first_iu_created_at": "2025-04-07T10:55:41.712077", "last_iuid": "130353717613:0", "last_iu_created_at": "2025-04-07T10:55:41.712077", "event": "append UM", "level": "info", "timestamp": "2025-04-07T16:55:46.719699Z"}
{"module": "Whipser ASR Module", "event": "process_update", "level": "info", "timestamp": "2025-04-07T16:55:46.719699Z"}
{"module": "Microphone Module", "iuid": "130353717613:1", "previous_iu": "130353717613:0", "grounded_in": null, "event": "create_iu", "level": "info", "timestamp": "2025-04-07T16:55:51.732175Z"}
{"module": "Microphone Module", "first_iuid": "130353717613:1", "first_iu_created_at": "2025-04-07T10:55:51.732175", "last_iuid": "130353717613:1", "last_iu_created_at": "2025-04-07T10:55:51.732175", "first_previous_iu_created_at": "2025-04-07T10:55:41.712077", "last_previous_iu_created_at": "2025-04-07T10:55:41.712077", "event": "append UM", "level": "info", "timestamp": "2025-04-07T16:55:56.748255Z"}
{"module": "Whipser ASR Module", "event": "process_update", "level": "info", "timestamp": "2025-04-07T16:55:56.748255Z"}
{"module": "Microphone Module", "iuid": "130353717613:2", "previous_iu": "130353717613:1", "grounded_in": null, "event": "create_iu", "level": "info", "timestamp": "2025-04-07T16:56:01.756373Z"}
{"module": "Microphone Module", "first_iuid": "130353717613:2", "first_iu_created_at": "2025-04-07T10:56:01.755384", "last_iuid": "130353717613:2", "last_iu_created_at": "2025-04-07T10:56:01.755384", "first_previous_iu_created_at": "2025-04-07T10:55:51.732175", "last_previous_iu_created_at": "2025-04-07T10:55:51.732175", "event": "append UM", "level": "info", "timestamp": "2025-04-07T16:56:06.762497Z"}
{"module": "Whipser ASR Module", "event": "process_update", "level": "info", "timestamp": "2025-04-07T16:56:06.764017Z"}
{"module": "Microphone Module", "iuid": "130353717613:3", "previous_iu": "130353717613:2", "grounded_in": null, "event": "create_iu", "level": "info", "timestamp": "2025-04-07T16:56:11.777970Z"}
{"module": "Microphone Module", "first_iuid": "130353717613:3", "first_iu_created_at": "2025-04-07T10:56:11.777970", "last_iuid": "130353717613:3", "last_iu_created_at": "2025-04-07T10:56:11.777970", "first_previous_iu_created_at": "2025-04-07T10:56:01.755384", "last_previous_iu_created_at": "2025-04-07T10:56:01.755384", "event": "append UM", "level": "info", "timestamp": "2025-04-07T16:56:16.788922Z"}
{"module": "Whipser ASR Module", "event": "process_update", "level": "info", "timestamp": "2025-04-07T16:56:16.789903Z"}
{"module": "Microphone Module", "iuid": "130353717613:4", "previous_iu": "130353717613:3", "grounded_in": null, "event": "create_iu", "level": "info", "timestamp": "2025-04-07T16:56:21.796160Z"}
{"module": "Microphone Module", "first_iuid": "130353717613:4", "first_iu_created_at": "2025-04-07T10:56:21.796160", "last_iuid": "130353717613:4", "last_iu_created_at": "2025-04-07T10:56:21.796160", "first_previous_iu_created_at": "2025-04-07T10:56:11.777970", "last_previous_iu_created_at": "2025-04-07T10:56:11.777970", "event": "append UM", "level": "info", "timestamp": "2025-04-07T16:56:26.807480Z"}
{"module": "Whipser ASR Module", "event": "process_update", "level": "info", "timestamp": "2025-04-07T16:56:26.807480Z"}
