{"event": "init file logger", "level": "info", "timestamp": "2025-04-07T06:01:39.056046Z"}
{"module": "Microphone Module", "event": "init", "level": "info", "timestamp": "2025-04-07T06:01:44.104468Z"}
{"module": "Whipser ASR Module", "event": "init", "level": "info", "timestamp": "2025-04-07T06:01:44.489644Z"}
{"module": "Debug Module", "event": "init", "level": "info", "timestamp": "2025-04-07T06:01:45.905227Z"}
{"module": "Microphone Module", "event": "setup", "level": "info", "timestamp": "2025-04-07T06:01:45.905227Z"}
{"module": "Microphone Module", "event": "prepare_run", "level": "info", "timestamp": "2025-04-07T06:01:51.033016Z"}
{"module": "Whipser ASR Module", "event": "setup", "level": "info", "timestamp": "2025-04-07T06:01:51.033016Z"}
{"module": "Debug Module", "event": "setup", "level": "info", "timestamp": "2025-04-07T06:01:56.063424Z"}
{"module": "Microphone Module", "iuid": "76468834163:0", "previous_iu": null, "grounded_in": null, "event": "create_iu", "level": "info", "timestamp": "2025-04-07T06:01:56.097307Z"}
{"module": "Debug Module", "event": "prepare_run", "level": "info", "timestamp": "2025-04-07T06:02:01.084469Z"}
{"module": "Microphone Module", "first_iuid": "76468834163:0", "first_iu_created_at": "2025-04-07T00:01:56.097307", "last_iuid": "76468834163:0", "last_iu_created_at": "2025-04-07T00:01:56.097307", "event": "append UM", "level": "info", "timestamp": "2025-04-07T06:02:01.110099Z"}
{"module": "Whipser ASR Module", "event": "process_update", "level": "info", "timestamp": "2025-04-07T06:02:01.111105Z"}
{"module": "Microphone Module", "iuid": "76468834163:1", "previous_iu": "76468834163:0", "grounded_in": null, "event": "create_iu", "level": "info", "timestamp": "2025-04-07T06:02:06.125101Z"}
{"module": "Microphone Module", "first_iuid": "76468834163:1", "first_iu_created_at": "2025-04-07T00:02:06.125101", "last_iuid": "76468834163:1", "last_iu_created_at": "2025-04-07T00:02:06.125101", "first_previous_iu_created_at": "2025-04-07T00:01:56.097307", "last_previous_iu_created_at": "2025-04-07T00:01:56.097307", "event": "append UM", "level": "info", "timestamp": "2025-04-07T06:02:11.131880Z"}
{"module": "Whipser ASR Module", "event": "process_update", "level": "info", "timestamp": "2025-04-07T06:02:11.131880Z"}
{"module": "Microphone Module", "iuid": "76468834163:2", "previous_iu": "76468834163:1", "grounded_in": null, "event": "create_iu", "level": "info", "timestamp": "2025-04-07T06:02:16.147671Z"}
{"module": "Microphone Module", "first_iuid": "76468834163:2", "first_iu_created_at": "2025-04-07T00:02:16.147671", "last_iuid": "76468834163:2", "last_iu_created_at": "2025-04-07T00:02:16.147671", "first_previous_iu_created_at": "2025-04-07T00:02:06.125101", "last_previous_iu_created_at": "2025-04-07T00:02:06.125101", "event": "append UM", "level": "info", "timestamp": "2025-04-07T06:02:21.158248Z"}
{"module": "Whipser ASR Module", "event": "process_update", "level": "info", "timestamp": "2025-04-07T06:02:21.158248Z"}
{"module": "Microphone Module", "iuid": "76468834163:3", "previous_iu": "76468834163:2", "grounded_in": null, "event": "create_iu", "level": "info", "timestamp": "2025-04-07T06:02:26.164377Z"}
{"module": "Microphone Module", "first_iuid": "76468834163:3", "first_iu_created_at": "2025-04-07T00:02:26.164377", "last_iuid": "76468834163:3", "last_iu_created_at": "2025-04-07T00:02:26.164377", "first_previous_iu_created_at": "2025-04-07T00:02:16.147671", "last_previous_iu_created_at": "2025-04-07T00:02:16.147671", "event": "append UM", "level": "info", "timestamp": "2025-04-07T06:02:31.172106Z"}
{"module": "Whipser ASR Module", "event": "process_update", "level": "info", "timestamp": "2025-04-07T06:02:31.172106Z"}
{"module": "Microphone Module", "iuid": "76468834163:4", "previous_iu": "76468834163:3", "grounded_in": null, "event": "create_iu", "level": "info", "timestamp": "2025-04-07T06:02:36.180273Z"}
{"module": "Microphone Module", "first_iuid": "76468834163:4", "first_iu_created_at": "2025-04-07T00:02:36.180273", "last_iuid": "76468834163:4", "last_iu_created_at": "2025-04-07T00:02:36.180273", "first_previous_iu_created_at": "2025-04-07T00:02:26.164377", "last_previous_iu_created_at": "2025-04-07T00:02:26.164377", "event": "append UM", "level": "info", "timestamp": "2025-04-07T06:02:41.195462Z"}
{"module": "Whipser ASR Module", "event": "process_update", "level": "info", "timestamp": "2025-04-07T06:02:41.195462Z"}
{"module": "Microphone Module", "iuid": "76468834163:5", "previous_iu": "76468834163:4", "grounded_in": null, "event": "create_iu", "level": "info", "timestamp": "2025-04-07T06:02:46.202434Z"}
