{"event": "init file logger", "level": "info", "timestamp": "2025-04-07T05:04:57.348204Z"}
{"module": "Microphone Module", "event": "init", "level": "info", "timestamp": "2025-04-07T05:05:02.365459Z"}
{"module": "Whipser ASR Module", "event": "init", "level": "info", "timestamp": "2025-04-07T05:05:02.703090Z"}
{"module": "Debug Module", "event": "init", "level": "info", "timestamp": "2025-04-07T05:05:04.336052Z"}
{"module": "Microphone Module", "event": "setup", "level": "info", "timestamp": "2025-04-07T05:05:04.336052Z"}
{"module": "Microphone Module", "event": "prepare_run", "level": "info", "timestamp": "2025-04-07T05:05:09.462485Z"}
{"module": "Whipser ASR Module", "event": "setup", "level": "info", "timestamp": "2025-04-07T05:05:09.462485Z"}
{"module": "Debug Module", "event": "setup", "level": "info", "timestamp": "2025-04-07T05:05:14.478217Z"}
{"module": "Microphone Module", "iuid": "174445063557:0", "previous_iu": null, "grounded_in": null, "event": "create_iu", "level": "info", "timestamp": "2025-04-07T05:05:14.524423Z"}
{"module": "Debug Module", "event": "prepare_run", "level": "info", "timestamp": "2025-04-07T05:05:19.482312Z"}
{"module": "Microphone Module", "first_iuid": "174445063557:0", "first_iu_created_at": "2025-04-06T23:05:14.524423", "last_iuid": "174445063557:0", "last_iu_created_at": "2025-04-06T23:05:14.524423", "event": "append UM", "level": "info", "timestamp": "2025-04-07T05:05:19.527415Z"}
{"module": "Whipser ASR Module", "event": "process_update", "level": "info", "timestamp": "2025-04-07T05:05:19.527415Z"}
{"module": "Microphone Module", "iuid": "174445063557:1", "previous_iu": "174445063557:0", "grounded_in": null, "event": "create_iu", "level": "info", "timestamp": "2025-04-07T05:05:24.545057Z"}
{"module": "Microphone Module", "first_iuid": "174445063557:1", "first_iu_created_at": "2025-04-06T23:05:24.545057", "last_iuid": "174445063557:1", "last_iu_created_at": "2025-04-06T23:05:24.545057", "first_previous_iu_created_at": "2025-04-06T23:05:14.524423", "last_previous_iu_created_at": "2025-04-06T23:05:14.524423", "event": "append UM", "level": "info", "timestamp": "2025-04-07T05:05:29.549585Z"}
{"module": "Whipser ASR Module", "event": "process_update", "level": "info", "timestamp": "2025-04-07T05:05:29.550584Z"}
{"module": "Microphone Module", "iuid": "174445063557:2", "previous_iu": "174445063557:1", "grounded_in": null, "event": "create_iu", "level": "info", "timestamp": "2025-04-07T05:05:34.563859Z"}
{"module": "Microphone Module", "first_iuid": "174445063557:2", "first_iu_created_at": "2025-04-06T23:05:34.563859", "last_iuid": "174445063557:2", "last_iu_created_at": "2025-04-06T23:05:34.563859", "first_previous_iu_created_at": "2025-04-06T23:05:24.545057", "last_previous_iu_created_at": "2025-04-06T23:05:24.545057", "event": "append UM", "level": "info", "timestamp": "2025-04-07T05:05:39.566999Z"}
{"module": "Whipser ASR Module", "event": "process_update", "level": "info", "timestamp": "2025-04-07T05:05:39.566999Z"}
{"module": "Microphone Module", "iuid": "174445063557:3", "previous_iu": "174445063557:2", "grounded_in": null, "event": "create_iu", "level": "info", "timestamp": "2025-04-07T05:05:44.582804Z"}
{"module": "Microphone Module", "first_iuid": "174445063557:3", "first_iu_created_at": "2025-04-06T23:05:44.582804", "last_iuid": "174445063557:3", "last_iu_created_at": "2025-04-06T23:05:44.582804", "first_previous_iu_created_at": "2025-04-06T23:05:34.563859", "last_previous_iu_created_at": "2025-04-06T23:05:34.563859", "event": "append UM", "level": "info", "timestamp": "2025-04-07T05:05:49.588282Z"}
{"module": "Whipser ASR Module", "event": "process_update", "level": "info", "timestamp": "2025-04-07T05:05:49.588282Z"}
{"module": "Microphone Module", "iuid": "174445063557:4", "previous_iu": "174445063557:3", "grounded_in": null, "event": "create_iu", "level": "info", "timestamp": "2025-04-07T05:05:54.597177Z"}
