{"event": "init file logger", "level": "info", "timestamp": "2025-04-06T21:50:29.040888Z"}
{"module": "Microphone Module", "event": "init", "level": "info", "timestamp": "2025-04-06T21:50:34.085848Z"}
{"module": "Whipser ASR Module", "event": "init", "level": "info", "timestamp": "2025-04-06T21:50:34.438053Z"}
{"module": "Debug Module", "event": "init", "level": "info", "timestamp": "2025-04-06T21:50:36.215094Z"}
{"module": "Microphone Module", "event": "setup", "level": "info", "timestamp": "2025-04-06T21:50:36.215094Z"}
{"module": "Microphone Module", "event": "prepare_run", "level": "info", "timestamp": "2025-04-06T21:50:41.334457Z"}
{"module": "Whipser ASR Module", "event": "setup", "level": "info", "timestamp": "2025-04-06T21:50:41.334457Z"}
{"module": "Debug Module", "event": "setup", "level": "info", "timestamp": "2025-04-06T21:50:46.350414Z"}
{"module": "Microphone Module", "iuid": "94671142262:0", "previous_iu": null, "grounded_in": null, "event": "create_iu", "level": "info", "timestamp": "2025-04-06T21:50:46.400329Z"}
{"module": "Debug Module", "event": "prepare_run", "level": "info", "timestamp": "2025-04-06T21:50:51.368293Z"}
{"module": "Microphone Module", "first_iuid": "94671142262:0", "first_iu_created_at": "2025-04-06T15:50:46.400329", "last_iuid": "94671142262:0", "last_iu_created_at": "2025-04-06T15:50:46.400329", "event": "append UM", "level": "info", "timestamp": "2025-04-06T21:50:51.414988Z"}
{"module": "Whipser ASR Module", "event": "process_update", "level": "info", "timestamp": "2025-04-06T21:50:51.414988Z"}
{"module": "Microphone Module", "iuid": "94671142262:1", "previous_iu": "94671142262:0", "grounded_in": null, "event": "create_iu", "level": "info", "timestamp": "2025-04-06T21:50:56.428431Z"}
{"module": "Microphone Module", "first_iuid": "94671142262:1", "first_iu_created_at": "2025-04-06T15:50:56.428431", "last_iuid": "94671142262:1", "last_iu_created_at": "2025-04-06T15:50:56.428431", "first_previous_iu_created_at": "2025-04-06T15:50:46.400329", "last_previous_iu_created_at": "2025-04-06T15:50:46.400329", "event": "append UM", "level": "info", "timestamp": "2025-04-06T21:51:01.446711Z"}
{"module": "Whipser ASR Module", "event": "process_update", "level": "info", "timestamp": "2025-04-06T21:51:01.446711Z"}
{"module": "Microphone Module", "iuid": "94671142262:2", "previous_iu": "94671142262:1", "grounded_in": null, "event": "create_iu", "level": "info", "timestamp": "2025-04-06T21:51:06.453088Z"}
{"module": "Microphone Module", "first_iuid": "94671142262:2", "first_iu_created_at": "2025-04-06T15:51:06.453088", "last_iuid": "94671142262:2", "last_iu_created_at": "2025-04-06T15:51:06.453088", "first_previous_iu_created_at": "2025-04-06T15:50:56.428431", "last_previous_iu_created_at": "2025-04-06T15:50:56.428431", "event": "append UM", "level": "info", "timestamp": "2025-04-06T21:51:11.455523Z"}
{"module": "Whipser ASR Module", "event": "process_update", "level": "info", "timestamp": "2025-04-06T21:51:11.455523Z"}
{"module": "Microphone Module", "iuid": "94671142262:3", "previous_iu": "94671142262:2", "grounded_in": null, "event": "create_iu", "level": "info", "timestamp": "2025-04-06T21:51:16.472370Z"}
{"module": "Microphone Module", "first_iuid": "94671142262:3", "first_iu_created_at": "2025-04-06T15:51:16.469332", "last_iuid": "94671142262:3", "last_iu_created_at": "2025-04-06T15:51:16.469332", "first_previous_iu_created_at": "2025-04-06T15:51:06.453088", "last_previous_iu_created_at": "2025-04-06T15:51:06.453088", "event": "append UM", "level": "info", "timestamp": "2025-04-06T21:51:21.476469Z"}
{"module": "Whipser ASR Module", "event": "process_update", "level": "info", "timestamp": "2025-04-06T21:51:21.476469Z"}
{"module": "Microphone Module", "iuid": "94671142262:4", "previous_iu": "94671142262:3", "grounded_in": null, "event": "create_iu", "level": "info", "timestamp": "2025-04-06T21:51:26.482232Z"}
{"module": "Microphone Module", "first_iuid": "94671142262:4", "first_iu_created_at": "2025-04-06T15:51:26.482232", "last_iuid": "94671142262:4", "last_iu_created_at": "2025-04-06T15:51:26.482232", "first_previous_iu_created_at": "2025-04-06T15:51:16.469332", "last_previous_iu_created_at": "2025-04-06T15:51:16.469332", "event": "append UM", "level": "info", "timestamp": "2025-04-06T21:51:31.483727Z"}
{"module": "Whipser ASR Module", "event": "process_update", "level": "info", "timestamp": "2025-04-06T21:51:31.483727Z"}
